[2023-07-22T05:54:16.668+0000] {taskinstance.py:1165} INFO - Dependencies all met for <TaskInstance: user_processing.is_api_available scheduled__2023-07-16T00:00:00+00:00 [queued]>
[2023-07-22T05:54:16.787+0000] {taskinstance.py:1165} INFO - Dependencies all met for <TaskInstance: user_processing.is_api_available scheduled__2023-07-16T00:00:00+00:00 [queued]>
[2023-07-22T05:54:16.790+0000] {taskinstance.py:1362} INFO - 
--------------------------------------------------------------------------------
[2023-07-22T05:54:16.793+0000] {taskinstance.py:1363} INFO - Starting attempt 1 of 1
[2023-07-22T05:54:16.798+0000] {taskinstance.py:1364} INFO - 
--------------------------------------------------------------------------------
[2023-07-22T05:54:16.873+0000] {taskinstance.py:1383} INFO - Executing <Task(HttpSensor): is_api_available> on 2023-07-16 00:00:00+00:00
[2023-07-22T05:54:17.054+0000] {standard_task_runner.py:55} INFO - Started process 5186 to run task
[2023-07-22T05:54:17.080+0000] {standard_task_runner.py:82} INFO - Running: ['***', 'tasks', 'run', 'user_processing', 'is_api_available', 'scheduled__2023-07-16T00:00:00+00:00', '--job-id', '51', '--raw', '--subdir', 'DAGS_FOLDER/user_processing.py', '--cfg-path', '/tmp/tmpusym85no']
[2023-07-22T05:54:17.126+0000] {standard_task_runner.py:83} INFO - Job 51: Subtask is_api_available
[2023-07-22T05:54:17.595+0000] {task_command.py:376} INFO - Running <TaskInstance: user_processing.is_api_available scheduled__2023-07-16T00:00:00+00:00 [running]> on host ef71d3f52879
[2023-07-22T05:54:17.886+0000] {taskinstance.py:1592} INFO - Exporting the following env vars:
AIRFLOW_CTX_DAG_OWNER=***
AIRFLOW_CTX_DAG_ID=user_processing
AIRFLOW_CTX_TASK_ID=is_api_available
AIRFLOW_CTX_EXECUTION_DATE=2023-07-16T00:00:00+00:00
AIRFLOW_CTX_TRY_NUMBER=1
AIRFLOW_CTX_DAG_RUN_ID=scheduled__2023-07-16T00:00:00+00:00
[2023-07-22T05:54:17.897+0000] {http.py:120} INFO - Poking: api/
[2023-07-22T05:54:17.962+0000] {base.py:71} INFO - Using connection ID 'user_api' for task execution.
[2023-07-22T05:54:17.986+0000] {http.py:148} INFO - Sending 'GET' to url: https://randomuser.me/api/
[2023-07-22T05:54:18.853+0000] {base.py:213} INFO - Success criteria met. Exiting.
[2023-07-22T05:54:18.871+0000] {taskinstance.py:1406} INFO - Marking task as SUCCESS. dag_id=user_processing, task_id=is_api_available, execution_date=20230716T000000, start_date=20230722T055416, end_date=20230722T055418
[2023-07-22T05:54:18.964+0000] {local_task_job.py:164} INFO - Task exited with return code 0
[2023-07-22T05:54:19.025+0000] {local_task_job.py:273} INFO - 1 downstream tasks scheduled from follow-on schedule check
[2023-07-22T05:56:58.205+0000] {taskinstance.py:1165} INFO - Dependencies all met for <TaskInstance: user_processing.is_api_available scheduled__2023-07-16T00:00:00+00:00 [queued]>
[2023-07-22T05:56:58.226+0000] {taskinstance.py:1165} INFO - Dependencies all met for <TaskInstance: user_processing.is_api_available scheduled__2023-07-16T00:00:00+00:00 [queued]>
[2023-07-22T05:56:58.232+0000] {taskinstance.py:1362} INFO - 
--------------------------------------------------------------------------------
[2023-07-22T05:56:58.234+0000] {taskinstance.py:1363} INFO - Starting attempt 1 of 1
[2023-07-22T05:56:58.234+0000] {taskinstance.py:1364} INFO - 
--------------------------------------------------------------------------------
[2023-07-22T05:56:58.313+0000] {taskinstance.py:1383} INFO - Executing <Task(HttpSensor): is_api_available> on 2023-07-16 00:00:00+00:00
[2023-07-22T05:56:58.391+0000] {standard_task_runner.py:55} INFO - Started process 5482 to run task
[2023-07-22T05:56:58.441+0000] {standard_task_runner.py:82} INFO - Running: ['***', 'tasks', 'run', 'user_processing', 'is_api_available', 'scheduled__2023-07-16T00:00:00+00:00', '--job-id', '109', '--raw', '--subdir', 'DAGS_FOLDER/user_processing.py', '--cfg-path', '/tmp/tmp2e8tc2we']
[2023-07-22T05:56:58.456+0000] {standard_task_runner.py:83} INFO - Job 109: Subtask is_api_available
[2023-07-22T05:56:58.742+0000] {task_command.py:376} INFO - Running <TaskInstance: user_processing.is_api_available scheduled__2023-07-16T00:00:00+00:00 [running]> on host ef71d3f52879
[2023-07-22T05:56:58.971+0000] {taskinstance.py:1592} INFO - Exporting the following env vars:
AIRFLOW_CTX_DAG_OWNER=***
AIRFLOW_CTX_DAG_ID=user_processing
AIRFLOW_CTX_TASK_ID=is_api_available
AIRFLOW_CTX_EXECUTION_DATE=2023-07-16T00:00:00+00:00
AIRFLOW_CTX_TRY_NUMBER=1
AIRFLOW_CTX_DAG_RUN_ID=scheduled__2023-07-16T00:00:00+00:00
[2023-07-22T05:56:58.972+0000] {http.py:120} INFO - Poking: api/
[2023-07-22T05:56:59.004+0000] {base.py:71} INFO - Using connection ID 'user_api' for task execution.
[2023-07-22T05:56:59.007+0000] {http.py:148} INFO - Sending 'GET' to url: https://randomuser.me/api/
[2023-07-22T05:56:59.724+0000] {base.py:213} INFO - Success criteria met. Exiting.
[2023-07-22T05:56:59.749+0000] {taskinstance.py:1406} INFO - Marking task as SUCCESS. dag_id=user_processing, task_id=is_api_available, execution_date=20230716T000000, start_date=20230722T055658, end_date=20230722T055659
[2023-07-22T05:56:59.816+0000] {local_task_job.py:164} INFO - Task exited with return code 0
[2023-07-22T05:56:59.923+0000] {local_task_job.py:273} INFO - 0 downstream tasks scheduled from follow-on schedule check
