[2023-07-22T05:54:34.745+0000] {taskinstance.py:1165} INFO - Dependencies all met for <TaskInstance: user_processing.store_user scheduled__2023-07-19T00:00:00+00:00 [queued]>
[2023-07-22T05:54:34.815+0000] {taskinstance.py:1165} INFO - Dependencies all met for <TaskInstance: user_processing.store_user scheduled__2023-07-19T00:00:00+00:00 [queued]>
[2023-07-22T05:54:34.818+0000] {taskinstance.py:1362} INFO - 
--------------------------------------------------------------------------------
[2023-07-22T05:54:34.821+0000] {taskinstance.py:1363} INFO - Starting attempt 1 of 1
[2023-07-22T05:54:34.823+0000] {taskinstance.py:1364} INFO - 
--------------------------------------------------------------------------------
[2023-07-22T05:54:34.842+0000] {taskinstance.py:1383} INFO - Executing <Task(PythonOperator): store_user> on 2023-07-19 00:00:00+00:00
[2023-07-22T05:54:34.849+0000] {standard_task_runner.py:55} INFO - Started process 5300 to run task
[2023-07-22T05:54:34.876+0000] {standard_task_runner.py:82} INFO - Running: ['***', 'tasks', 'run', 'user_processing', 'store_user', 'scheduled__2023-07-19T00:00:00+00:00', '--job-id', '88', '--raw', '--subdir', 'DAGS_FOLDER/user_processing.py', '--cfg-path', '/tmp/tmp_b56gf80']
[2023-07-22T05:54:34.879+0000] {standard_task_runner.py:83} INFO - Job 88: Subtask store_user
[2023-07-22T05:54:35.101+0000] {task_command.py:376} INFO - Running <TaskInstance: user_processing.store_user scheduled__2023-07-19T00:00:00+00:00 [running]> on host ef71d3f52879
[2023-07-22T05:54:35.322+0000] {taskinstance.py:1592} INFO - Exporting the following env vars:
AIRFLOW_CTX_DAG_OWNER=***
AIRFLOW_CTX_DAG_ID=user_processing
AIRFLOW_CTX_TASK_ID=store_user
AIRFLOW_CTX_EXECUTION_DATE=2023-07-19T00:00:00+00:00
AIRFLOW_CTX_TRY_NUMBER=1
AIRFLOW_CTX_DAG_RUN_ID=scheduled__2023-07-19T00:00:00+00:00
[2023-07-22T05:54:35.330+0000] {postgres.py:129} INFO - Running copy expert: COPY users FROM stdin WITH DELIMITER as ',', filename: /tmp/processed_user.csv
[2023-07-22T05:54:35.359+0000] {base.py:71} INFO - Using connection ID 'postgres' for task execution.
[2023-07-22T05:54:35.408+0000] {python.py:177} INFO - Done. Returned value was: None
[2023-07-22T05:54:35.442+0000] {taskinstance.py:1406} INFO - Marking task as SUCCESS. dag_id=user_processing, task_id=store_user, execution_date=20230719T000000, start_date=20230722T055434, end_date=20230722T055435
[2023-07-22T05:54:35.563+0000] {local_task_job.py:164} INFO - Task exited with return code 0
[2023-07-22T05:54:35.620+0000] {local_task_job.py:273} INFO - 0 downstream tasks scheduled from follow-on schedule check
[2023-07-22T05:57:13.513+0000] {taskinstance.py:1165} INFO - Dependencies all met for <TaskInstance: user_processing.store_user scheduled__2023-07-19T00:00:00+00:00 [queued]>
[2023-07-22T05:57:13.541+0000] {taskinstance.py:1165} INFO - Dependencies all met for <TaskInstance: user_processing.store_user scheduled__2023-07-19T00:00:00+00:00 [queued]>
[2023-07-22T05:57:13.542+0000] {taskinstance.py:1362} INFO - 
--------------------------------------------------------------------------------
[2023-07-22T05:57:13.542+0000] {taskinstance.py:1363} INFO - Starting attempt 1 of 1
[2023-07-22T05:57:13.542+0000] {taskinstance.py:1364} INFO - 
--------------------------------------------------------------------------------
[2023-07-22T05:57:13.736+0000] {taskinstance.py:1383} INFO - Executing <Task(PythonOperator): store_user> on 2023-07-19 00:00:00+00:00
[2023-07-22T05:57:13.811+0000] {standard_task_runner.py:55} INFO - Started process 5603 to run task
[2023-07-22T05:57:13.876+0000] {standard_task_runner.py:82} INFO - Running: ['***', 'tasks', 'run', 'user_processing', 'store_user', 'scheduled__2023-07-19T00:00:00+00:00', '--job-id', '149', '--raw', '--subdir', 'DAGS_FOLDER/user_processing.py', '--cfg-path', '/tmp/tmpd5b_usto']
[2023-07-22T05:57:13.896+0000] {standard_task_runner.py:83} INFO - Job 149: Subtask store_user
[2023-07-22T05:57:14.346+0000] {task_command.py:376} INFO - Running <TaskInstance: user_processing.store_user scheduled__2023-07-19T00:00:00+00:00 [running]> on host ef71d3f52879
[2023-07-22T05:57:14.606+0000] {taskinstance.py:1592} INFO - Exporting the following env vars:
AIRFLOW_CTX_DAG_OWNER=***
AIRFLOW_CTX_DAG_ID=user_processing
AIRFLOW_CTX_TASK_ID=store_user
AIRFLOW_CTX_EXECUTION_DATE=2023-07-19T00:00:00+00:00
AIRFLOW_CTX_TRY_NUMBER=1
AIRFLOW_CTX_DAG_RUN_ID=scheduled__2023-07-19T00:00:00+00:00
[2023-07-22T05:57:14.608+0000] {postgres.py:129} INFO - Running copy expert: COPY users FROM stdin WITH DELIMITER as ',', filename: /tmp/processed_user.csv
[2023-07-22T05:57:14.641+0000] {base.py:71} INFO - Using connection ID 'postgres' for task execution.
[2023-07-22T05:57:14.682+0000] {python.py:177} INFO - Done. Returned value was: None
[2023-07-22T05:57:14.718+0000] {taskinstance.py:1406} INFO - Marking task as SUCCESS. dag_id=user_processing, task_id=store_user, execution_date=20230719T000000, start_date=20230722T055713, end_date=20230722T055714
[2023-07-22T05:57:14.818+0000] {local_task_job.py:164} INFO - Task exited with return code 0
[2023-07-22T05:57:14.943+0000] {local_task_job.py:273} INFO - 0 downstream tasks scheduled from follow-on schedule check
