[2023-07-22T10:07:04.585+0000] {taskinstance.py:1165} INFO - Dependencies all met for <TaskInstance: group_dag.transform_c manual__2023-07-22T10:05:49.497899+00:00 [queued]>
[2023-07-22T10:07:04.596+0000] {taskinstance.py:1165} INFO - Dependencies all met for <TaskInstance: group_dag.transform_c manual__2023-07-22T10:05:49.497899+00:00 [queued]>
[2023-07-22T10:07:04.597+0000] {taskinstance.py:1362} INFO - 
--------------------------------------------------------------------------------
[2023-07-22T10:07:04.597+0000] {taskinstance.py:1363} INFO - Starting attempt 1 of 1
[2023-07-22T10:07:04.597+0000] {taskinstance.py:1364} INFO - 
--------------------------------------------------------------------------------
[2023-07-22T10:07:04.613+0000] {taskinstance.py:1383} INFO - Executing <Task(BashOperator): transform_c> on 2023-07-22 10:05:49.497899+00:00
[2023-07-22T10:07:04.618+0000] {standard_task_runner.py:55} INFO - Started process 13567 to run task
[2023-07-22T10:07:04.624+0000] {standard_task_runner.py:82} INFO - Running: ['***', 'tasks', 'run', 'group_dag', 'transform_c', 'manual__2023-07-22T10:05:49.497899+00:00', '--job-id', '166', '--raw', '--subdir', 'DAGS_FOLDER/group_dag.py', '--cfg-path', '/tmp/tmpm4y8qj3q']
[2023-07-22T10:07:04.629+0000] {standard_task_runner.py:83} INFO - Job 166: Subtask transform_c
[2023-07-22T10:07:04.761+0000] {task_command.py:376} INFO - Running <TaskInstance: group_dag.transform_c manual__2023-07-22T10:05:49.497899+00:00 [running]> on host ef71d3f52879
[2023-07-22T10:07:04.868+0000] {taskinstance.py:1592} INFO - Exporting the following env vars:
AIRFLOW_CTX_DAG_OWNER=***
AIRFLOW_CTX_DAG_ID=group_dag
AIRFLOW_CTX_TASK_ID=transform_c
AIRFLOW_CTX_EXECUTION_DATE=2023-07-22T10:05:49.497899+00:00
AIRFLOW_CTX_TRY_NUMBER=1
AIRFLOW_CTX_DAG_RUN_ID=manual__2023-07-22T10:05:49.497899+00:00
[2023-07-22T10:07:04.869+0000] {subprocess.py:63} INFO - Tmp dir root location: 
 /tmp
[2023-07-22T10:07:04.870+0000] {subprocess.py:75} INFO - Running command: ['/bin/bash', '-c', 'sleep 10']
[2023-07-22T10:07:04.883+0000] {subprocess.py:86} INFO - Output:
[2023-07-22T10:07:14.890+0000] {subprocess.py:97} INFO - Command exited with return code 0
[2023-07-22T10:07:14.998+0000] {taskinstance.py:1406} INFO - Marking task as SUCCESS. dag_id=group_dag, task_id=transform_c, execution_date=20230722T100549, start_date=20230722T100704, end_date=20230722T100714
[2023-07-22T10:07:15.047+0000] {local_task_job.py:164} INFO - Task exited with return code 0
[2023-07-22T10:07:15.095+0000] {local_task_job.py:273} INFO - 0 downstream tasks scheduled from follow-on schedule check
