[2023-07-22T05:54:33.172+0000] {taskinstance.py:1165} INFO - Dependencies all met for <TaskInstance: user_processing.process_user scheduled__2023-07-21T00:00:00+00:00 [queued]>
[2023-07-22T05:54:33.231+0000] {taskinstance.py:1165} INFO - Dependencies all met for <TaskInstance: user_processing.process_user scheduled__2023-07-21T00:00:00+00:00 [queued]>
[2023-07-22T05:54:33.231+0000] {taskinstance.py:1362} INFO - 
--------------------------------------------------------------------------------
[2023-07-22T05:54:33.234+0000] {taskinstance.py:1363} INFO - Starting attempt 1 of 1
[2023-07-22T05:54:33.235+0000] {taskinstance.py:1364} INFO - 
--------------------------------------------------------------------------------
[2023-07-22T05:54:33.346+0000] {taskinstance.py:1383} INFO - Executing <Task(PythonOperator): process_user> on 2023-07-21 00:00:00+00:00
[2023-07-22T05:54:33.383+0000] {standard_task_runner.py:55} INFO - Started process 5293 to run task
[2023-07-22T05:54:33.437+0000] {standard_task_runner.py:82} INFO - Running: ['***', 'tasks', 'run', 'user_processing', 'process_user', 'scheduled__2023-07-21T00:00:00+00:00', '--job-id', '81', '--raw', '--subdir', 'DAGS_FOLDER/user_processing.py', '--cfg-path', '/tmp/tmpm23cqq07']
[2023-07-22T05:54:33.464+0000] {standard_task_runner.py:83} INFO - Job 81: Subtask process_user
[2023-07-22T05:54:33.765+0000] {task_command.py:376} INFO - Running <TaskInstance: user_processing.process_user scheduled__2023-07-21T00:00:00+00:00 [running]> on host ef71d3f52879
[2023-07-22T05:54:34.197+0000] {taskinstance.py:1592} INFO - Exporting the following env vars:
AIRFLOW_CTX_DAG_OWNER=***
AIRFLOW_CTX_DAG_ID=user_processing
AIRFLOW_CTX_TASK_ID=process_user
AIRFLOW_CTX_EXECUTION_DATE=2023-07-21T00:00:00+00:00
AIRFLOW_CTX_TRY_NUMBER=1
AIRFLOW_CTX_DAG_RUN_ID=scheduled__2023-07-21T00:00:00+00:00
[2023-07-22T05:54:34.322+0000] {python.py:177} INFO - Done. Returned value was: None
[2023-07-22T05:54:34.375+0000] {taskinstance.py:1406} INFO - Marking task as SUCCESS. dag_id=user_processing, task_id=process_user, execution_date=20230721T000000, start_date=20230722T055433, end_date=20230722T055434
[2023-07-22T05:54:34.513+0000] {local_task_job.py:164} INFO - Task exited with return code 0
[2023-07-22T05:54:34.639+0000] {local_task_job.py:273} INFO - 1 downstream tasks scheduled from follow-on schedule check
[2023-07-22T05:57:09.017+0000] {taskinstance.py:1165} INFO - Dependencies all met for <TaskInstance: user_processing.process_user scheduled__2023-07-21T00:00:00+00:00 [queued]>
[2023-07-22T05:57:09.054+0000] {taskinstance.py:1165} INFO - Dependencies all met for <TaskInstance: user_processing.process_user scheduled__2023-07-21T00:00:00+00:00 [queued]>
[2023-07-22T05:57:09.058+0000] {taskinstance.py:1362} INFO - 
--------------------------------------------------------------------------------
[2023-07-22T05:57:09.058+0000] {taskinstance.py:1363} INFO - Starting attempt 1 of 1
[2023-07-22T05:57:09.065+0000] {taskinstance.py:1364} INFO - 
--------------------------------------------------------------------------------
[2023-07-22T05:57:09.121+0000] {taskinstance.py:1383} INFO - Executing <Task(PythonOperator): process_user> on 2023-07-21 00:00:00+00:00
[2023-07-22T05:57:09.178+0000] {standard_task_runner.py:55} INFO - Started process 5568 to run task
[2023-07-22T05:57:09.340+0000] {standard_task_runner.py:82} INFO - Running: ['***', 'tasks', 'run', 'user_processing', 'process_user', 'scheduled__2023-07-21T00:00:00+00:00', '--job-id', '136', '--raw', '--subdir', 'DAGS_FOLDER/user_processing.py', '--cfg-path', '/tmp/tmpmj9ax82w']
[2023-07-22T05:57:09.369+0000] {standard_task_runner.py:83} INFO - Job 136: Subtask process_user
[2023-07-22T05:57:09.672+0000] {task_command.py:376} INFO - Running <TaskInstance: user_processing.process_user scheduled__2023-07-21T00:00:00+00:00 [running]> on host ef71d3f52879
[2023-07-22T05:57:09.889+0000] {taskinstance.py:1592} INFO - Exporting the following env vars:
AIRFLOW_CTX_DAG_OWNER=***
AIRFLOW_CTX_DAG_ID=user_processing
AIRFLOW_CTX_TASK_ID=process_user
AIRFLOW_CTX_EXECUTION_DATE=2023-07-21T00:00:00+00:00
AIRFLOW_CTX_TRY_NUMBER=1
AIRFLOW_CTX_DAG_RUN_ID=scheduled__2023-07-21T00:00:00+00:00
[2023-07-22T05:57:09.952+0000] {python.py:177} INFO - Done. Returned value was: None
[2023-07-22T05:57:09.994+0000] {taskinstance.py:1406} INFO - Marking task as SUCCESS. dag_id=user_processing, task_id=process_user, execution_date=20230721T000000, start_date=20230722T055709, end_date=20230722T055709
[2023-07-22T05:57:10.106+0000] {local_task_job.py:164} INFO - Task exited with return code 0
[2023-07-22T05:57:10.195+0000] {local_task_job.py:273} INFO - 1 downstream tasks scheduled from follow-on schedule check
