[2023-07-22T05:24:06.824+0000] {taskinstance.py:1165} INFO - Dependencies all met for <TaskInstance: user_processing.process_user scheduled__2023-07-22T05:21:00+00:00 [queued]>
[2023-07-22T05:24:06.831+0000] {taskinstance.py:1165} INFO - Dependencies all met for <TaskInstance: user_processing.process_user scheduled__2023-07-22T05:21:00+00:00 [queued]>
[2023-07-22T05:24:06.832+0000] {taskinstance.py:1362} INFO - 
--------------------------------------------------------------------------------
[2023-07-22T05:24:06.832+0000] {taskinstance.py:1363} INFO - Starting attempt 1 of 1
[2023-07-22T05:24:06.832+0000] {taskinstance.py:1364} INFO - 
--------------------------------------------------------------------------------
[2023-07-22T05:24:06.841+0000] {taskinstance.py:1383} INFO - Executing <Task(PythonOperator): process_user> on 2023-07-22 05:21:00+00:00
[2023-07-22T05:24:06.846+0000] {standard_task_runner.py:55} INFO - Started process 3602 to run task
[2023-07-22T05:24:06.849+0000] {standard_task_runner.py:82} INFO - Running: ['***', 'tasks', 'run', 'user_processing', 'process_user', 'scheduled__2023-07-22T05:21:00+00:00', '--job-id', '17', '--raw', '--subdir', 'DAGS_FOLDER/user_processing.py', '--cfg-path', '/tmp/tmpqlf7f87f']
[2023-07-22T05:24:06.851+0000] {standard_task_runner.py:83} INFO - Job 17: Subtask process_user
[2023-07-22T05:24:06.913+0000] {task_command.py:376} INFO - Running <TaskInstance: user_processing.process_user scheduled__2023-07-22T05:21:00+00:00 [running]> on host ef71d3f52879
[2023-07-22T05:24:06.972+0000] {taskinstance.py:1592} INFO - Exporting the following env vars:
AIRFLOW_CTX_DAG_OWNER=***
AIRFLOW_CTX_DAG_ID=user_processing
AIRFLOW_CTX_TASK_ID=process_user
AIRFLOW_CTX_EXECUTION_DATE=2023-07-22T05:21:00+00:00
AIRFLOW_CTX_TRY_NUMBER=1
AIRFLOW_CTX_DAG_RUN_ID=scheduled__2023-07-22T05:21:00+00:00
[2023-07-22T05:24:06.989+0000] {python.py:177} INFO - Done. Returned value was: None
[2023-07-22T05:24:06.998+0000] {taskinstance.py:1406} INFO - Marking task as SUCCESS. dag_id=user_processing, task_id=process_user, execution_date=20230722T052100, start_date=20230722T052406, end_date=20230722T052406
[2023-07-22T05:24:07.021+0000] {local_task_job.py:164} INFO - Task exited with return code 0
[2023-07-22T05:24:07.042+0000] {local_task_job.py:273} INFO - 1 downstream tasks scheduled from follow-on schedule check
