[2023-07-23T06:19:07.596+0000] {taskinstance.py:1165} INFO - Dependencies all met for <TaskInstance: xcom_dag.t2 manual__2023-07-23T06:19:04.861556+00:00 [queued]>
[2023-07-23T06:19:07.609+0000] {taskinstance.py:1165} INFO - Dependencies all met for <TaskInstance: xcom_dag.t2 manual__2023-07-23T06:19:04.861556+00:00 [queued]>
[2023-07-23T06:19:07.609+0000] {taskinstance.py:1362} INFO - 
--------------------------------------------------------------------------------
[2023-07-23T06:19:07.609+0000] {taskinstance.py:1363} INFO - Starting attempt 1 of 1
[2023-07-23T06:19:07.610+0000] {taskinstance.py:1364} INFO - 
--------------------------------------------------------------------------------
[2023-07-23T06:19:07.627+0000] {taskinstance.py:1383} INFO - Executing <Task(PythonOperator): t2> on 2023-07-23 06:19:04.861556+00:00
[2023-07-23T06:19:07.632+0000] {standard_task_runner.py:55} INFO - Started process 29859 to run task
[2023-07-23T06:19:07.638+0000] {standard_task_runner.py:82} INFO - Running: ['***', 'tasks', 'run', 'xcom_dag', 't2', 'manual__2023-07-23T06:19:04.861556+00:00', '--job-id', '193', '--raw', '--subdir', 'DAGS_FOLDER/xcom_dag.py', '--cfg-path', '/tmp/tmpa83uqq01']
[2023-07-23T06:19:07.639+0000] {standard_task_runner.py:83} INFO - Job 193: Subtask t2
[2023-07-23T06:19:07.711+0000] {task_command.py:376} INFO - Running <TaskInstance: xcom_dag.t2 manual__2023-07-23T06:19:04.861556+00:00 [running]> on host ef71d3f52879
[2023-07-23T06:19:07.774+0000] {taskinstance.py:1592} INFO - Exporting the following env vars:
AIRFLOW_CTX_DAG_OWNER=***
AIRFLOW_CTX_DAG_ID=xcom_dag
AIRFLOW_CTX_TASK_ID=t2
AIRFLOW_CTX_EXECUTION_DATE=2023-07-23T06:19:04.861556+00:00
AIRFLOW_CTX_TRY_NUMBER=1
AIRFLOW_CTX_DAG_RUN_ID=manual__2023-07-23T06:19:04.861556+00:00
[2023-07-23T06:19:07.783+0000] {python.py:177} INFO - Done. Returned value was: None
[2023-07-23T06:19:07.794+0000] {taskinstance.py:1406} INFO - Marking task as SUCCESS. dag_id=xcom_dag, task_id=t2, execution_date=20230723T061904, start_date=20230723T061907, end_date=20230723T061907
[2023-07-23T06:19:07.847+0000] {local_task_job.py:164} INFO - Task exited with return code 0
[2023-07-23T06:19:07.869+0000] {local_task_job.py:273} INFO - 1 downstream tasks scheduled from follow-on schedule check
