[2023-07-22T05:54:36.354+0000] {taskinstance.py:1165} INFO - Dependencies all met for <TaskInstance: user_processing.store_user scheduled__2023-07-17T00:00:00+00:00 [queued]>
[2023-07-22T05:54:36.361+0000] {taskinstance.py:1165} INFO - Dependencies all met for <TaskInstance: user_processing.store_user scheduled__2023-07-17T00:00:00+00:00 [queued]>
[2023-07-22T05:54:36.362+0000] {taskinstance.py:1362} INFO - 
--------------------------------------------------------------------------------
[2023-07-22T05:54:36.362+0000] {taskinstance.py:1363} INFO - Starting attempt 1 of 1
[2023-07-22T05:54:36.363+0000] {taskinstance.py:1364} INFO - 
--------------------------------------------------------------------------------
[2023-07-22T05:54:36.375+0000] {taskinstance.py:1383} INFO - Executing <Task(PythonOperator): store_user> on 2023-07-17 00:00:00+00:00
[2023-07-22T05:54:36.381+0000] {standard_task_runner.py:55} INFO - Started process 5311 to run task
[2023-07-22T05:54:36.386+0000] {standard_task_runner.py:82} INFO - Running: ['***', 'tasks', 'run', 'user_processing', 'store_user', 'scheduled__2023-07-17T00:00:00+00:00', '--job-id', '93', '--raw', '--subdir', 'DAGS_FOLDER/user_processing.py', '--cfg-path', '/tmp/tmpqi0xzto4']
[2023-07-22T05:54:36.389+0000] {standard_task_runner.py:83} INFO - Job 93: Subtask store_user
[2023-07-22T05:54:36.462+0000] {task_command.py:376} INFO - Running <TaskInstance: user_processing.store_user scheduled__2023-07-17T00:00:00+00:00 [running]> on host ef71d3f52879
[2023-07-22T05:54:36.545+0000] {taskinstance.py:1592} INFO - Exporting the following env vars:
AIRFLOW_CTX_DAG_OWNER=***
AIRFLOW_CTX_DAG_ID=user_processing
AIRFLOW_CTX_TASK_ID=store_user
AIRFLOW_CTX_EXECUTION_DATE=2023-07-17T00:00:00+00:00
AIRFLOW_CTX_TRY_NUMBER=1
AIRFLOW_CTX_DAG_RUN_ID=scheduled__2023-07-17T00:00:00+00:00
[2023-07-22T05:54:36.546+0000] {postgres.py:129} INFO - Running copy expert: COPY users FROM stdin WITH DELIMITER as ',', filename: /tmp/processed_user.csv
[2023-07-22T05:54:36.557+0000] {base.py:71} INFO - Using connection ID 'postgres' for task execution.
[2023-07-22T05:54:36.565+0000] {python.py:177} INFO - Done. Returned value was: None
[2023-07-22T05:54:36.580+0000] {taskinstance.py:1406} INFO - Marking task as SUCCESS. dag_id=user_processing, task_id=store_user, execution_date=20230717T000000, start_date=20230722T055436, end_date=20230722T055436
[2023-07-22T05:54:36.639+0000] {local_task_job.py:164} INFO - Task exited with return code 0
[2023-07-22T05:54:36.658+0000] {local_task_job.py:273} INFO - 0 downstream tasks scheduled from follow-on schedule check
[2023-07-22T05:57:13.150+0000] {taskinstance.py:1165} INFO - Dependencies all met for <TaskInstance: user_processing.store_user scheduled__2023-07-17T00:00:00+00:00 [queued]>
[2023-07-22T05:57:13.238+0000] {taskinstance.py:1165} INFO - Dependencies all met for <TaskInstance: user_processing.store_user scheduled__2023-07-17T00:00:00+00:00 [queued]>
[2023-07-22T05:57:13.248+0000] {taskinstance.py:1362} INFO - 
--------------------------------------------------------------------------------
[2023-07-22T05:57:13.249+0000] {taskinstance.py:1363} INFO - Starting attempt 1 of 1
[2023-07-22T05:57:13.249+0000] {taskinstance.py:1364} INFO - 
--------------------------------------------------------------------------------
[2023-07-22T05:57:13.340+0000] {taskinstance.py:1383} INFO - Executing <Task(PythonOperator): store_user> on 2023-07-17 00:00:00+00:00
[2023-07-22T05:57:13.365+0000] {standard_task_runner.py:55} INFO - Started process 5598 to run task
[2023-07-22T05:57:13.458+0000] {standard_task_runner.py:82} INFO - Running: ['***', 'tasks', 'run', 'user_processing', 'store_user', 'scheduled__2023-07-17T00:00:00+00:00', '--job-id', '145', '--raw', '--subdir', 'DAGS_FOLDER/user_processing.py', '--cfg-path', '/tmp/tmp__ee43xp']
[2023-07-22T05:57:13.488+0000] {standard_task_runner.py:83} INFO - Job 145: Subtask store_user
[2023-07-22T05:57:13.850+0000] {task_command.py:376} INFO - Running <TaskInstance: user_processing.store_user scheduled__2023-07-17T00:00:00+00:00 [running]> on host ef71d3f52879
[2023-07-22T05:57:14.238+0000] {taskinstance.py:1592} INFO - Exporting the following env vars:
AIRFLOW_CTX_DAG_OWNER=***
AIRFLOW_CTX_DAG_ID=user_processing
AIRFLOW_CTX_TASK_ID=store_user
AIRFLOW_CTX_EXECUTION_DATE=2023-07-17T00:00:00+00:00
AIRFLOW_CTX_TRY_NUMBER=1
AIRFLOW_CTX_DAG_RUN_ID=scheduled__2023-07-17T00:00:00+00:00
[2023-07-22T05:57:14.241+0000] {postgres.py:129} INFO - Running copy expert: COPY users FROM stdin WITH DELIMITER as ',', filename: /tmp/processed_user.csv
[2023-07-22T05:57:14.319+0000] {base.py:71} INFO - Using connection ID 'postgres' for task execution.
[2023-07-22T05:57:14.383+0000] {python.py:177} INFO - Done. Returned value was: None
[2023-07-22T05:57:14.429+0000] {taskinstance.py:1406} INFO - Marking task as SUCCESS. dag_id=user_processing, task_id=store_user, execution_date=20230717T000000, start_date=20230722T055713, end_date=20230722T055714
[2023-07-22T05:57:14.535+0000] {local_task_job.py:164} INFO - Task exited with return code 0
[2023-07-22T05:57:14.633+0000] {local_task_job.py:273} INFO - 0 downstream tasks scheduled from follow-on schedule check
