[2023-07-22T05:54:23.983+0000] {taskinstance.py:1165} INFO - Dependencies all met for <TaskInstance: user_processing.extract_user scheduled__2023-07-16T00:00:00+00:00 [queued]>
[2023-07-22T05:54:24.080+0000] {taskinstance.py:1165} INFO - Dependencies all met for <TaskInstance: user_processing.extract_user scheduled__2023-07-16T00:00:00+00:00 [queued]>
[2023-07-22T05:54:24.083+0000] {taskinstance.py:1362} INFO - 
--------------------------------------------------------------------------------
[2023-07-22T05:54:24.093+0000] {taskinstance.py:1363} INFO - Starting attempt 1 of 1
[2023-07-22T05:54:24.094+0000] {taskinstance.py:1364} INFO - 
--------------------------------------------------------------------------------
[2023-07-22T05:54:24.141+0000] {taskinstance.py:1383} INFO - Executing <Task(SimpleHttpOperator): extract_user> on 2023-07-16 00:00:00+00:00
[2023-07-22T05:54:24.186+0000] {standard_task_runner.py:55} INFO - Started process 5229 to run task
[2023-07-22T05:54:24.218+0000] {standard_task_runner.py:82} INFO - Running: ['***', 'tasks', 'run', 'user_processing', 'extract_user', 'scheduled__2023-07-16T00:00:00+00:00', '--job-id', '65', '--raw', '--subdir', 'DAGS_FOLDER/user_processing.py', '--cfg-path', '/tmp/tmp9vd11s7i']
[2023-07-22T05:54:24.230+0000] {standard_task_runner.py:83} INFO - Job 65: Subtask extract_user
[2023-07-22T05:54:24.483+0000] {task_command.py:376} INFO - Running <TaskInstance: user_processing.extract_user scheduled__2023-07-16T00:00:00+00:00 [running]> on host ef71d3f52879
[2023-07-22T05:54:24.710+0000] {taskinstance.py:1592} INFO - Exporting the following env vars:
AIRFLOW_CTX_DAG_OWNER=***
AIRFLOW_CTX_DAG_ID=user_processing
AIRFLOW_CTX_TASK_ID=extract_user
AIRFLOW_CTX_EXECUTION_DATE=2023-07-16T00:00:00+00:00
AIRFLOW_CTX_TRY_NUMBER=1
AIRFLOW_CTX_DAG_RUN_ID=scheduled__2023-07-16T00:00:00+00:00
[2023-07-22T05:54:24.716+0000] {http.py:121} INFO - Calling HTTP method
[2023-07-22T05:54:24.736+0000] {base.py:71} INFO - Using connection ID 'user_api' for task execution.
[2023-07-22T05:54:24.748+0000] {http.py:148} INFO - Sending 'GET' to url: https://randomuser.me/api/
[2023-07-22T05:54:25.619+0000] {taskinstance.py:1406} INFO - Marking task as SUCCESS. dag_id=user_processing, task_id=extract_user, execution_date=20230716T000000, start_date=20230722T055424, end_date=20230722T055425
[2023-07-22T05:54:25.787+0000] {local_task_job.py:164} INFO - Task exited with return code 0
[2023-07-22T05:54:26.324+0000] {local_task_job.py:273} INFO - 0 downstream tasks scheduled from follow-on schedule check
[2023-07-22T05:57:03.358+0000] {taskinstance.py:1165} INFO - Dependencies all met for <TaskInstance: user_processing.extract_user scheduled__2023-07-16T00:00:00+00:00 [queued]>
[2023-07-22T05:57:03.385+0000] {taskinstance.py:1165} INFO - Dependencies all met for <TaskInstance: user_processing.extract_user scheduled__2023-07-16T00:00:00+00:00 [queued]>
[2023-07-22T05:57:03.387+0000] {taskinstance.py:1362} INFO - 
--------------------------------------------------------------------------------
[2023-07-22T05:57:03.388+0000] {taskinstance.py:1363} INFO - Starting attempt 1 of 1
[2023-07-22T05:57:03.393+0000] {taskinstance.py:1364} INFO - 
--------------------------------------------------------------------------------
[2023-07-22T05:57:03.425+0000] {taskinstance.py:1383} INFO - Executing <Task(SimpleHttpOperator): extract_user> on 2023-07-16 00:00:00+00:00
[2023-07-22T05:57:03.438+0000] {standard_task_runner.py:55} INFO - Started process 5518 to run task
[2023-07-22T05:57:03.507+0000] {standard_task_runner.py:82} INFO - Running: ['***', 'tasks', 'run', 'user_processing', 'extract_user', 'scheduled__2023-07-16T00:00:00+00:00', '--job-id', '121', '--raw', '--subdir', 'DAGS_FOLDER/user_processing.py', '--cfg-path', '/tmp/tmpvrc09z5t']
[2023-07-22T05:57:03.561+0000] {standard_task_runner.py:83} INFO - Job 121: Subtask extract_user
[2023-07-22T05:57:03.697+0000] {task_command.py:376} INFO - Running <TaskInstance: user_processing.extract_user scheduled__2023-07-16T00:00:00+00:00 [running]> on host ef71d3f52879
[2023-07-22T05:57:03.830+0000] {taskinstance.py:1592} INFO - Exporting the following env vars:
AIRFLOW_CTX_DAG_OWNER=***
AIRFLOW_CTX_DAG_ID=user_processing
AIRFLOW_CTX_TASK_ID=extract_user
AIRFLOW_CTX_EXECUTION_DATE=2023-07-16T00:00:00+00:00
AIRFLOW_CTX_TRY_NUMBER=1
AIRFLOW_CTX_DAG_RUN_ID=scheduled__2023-07-16T00:00:00+00:00
[2023-07-22T05:57:03.836+0000] {http.py:121} INFO - Calling HTTP method
[2023-07-22T05:57:03.892+0000] {base.py:71} INFO - Using connection ID 'user_api' for task execution.
[2023-07-22T05:57:03.898+0000] {http.py:148} INFO - Sending 'GET' to url: https://randomuser.me/api/
[2023-07-22T05:57:04.636+0000] {taskinstance.py:1406} INFO - Marking task as SUCCESS. dag_id=user_processing, task_id=extract_user, execution_date=20230716T000000, start_date=20230722T055703, end_date=20230722T055704
[2023-07-22T05:57:04.712+0000] {local_task_job.py:164} INFO - Task exited with return code 0
[2023-07-22T05:57:04.748+0000] {local_task_job.py:273} INFO - 1 downstream tasks scheduled from follow-on schedule check
