[2023-07-22T05:54:30.844+0000] {taskinstance.py:1165} INFO - Dependencies all met for <TaskInstance: user_processing.process_user scheduled__2023-07-18T00:00:00+00:00 [queued]>
[2023-07-22T05:54:30.918+0000] {taskinstance.py:1165} INFO - Dependencies all met for <TaskInstance: user_processing.process_user scheduled__2023-07-18T00:00:00+00:00 [queued]>
[2023-07-22T05:54:30.919+0000] {taskinstance.py:1362} INFO - 
--------------------------------------------------------------------------------
[2023-07-22T05:54:30.921+0000] {taskinstance.py:1363} INFO - Starting attempt 1 of 1
[2023-07-22T05:54:30.922+0000] {taskinstance.py:1364} INFO - 
--------------------------------------------------------------------------------
[2023-07-22T05:54:30.986+0000] {taskinstance.py:1383} INFO - Executing <Task(PythonOperator): process_user> on 2023-07-18 00:00:00+00:00
[2023-07-22T05:54:31.056+0000] {standard_task_runner.py:55} INFO - Started process 5275 to run task
[2023-07-22T05:54:31.062+0000] {standard_task_runner.py:82} INFO - Running: ['***', 'tasks', 'run', 'user_processing', 'process_user', 'scheduled__2023-07-18T00:00:00+00:00', '--job-id', '80', '--raw', '--subdir', 'DAGS_FOLDER/user_processing.py', '--cfg-path', '/tmp/tmp28wsp3x8']
[2023-07-22T05:54:31.073+0000] {standard_task_runner.py:83} INFO - Job 80: Subtask process_user
[2023-07-22T05:54:31.378+0000] {task_command.py:376} INFO - Running <TaskInstance: user_processing.process_user scheduled__2023-07-18T00:00:00+00:00 [running]> on host ef71d3f52879
[2023-07-22T05:54:31.595+0000] {taskinstance.py:1592} INFO - Exporting the following env vars:
AIRFLOW_CTX_DAG_OWNER=***
AIRFLOW_CTX_DAG_ID=user_processing
AIRFLOW_CTX_TASK_ID=process_user
AIRFLOW_CTX_EXECUTION_DATE=2023-07-18T00:00:00+00:00
AIRFLOW_CTX_TRY_NUMBER=1
AIRFLOW_CTX_DAG_RUN_ID=scheduled__2023-07-18T00:00:00+00:00
[2023-07-22T05:54:31.664+0000] {python.py:177} INFO - Done. Returned value was: None
[2023-07-22T05:54:31.697+0000] {taskinstance.py:1406} INFO - Marking task as SUCCESS. dag_id=user_processing, task_id=process_user, execution_date=20230718T000000, start_date=20230722T055430, end_date=20230722T055431
[2023-07-22T05:54:31.763+0000] {local_task_job.py:164} INFO - Task exited with return code 0
[2023-07-22T05:54:31.808+0000] {local_task_job.py:273} INFO - 1 downstream tasks scheduled from follow-on schedule check
[2023-07-22T05:57:09.649+0000] {taskinstance.py:1165} INFO - Dependencies all met for <TaskInstance: user_processing.process_user scheduled__2023-07-18T00:00:00+00:00 [queued]>
[2023-07-22T05:57:09.677+0000] {taskinstance.py:1165} INFO - Dependencies all met for <TaskInstance: user_processing.process_user scheduled__2023-07-18T00:00:00+00:00 [queued]>
[2023-07-22T05:57:09.683+0000] {taskinstance.py:1362} INFO - 
--------------------------------------------------------------------------------
[2023-07-22T05:57:09.687+0000] {taskinstance.py:1363} INFO - Starting attempt 1 of 1
[2023-07-22T05:57:09.689+0000] {taskinstance.py:1364} INFO - 
--------------------------------------------------------------------------------
[2023-07-22T05:57:09.734+0000] {taskinstance.py:1383} INFO - Executing <Task(PythonOperator): process_user> on 2023-07-18 00:00:00+00:00
[2023-07-22T05:57:09.793+0000] {standard_task_runner.py:55} INFO - Started process 5572 to run task
[2023-07-22T05:57:09.813+0000] {standard_task_runner.py:82} INFO - Running: ['***', 'tasks', 'run', 'user_processing', 'process_user', 'scheduled__2023-07-18T00:00:00+00:00', '--job-id', '141', '--raw', '--subdir', 'DAGS_FOLDER/user_processing.py', '--cfg-path', '/tmp/tmp5ijksm91']
[2023-07-22T05:57:09.823+0000] {standard_task_runner.py:83} INFO - Job 141: Subtask process_user
[2023-07-22T05:57:10.150+0000] {task_command.py:376} INFO - Running <TaskInstance: user_processing.process_user scheduled__2023-07-18T00:00:00+00:00 [running]> on host ef71d3f52879
[2023-07-22T05:57:10.335+0000] {taskinstance.py:1592} INFO - Exporting the following env vars:
AIRFLOW_CTX_DAG_OWNER=***
AIRFLOW_CTX_DAG_ID=user_processing
AIRFLOW_CTX_TASK_ID=process_user
AIRFLOW_CTX_EXECUTION_DATE=2023-07-18T00:00:00+00:00
AIRFLOW_CTX_TRY_NUMBER=1
AIRFLOW_CTX_DAG_RUN_ID=scheduled__2023-07-18T00:00:00+00:00
[2023-07-22T05:57:10.376+0000] {python.py:177} INFO - Done. Returned value was: None
[2023-07-22T05:57:10.398+0000] {taskinstance.py:1406} INFO - Marking task as SUCCESS. dag_id=user_processing, task_id=process_user, execution_date=20230718T000000, start_date=20230722T055709, end_date=20230722T055710
[2023-07-22T05:57:10.474+0000] {local_task_job.py:164} INFO - Task exited with return code 0
[2023-07-22T05:57:10.512+0000] {local_task_job.py:273} INFO - 1 downstream tasks scheduled from follow-on schedule check
