[2023-07-22T05:54:26.438+0000] {taskinstance.py:1165} INFO - Dependencies all met for <TaskInstance: user_processing.process_user scheduled__2023-07-11T00:00:00+00:00 [queued]>
[2023-07-22T05:54:26.510+0000] {taskinstance.py:1165} INFO - Dependencies all met for <TaskInstance: user_processing.process_user scheduled__2023-07-11T00:00:00+00:00 [queued]>
[2023-07-22T05:54:26.514+0000] {taskinstance.py:1362} INFO - 
--------------------------------------------------------------------------------
[2023-07-22T05:54:26.517+0000] {taskinstance.py:1363} INFO - Starting attempt 1 of 1
[2023-07-22T05:54:26.518+0000] {taskinstance.py:1364} INFO - 
--------------------------------------------------------------------------------
[2023-07-22T05:54:26.555+0000] {taskinstance.py:1383} INFO - Executing <Task(PythonOperator): process_user> on 2023-07-11 00:00:00+00:00
[2023-07-22T05:54:26.600+0000] {standard_task_runner.py:82} INFO - Running: ['***', 'tasks', 'run', 'user_processing', 'process_user', 'scheduled__2023-07-11T00:00:00+00:00', '--job-id', '71', '--raw', '--subdir', 'DAGS_FOLDER/user_processing.py', '--cfg-path', '/tmp/tmpstke7zt6']
[2023-07-22T05:54:26.615+0000] {standard_task_runner.py:83} INFO - Job 71: Subtask process_user
[2023-07-22T05:54:26.589+0000] {standard_task_runner.py:55} INFO - Started process 5241 to run task
[2023-07-22T05:54:27.075+0000] {task_command.py:376} INFO - Running <TaskInstance: user_processing.process_user scheduled__2023-07-11T00:00:00+00:00 [running]> on host ef71d3f52879
[2023-07-22T05:54:27.248+0000] {taskinstance.py:1592} INFO - Exporting the following env vars:
AIRFLOW_CTX_DAG_OWNER=***
AIRFLOW_CTX_DAG_ID=user_processing
AIRFLOW_CTX_TASK_ID=process_user
AIRFLOW_CTX_EXECUTION_DATE=2023-07-11T00:00:00+00:00
AIRFLOW_CTX_TRY_NUMBER=1
AIRFLOW_CTX_DAG_RUN_ID=scheduled__2023-07-11T00:00:00+00:00
[2023-07-22T05:54:27.463+0000] {python.py:177} INFO - Done. Returned value was: None
[2023-07-22T05:54:27.524+0000] {taskinstance.py:1406} INFO - Marking task as SUCCESS. dag_id=user_processing, task_id=process_user, execution_date=20230711T000000, start_date=20230722T055426, end_date=20230722T055427
[2023-07-22T05:54:27.637+0000] {local_task_job.py:164} INFO - Task exited with return code 0
[2023-07-22T05:54:27.819+0000] {local_task_job.py:273} INFO - 0 downstream tasks scheduled from follow-on schedule check
[2023-07-22T05:57:09.156+0000] {taskinstance.py:1165} INFO - Dependencies all met for <TaskInstance: user_processing.process_user scheduled__2023-07-11T00:00:00+00:00 [queued]>
[2023-07-22T05:57:09.259+0000] {taskinstance.py:1165} INFO - Dependencies all met for <TaskInstance: user_processing.process_user scheduled__2023-07-11T00:00:00+00:00 [queued]>
[2023-07-22T05:57:09.269+0000] {taskinstance.py:1362} INFO - 
--------------------------------------------------------------------------------
[2023-07-22T05:57:09.283+0000] {taskinstance.py:1363} INFO - Starting attempt 1 of 1
[2023-07-22T05:57:09.285+0000] {taskinstance.py:1364} INFO - 
--------------------------------------------------------------------------------
[2023-07-22T05:57:09.381+0000] {taskinstance.py:1383} INFO - Executing <Task(PythonOperator): process_user> on 2023-07-11 00:00:00+00:00
[2023-07-22T05:57:09.435+0000] {standard_task_runner.py:55} INFO - Started process 5569 to run task
[2023-07-22T05:57:09.475+0000] {standard_task_runner.py:82} INFO - Running: ['***', 'tasks', 'run', 'user_processing', 'process_user', 'scheduled__2023-07-11T00:00:00+00:00', '--job-id', '139', '--raw', '--subdir', 'DAGS_FOLDER/user_processing.py', '--cfg-path', '/tmp/tmpe1x90df_']
[2023-07-22T05:57:09.487+0000] {standard_task_runner.py:83} INFO - Job 139: Subtask process_user
[2023-07-22T05:57:09.824+0000] {task_command.py:376} INFO - Running <TaskInstance: user_processing.process_user scheduled__2023-07-11T00:00:00+00:00 [running]> on host ef71d3f52879
[2023-07-22T05:57:10.078+0000] {taskinstance.py:1592} INFO - Exporting the following env vars:
AIRFLOW_CTX_DAG_OWNER=***
AIRFLOW_CTX_DAG_ID=user_processing
AIRFLOW_CTX_TASK_ID=process_user
AIRFLOW_CTX_EXECUTION_DATE=2023-07-11T00:00:00+00:00
AIRFLOW_CTX_TRY_NUMBER=1
AIRFLOW_CTX_DAG_RUN_ID=scheduled__2023-07-11T00:00:00+00:00
[2023-07-22T05:57:10.164+0000] {python.py:177} INFO - Done. Returned value was: None
[2023-07-22T05:57:10.204+0000] {taskinstance.py:1406} INFO - Marking task as SUCCESS. dag_id=user_processing, task_id=process_user, execution_date=20230711T000000, start_date=20230722T055709, end_date=20230722T055710
[2023-07-22T05:57:10.277+0000] {local_task_job.py:164} INFO - Task exited with return code 0
[2023-07-22T05:57:10.319+0000] {local_task_job.py:273} INFO - 1 downstream tasks scheduled from follow-on schedule check
