[2023-07-22T05:54:16.992+0000] {taskinstance.py:1165} INFO - Dependencies all met for <TaskInstance: user_processing.is_api_available scheduled__2023-07-18T00:00:00+00:00 [queued]>
[2023-07-22T05:54:17.086+0000] {taskinstance.py:1165} INFO - Dependencies all met for <TaskInstance: user_processing.is_api_available scheduled__2023-07-18T00:00:00+00:00 [queued]>
[2023-07-22T05:54:17.088+0000] {taskinstance.py:1362} INFO - 
--------------------------------------------------------------------------------
[2023-07-22T05:54:17.089+0000] {taskinstance.py:1363} INFO - Starting attempt 1 of 1
[2023-07-22T05:54:17.089+0000] {taskinstance.py:1364} INFO - 
--------------------------------------------------------------------------------
[2023-07-22T05:54:17.210+0000] {taskinstance.py:1383} INFO - Executing <Task(HttpSensor): is_api_available> on 2023-07-18 00:00:00+00:00
[2023-07-22T05:54:17.225+0000] {standard_task_runner.py:55} INFO - Started process 5190 to run task
[2023-07-22T05:54:17.263+0000] {standard_task_runner.py:82} INFO - Running: ['***', 'tasks', 'run', 'user_processing', 'is_api_available', 'scheduled__2023-07-18T00:00:00+00:00', '--job-id', '52', '--raw', '--subdir', 'DAGS_FOLDER/user_processing.py', '--cfg-path', '/tmp/tmp65crpydb']
[2023-07-22T05:54:17.284+0000] {standard_task_runner.py:83} INFO - Job 52: Subtask is_api_available
[2023-07-22T05:54:17.676+0000] {task_command.py:376} INFO - Running <TaskInstance: user_processing.is_api_available scheduled__2023-07-18T00:00:00+00:00 [running]> on host ef71d3f52879
[2023-07-22T05:54:18.081+0000] {taskinstance.py:1592} INFO - Exporting the following env vars:
AIRFLOW_CTX_DAG_OWNER=***
AIRFLOW_CTX_DAG_ID=user_processing
AIRFLOW_CTX_TASK_ID=is_api_available
AIRFLOW_CTX_EXECUTION_DATE=2023-07-18T00:00:00+00:00
AIRFLOW_CTX_TRY_NUMBER=1
AIRFLOW_CTX_DAG_RUN_ID=scheduled__2023-07-18T00:00:00+00:00
[2023-07-22T05:54:18.083+0000] {http.py:120} INFO - Poking: api/
[2023-07-22T05:54:18.181+0000] {base.py:71} INFO - Using connection ID 'user_api' for task execution.
[2023-07-22T05:54:18.186+0000] {http.py:148} INFO - Sending 'GET' to url: https://randomuser.me/api/
[2023-07-22T05:54:19.005+0000] {base.py:213} INFO - Success criteria met. Exiting.
[2023-07-22T05:54:19.027+0000] {taskinstance.py:1406} INFO - Marking task as SUCCESS. dag_id=user_processing, task_id=is_api_available, execution_date=20230718T000000, start_date=20230722T055417, end_date=20230722T055419
[2023-07-22T05:54:19.138+0000] {local_task_job.py:164} INFO - Task exited with return code 0
[2023-07-22T05:54:19.672+0000] {local_task_job.py:273} INFO - 1 downstream tasks scheduled from follow-on schedule check
[2023-07-22T05:56:59.102+0000] {taskinstance.py:1165} INFO - Dependencies all met for <TaskInstance: user_processing.is_api_available scheduled__2023-07-18T00:00:00+00:00 [queued]>
[2023-07-22T05:56:59.127+0000] {taskinstance.py:1165} INFO - Dependencies all met for <TaskInstance: user_processing.is_api_available scheduled__2023-07-18T00:00:00+00:00 [queued]>
[2023-07-22T05:56:59.127+0000] {taskinstance.py:1362} INFO - 
--------------------------------------------------------------------------------
[2023-07-22T05:56:59.127+0000] {taskinstance.py:1363} INFO - Starting attempt 1 of 1
[2023-07-22T05:56:59.128+0000] {taskinstance.py:1364} INFO - 
--------------------------------------------------------------------------------
[2023-07-22T05:56:59.144+0000] {taskinstance.py:1383} INFO - Executing <Task(HttpSensor): is_api_available> on 2023-07-18 00:00:00+00:00
[2023-07-22T05:56:59.151+0000] {standard_task_runner.py:55} INFO - Started process 5489 to run task
[2023-07-22T05:56:59.170+0000] {standard_task_runner.py:82} INFO - Running: ['***', 'tasks', 'run', 'user_processing', 'is_api_available', 'scheduled__2023-07-18T00:00:00+00:00', '--job-id', '116', '--raw', '--subdir', 'DAGS_FOLDER/user_processing.py', '--cfg-path', '/tmp/tmpfx44bkcn']
[2023-07-22T05:56:59.175+0000] {standard_task_runner.py:83} INFO - Job 116: Subtask is_api_available
[2023-07-22T05:56:59.322+0000] {task_command.py:376} INFO - Running <TaskInstance: user_processing.is_api_available scheduled__2023-07-18T00:00:00+00:00 [running]> on host ef71d3f52879
[2023-07-22T05:56:59.413+0000] {taskinstance.py:1592} INFO - Exporting the following env vars:
AIRFLOW_CTX_DAG_OWNER=***
AIRFLOW_CTX_DAG_ID=user_processing
AIRFLOW_CTX_TASK_ID=is_api_available
AIRFLOW_CTX_EXECUTION_DATE=2023-07-18T00:00:00+00:00
AIRFLOW_CTX_TRY_NUMBER=1
AIRFLOW_CTX_DAG_RUN_ID=scheduled__2023-07-18T00:00:00+00:00
[2023-07-22T05:56:59.414+0000] {http.py:120} INFO - Poking: api/
[2023-07-22T05:56:59.425+0000] {base.py:71} INFO - Using connection ID 'user_api' for task execution.
[2023-07-22T05:56:59.427+0000] {http.py:148} INFO - Sending 'GET' to url: https://randomuser.me/api/
[2023-07-22T05:57:00.331+0000] {base.py:213} INFO - Success criteria met. Exiting.
[2023-07-22T05:57:00.412+0000] {taskinstance.py:1406} INFO - Marking task as SUCCESS. dag_id=user_processing, task_id=is_api_available, execution_date=20230718T000000, start_date=20230722T055659, end_date=20230722T055700
[2023-07-22T05:57:00.491+0000] {local_task_job.py:164} INFO - Task exited with return code 0
[2023-07-22T05:57:00.692+0000] {local_task_job.py:273} INFO - 0 downstream tasks scheduled from follow-on schedule check
