[2023-07-23T06:17:26.879+0000] {taskinstance.py:1165} INFO - Dependencies all met for <TaskInstance: xcom_dag.branch manual__2023-07-23T06:17:25.104700+00:00 [queued]>
[2023-07-23T06:17:26.887+0000] {taskinstance.py:1165} INFO - Dependencies all met for <TaskInstance: xcom_dag.branch manual__2023-07-23T06:17:25.104700+00:00 [queued]>
[2023-07-23T06:17:26.887+0000] {taskinstance.py:1362} INFO - 
--------------------------------------------------------------------------------
[2023-07-23T06:17:26.887+0000] {taskinstance.py:1363} INFO - Starting attempt 1 of 1
[2023-07-23T06:17:26.888+0000] {taskinstance.py:1364} INFO - 
--------------------------------------------------------------------------------
[2023-07-23T06:17:26.897+0000] {taskinstance.py:1383} INFO - Executing <Task(BranchPythonOperator): branch> on 2023-07-23 06:17:25.104700+00:00
[2023-07-23T06:17:26.901+0000] {standard_task_runner.py:55} INFO - Started process 29763 to run task
[2023-07-23T06:17:26.904+0000] {standard_task_runner.py:82} INFO - Running: ['***', 'tasks', 'run', 'xcom_dag', 'branch', 'manual__2023-07-23T06:17:25.104700+00:00', '--job-id', '186', '--raw', '--subdir', 'DAGS_FOLDER/xcom_dag.py', '--cfg-path', '/tmp/tmpfor9ho8u']
[2023-07-23T06:17:26.905+0000] {standard_task_runner.py:83} INFO - Job 186: Subtask branch
[2023-07-23T06:17:26.960+0000] {task_command.py:376} INFO - Running <TaskInstance: xcom_dag.branch manual__2023-07-23T06:17:25.104700+00:00 [running]> on host ef71d3f52879
[2023-07-23T06:17:27.018+0000] {taskinstance.py:1592} INFO - Exporting the following env vars:
AIRFLOW_CTX_DAG_OWNER=***
AIRFLOW_CTX_DAG_ID=xcom_dag
AIRFLOW_CTX_TASK_ID=branch
AIRFLOW_CTX_EXECUTION_DATE=2023-07-23T06:17:25.104700+00:00
AIRFLOW_CTX_TRY_NUMBER=1
AIRFLOW_CTX_DAG_RUN_ID=manual__2023-07-23T06:17:25.104700+00:00
[2023-07-23T06:17:27.031+0000] {python.py:177} INFO - Done. Returned value was: t2
[2023-07-23T06:17:27.031+0000] {skipmixin.py:155} INFO - Following branch t2
[2023-07-23T06:17:27.032+0000] {skipmixin.py:190} INFO - Skipping tasks ['t3']
[2023-07-23T06:17:27.072+0000] {taskinstance.py:1406} INFO - Marking task as SUCCESS. dag_id=xcom_dag, task_id=branch, execution_date=20230723T061725, start_date=20230723T061726, end_date=20230723T061727
[2023-07-23T06:17:27.116+0000] {local_task_job.py:164} INFO - Task exited with return code 0
[2023-07-23T06:17:27.147+0000] {local_task_job.py:273} INFO - 1 downstream tasks scheduled from follow-on schedule check
