[2023-07-22T05:54:36.274+0000] {taskinstance.py:1165} INFO - Dependencies all met for <TaskInstance: user_processing.store_user scheduled__2023-07-20T00:00:00+00:00 [queued]>
[2023-07-22T05:54:36.282+0000] {taskinstance.py:1165} INFO - Dependencies all met for <TaskInstance: user_processing.store_user scheduled__2023-07-20T00:00:00+00:00 [queued]>
[2023-07-22T05:54:36.282+0000] {taskinstance.py:1362} INFO - 
--------------------------------------------------------------------------------
[2023-07-22T05:54:36.283+0000] {taskinstance.py:1363} INFO - Starting attempt 1 of 1
[2023-07-22T05:54:36.283+0000] {taskinstance.py:1364} INFO - 
--------------------------------------------------------------------------------
[2023-07-22T05:54:36.292+0000] {taskinstance.py:1383} INFO - Executing <Task(PythonOperator): store_user> on 2023-07-20 00:00:00+00:00
[2023-07-22T05:54:36.297+0000] {standard_task_runner.py:55} INFO - Started process 5309 to run task
[2023-07-22T05:54:36.303+0000] {standard_task_runner.py:82} INFO - Running: ['***', 'tasks', 'run', 'user_processing', 'store_user', 'scheduled__2023-07-20T00:00:00+00:00', '--job-id', '91', '--raw', '--subdir', 'DAGS_FOLDER/user_processing.py', '--cfg-path', '/tmp/tmpjn0_hveq']
[2023-07-22T05:54:36.305+0000] {standard_task_runner.py:83} INFO - Job 91: Subtask store_user
[2023-07-22T05:54:36.382+0000] {task_command.py:376} INFO - Running <TaskInstance: user_processing.store_user scheduled__2023-07-20T00:00:00+00:00 [running]> on host ef71d3f52879
[2023-07-22T05:54:36.455+0000] {taskinstance.py:1592} INFO - Exporting the following env vars:
AIRFLOW_CTX_DAG_OWNER=***
AIRFLOW_CTX_DAG_ID=user_processing
AIRFLOW_CTX_TASK_ID=store_user
AIRFLOW_CTX_EXECUTION_DATE=2023-07-20T00:00:00+00:00
AIRFLOW_CTX_TRY_NUMBER=1
AIRFLOW_CTX_DAG_RUN_ID=scheduled__2023-07-20T00:00:00+00:00
[2023-07-22T05:54:36.456+0000] {postgres.py:129} INFO - Running copy expert: COPY users FROM stdin WITH DELIMITER as ',', filename: /tmp/processed_user.csv
[2023-07-22T05:54:36.471+0000] {base.py:71} INFO - Using connection ID 'postgres' for task execution.
[2023-07-22T05:54:36.479+0000] {python.py:177} INFO - Done. Returned value was: None
[2023-07-22T05:54:36.496+0000] {taskinstance.py:1406} INFO - Marking task as SUCCESS. dag_id=user_processing, task_id=store_user, execution_date=20230720T000000, start_date=20230722T055436, end_date=20230722T055436
[2023-07-22T05:54:36.554+0000] {local_task_job.py:164} INFO - Task exited with return code 0
[2023-07-22T05:54:36.575+0000] {local_task_job.py:273} INFO - 0 downstream tasks scheduled from follow-on schedule check
[2023-07-22T05:57:13.755+0000] {taskinstance.py:1165} INFO - Dependencies all met for <TaskInstance: user_processing.store_user scheduled__2023-07-20T00:00:00+00:00 [queued]>
[2023-07-22T05:57:13.835+0000] {taskinstance.py:1165} INFO - Dependencies all met for <TaskInstance: user_processing.store_user scheduled__2023-07-20T00:00:00+00:00 [queued]>
[2023-07-22T05:57:13.836+0000] {taskinstance.py:1362} INFO - 
--------------------------------------------------------------------------------
[2023-07-22T05:57:13.840+0000] {taskinstance.py:1363} INFO - Starting attempt 1 of 1
[2023-07-22T05:57:13.840+0000] {taskinstance.py:1364} INFO - 
--------------------------------------------------------------------------------
[2023-07-22T05:57:13.866+0000] {taskinstance.py:1383} INFO - Executing <Task(PythonOperator): store_user> on 2023-07-20 00:00:00+00:00
[2023-07-22T05:57:13.903+0000] {standard_task_runner.py:55} INFO - Started process 5605 to run task
[2023-07-22T05:57:13.958+0000] {standard_task_runner.py:82} INFO - Running: ['***', 'tasks', 'run', 'user_processing', 'store_user', 'scheduled__2023-07-20T00:00:00+00:00', '--job-id', '151', '--raw', '--subdir', 'DAGS_FOLDER/user_processing.py', '--cfg-path', '/tmp/tmplkcw2zqm']
[2023-07-22T05:57:13.979+0000] {standard_task_runner.py:83} INFO - Job 151: Subtask store_user
[2023-07-22T05:57:14.488+0000] {task_command.py:376} INFO - Running <TaskInstance: user_processing.store_user scheduled__2023-07-20T00:00:00+00:00 [running]> on host ef71d3f52879
[2023-07-22T05:57:14.787+0000] {taskinstance.py:1592} INFO - Exporting the following env vars:
AIRFLOW_CTX_DAG_OWNER=***
AIRFLOW_CTX_DAG_ID=user_processing
AIRFLOW_CTX_TASK_ID=store_user
AIRFLOW_CTX_EXECUTION_DATE=2023-07-20T00:00:00+00:00
AIRFLOW_CTX_TRY_NUMBER=1
AIRFLOW_CTX_DAG_RUN_ID=scheduled__2023-07-20T00:00:00+00:00
[2023-07-22T05:57:14.798+0000] {postgres.py:129} INFO - Running copy expert: COPY users FROM stdin WITH DELIMITER as ',', filename: /tmp/processed_user.csv
[2023-07-22T05:57:14.829+0000] {base.py:71} INFO - Using connection ID 'postgres' for task execution.
[2023-07-22T05:57:14.853+0000] {python.py:177} INFO - Done. Returned value was: None
[2023-07-22T05:57:14.872+0000] {taskinstance.py:1406} INFO - Marking task as SUCCESS. dag_id=user_processing, task_id=store_user, execution_date=20230720T000000, start_date=20230722T055713, end_date=20230722T055714
[2023-07-22T05:57:14.939+0000] {local_task_job.py:164} INFO - Task exited with return code 0
[2023-07-22T05:57:14.995+0000] {local_task_job.py:273} INFO - 0 downstream tasks scheduled from follow-on schedule check
