[2023-07-22T10:05:52.583+0000] {taskinstance.py:1165} INFO - Dependencies all met for <TaskInstance: group_dag.downloads.download_a scheduled__2023-07-22T10:05:49.497899+00:00 [queued]>
[2023-07-22T10:05:52.596+0000] {taskinstance.py:1165} INFO - Dependencies all met for <TaskInstance: group_dag.downloads.download_a scheduled__2023-07-22T10:05:49.497899+00:00 [queued]>
[2023-07-22T10:05:52.597+0000] {taskinstance.py:1362} INFO - 
--------------------------------------------------------------------------------
[2023-07-22T10:05:52.597+0000] {taskinstance.py:1363} INFO - Starting attempt 1 of 1
[2023-07-22T10:05:52.601+0000] {taskinstance.py:1364} INFO - 
--------------------------------------------------------------------------------
[2023-07-22T10:05:52.633+0000] {taskinstance.py:1383} INFO - Executing <Task(BashOperator): download_a> on 2023-07-22 10:05:49.497899+00:00
[2023-07-22T10:05:52.643+0000] {standard_task_runner.py:55} INFO - Started process 13485 to run task
[2023-07-22T10:05:52.668+0000] {standard_task_runner.py:82} INFO - Running: ['***', 'tasks', 'run', 'group_dag.downloads', 'download_a', 'scheduled__2023-07-22T10:05:49.497899+00:00', '--job-id', '157', '--raw', '--subdir', 'DAGS_FOLDER/group_dag.py', '--cfg-path', '/tmp/tmpxa998ndv']
[2023-07-22T10:05:52.669+0000] {standard_task_runner.py:83} INFO - Job 157: Subtask download_a
[2023-07-22T10:05:52.896+0000] {task_command.py:376} INFO - Running <TaskInstance: group_dag.downloads.download_a scheduled__2023-07-22T10:05:49.497899+00:00 [running]> on host ef71d3f52879
[2023-07-22T10:05:53.057+0000] {taskinstance.py:1592} INFO - Exporting the following env vars:
AIRFLOW_CTX_DAG_OWNER=***
AIRFLOW_CTX_DAG_ID=group_dag.downloads
AIRFLOW_CTX_TASK_ID=download_a
AIRFLOW_CTX_EXECUTION_DATE=2023-07-22T10:05:49.497899+00:00
AIRFLOW_CTX_TRY_NUMBER=1
AIRFLOW_CTX_DAG_RUN_ID=scheduled__2023-07-22T10:05:49.497899+00:00
[2023-07-22T10:05:53.062+0000] {subprocess.py:63} INFO - Tmp dir root location: 
 /tmp
[2023-07-22T10:05:53.067+0000] {subprocess.py:75} INFO - Running command: ['/bin/bash', '-c', 'sleep 10']
[2023-07-22T10:05:53.094+0000] {subprocess.py:86} INFO - Output:
[2023-07-22T10:06:03.109+0000] {subprocess.py:97} INFO - Command exited with return code 0
[2023-07-22T10:06:03.369+0000] {taskinstance.py:1406} INFO - Marking task as SUCCESS. dag_id=group_dag.downloads, task_id=download_a, execution_date=20230722T100549, start_date=20230722T100552, end_date=20230722T100603
[2023-07-22T10:06:03.604+0000] {local_task_job.py:164} INFO - Task exited with return code 0
[2023-07-22T10:06:03.720+0000] {local_task_job.py:273} INFO - 0 downstream tasks scheduled from follow-on schedule check
