[2023-07-22T05:54:30.150+0000] {taskinstance.py:1165} INFO - Dependencies all met for <TaskInstance: user_processing.process_user scheduled__2023-07-19T00:00:00+00:00 [queued]>
[2023-07-22T05:54:30.182+0000] {taskinstance.py:1165} INFO - Dependencies all met for <TaskInstance: user_processing.process_user scheduled__2023-07-19T00:00:00+00:00 [queued]>
[2023-07-22T05:54:30.191+0000] {taskinstance.py:1362} INFO - 
--------------------------------------------------------------------------------
[2023-07-22T05:54:30.191+0000] {taskinstance.py:1363} INFO - Starting attempt 1 of 1
[2023-07-22T05:54:30.191+0000] {taskinstance.py:1364} INFO - 
--------------------------------------------------------------------------------
[2023-07-22T05:54:30.285+0000] {taskinstance.py:1383} INFO - Executing <Task(PythonOperator): process_user> on 2023-07-19 00:00:00+00:00
[2023-07-22T05:54:30.357+0000] {standard_task_runner.py:55} INFO - Started process 5273 to run task
[2023-07-22T05:54:30.381+0000] {standard_task_runner.py:82} INFO - Running: ['***', 'tasks', 'run', 'user_processing', 'process_user', 'scheduled__2023-07-19T00:00:00+00:00', '--job-id', '78', '--raw', '--subdir', 'DAGS_FOLDER/user_processing.py', '--cfg-path', '/tmp/tmpkmwtb7z9']
[2023-07-22T05:54:30.420+0000] {standard_task_runner.py:83} INFO - Job 78: Subtask process_user
[2023-07-22T05:54:30.927+0000] {task_command.py:376} INFO - Running <TaskInstance: user_processing.process_user scheduled__2023-07-19T00:00:00+00:00 [running]> on host ef71d3f52879
[2023-07-22T05:54:31.163+0000] {taskinstance.py:1592} INFO - Exporting the following env vars:
AIRFLOW_CTX_DAG_OWNER=***
AIRFLOW_CTX_DAG_ID=user_processing
AIRFLOW_CTX_TASK_ID=process_user
AIRFLOW_CTX_EXECUTION_DATE=2023-07-19T00:00:00+00:00
AIRFLOW_CTX_TRY_NUMBER=1
AIRFLOW_CTX_DAG_RUN_ID=scheduled__2023-07-19T00:00:00+00:00
[2023-07-22T05:54:31.309+0000] {python.py:177} INFO - Done. Returned value was: None
[2023-07-22T05:54:31.348+0000] {taskinstance.py:1406} INFO - Marking task as SUCCESS. dag_id=user_processing, task_id=process_user, execution_date=20230719T000000, start_date=20230722T055430, end_date=20230722T055431
[2023-07-22T05:54:31.456+0000] {local_task_job.py:164} INFO - Task exited with return code 0
[2023-07-22T05:54:31.558+0000] {local_task_job.py:273} INFO - 1 downstream tasks scheduled from follow-on schedule check
[2023-07-22T05:57:09.149+0000] {taskinstance.py:1165} INFO - Dependencies all met for <TaskInstance: user_processing.process_user scheduled__2023-07-19T00:00:00+00:00 [queued]>
[2023-07-22T05:57:09.186+0000] {taskinstance.py:1165} INFO - Dependencies all met for <TaskInstance: user_processing.process_user scheduled__2023-07-19T00:00:00+00:00 [queued]>
[2023-07-22T05:57:09.192+0000] {taskinstance.py:1362} INFO - 
--------------------------------------------------------------------------------
[2023-07-22T05:57:09.214+0000] {taskinstance.py:1363} INFO - Starting attempt 1 of 1
[2023-07-22T05:57:09.251+0000] {taskinstance.py:1364} INFO - 
--------------------------------------------------------------------------------
[2023-07-22T05:57:09.372+0000] {taskinstance.py:1383} INFO - Executing <Task(PythonOperator): process_user> on 2023-07-19 00:00:00+00:00
[2023-07-22T05:57:09.432+0000] {standard_task_runner.py:55} INFO - Started process 5570 to run task
[2023-07-22T05:57:09.474+0000] {standard_task_runner.py:82} INFO - Running: ['***', 'tasks', 'run', 'user_processing', 'process_user', 'scheduled__2023-07-19T00:00:00+00:00', '--job-id', '138', '--raw', '--subdir', 'DAGS_FOLDER/user_processing.py', '--cfg-path', '/tmp/tmpmfe0npzb']
[2023-07-22T05:57:09.505+0000] {standard_task_runner.py:83} INFO - Job 138: Subtask process_user
[2023-07-22T05:57:09.870+0000] {task_command.py:376} INFO - Running <TaskInstance: user_processing.process_user scheduled__2023-07-19T00:00:00+00:00 [running]> on host ef71d3f52879
[2023-07-22T05:57:10.093+0000] {taskinstance.py:1592} INFO - Exporting the following env vars:
AIRFLOW_CTX_DAG_OWNER=***
AIRFLOW_CTX_DAG_ID=user_processing
AIRFLOW_CTX_TASK_ID=process_user
AIRFLOW_CTX_EXECUTION_DATE=2023-07-19T00:00:00+00:00
AIRFLOW_CTX_TRY_NUMBER=1
AIRFLOW_CTX_DAG_RUN_ID=scheduled__2023-07-19T00:00:00+00:00
[2023-07-22T05:57:10.172+0000] {python.py:177} INFO - Done. Returned value was: None
[2023-07-22T05:57:10.214+0000] {taskinstance.py:1406} INFO - Marking task as SUCCESS. dag_id=user_processing, task_id=process_user, execution_date=20230719T000000, start_date=20230722T055709, end_date=20230722T055710
[2023-07-22T05:57:10.277+0000] {local_task_job.py:164} INFO - Task exited with return code 0
[2023-07-22T05:57:10.313+0000] {local_task_job.py:273} INFO - 1 downstream tasks scheduled from follow-on schedule check
