[2023-07-22T10:07:04.567+0000] {taskinstance.py:1165} INFO - Dependencies all met for <TaskInstance: group_dag.transform_a scheduled__2023-07-21T00:00:00+00:00 [queued]>
[2023-07-22T10:07:04.580+0000] {taskinstance.py:1165} INFO - Dependencies all met for <TaskInstance: group_dag.transform_a scheduled__2023-07-21T00:00:00+00:00 [queued]>
[2023-07-22T10:07:04.581+0000] {taskinstance.py:1362} INFO - 
--------------------------------------------------------------------------------
[2023-07-22T10:07:04.581+0000] {taskinstance.py:1363} INFO - Starting attempt 1 of 1
[2023-07-22T10:07:04.582+0000] {taskinstance.py:1364} INFO - 
--------------------------------------------------------------------------------
[2023-07-22T10:07:04.597+0000] {taskinstance.py:1383} INFO - Executing <Task(BashOperator): transform_a> on 2023-07-21 00:00:00+00:00
[2023-07-22T10:07:04.602+0000] {standard_task_runner.py:55} INFO - Started process 13566 to run task
[2023-07-22T10:07:04.608+0000] {standard_task_runner.py:82} INFO - Running: ['***', 'tasks', 'run', 'group_dag', 'transform_a', 'scheduled__2023-07-21T00:00:00+00:00', '--job-id', '167', '--raw', '--subdir', 'DAGS_FOLDER/group_dag.py', '--cfg-path', '/tmp/tmp4hg1xvr8']
[2023-07-22T10:07:04.608+0000] {standard_task_runner.py:83} INFO - Job 167: Subtask transform_a
[2023-07-22T10:07:04.724+0000] {task_command.py:376} INFO - Running <TaskInstance: group_dag.transform_a scheduled__2023-07-21T00:00:00+00:00 [running]> on host ef71d3f52879
[2023-07-22T10:07:04.808+0000] {taskinstance.py:1592} INFO - Exporting the following env vars:
AIRFLOW_CTX_DAG_OWNER=***
AIRFLOW_CTX_DAG_ID=group_dag
AIRFLOW_CTX_TASK_ID=transform_a
AIRFLOW_CTX_EXECUTION_DATE=2023-07-21T00:00:00+00:00
AIRFLOW_CTX_TRY_NUMBER=1
AIRFLOW_CTX_DAG_RUN_ID=scheduled__2023-07-21T00:00:00+00:00
[2023-07-22T10:07:04.808+0000] {subprocess.py:63} INFO - Tmp dir root location: 
 /tmp
[2023-07-22T10:07:04.812+0000] {subprocess.py:75} INFO - Running command: ['/bin/bash', '-c', 'sleep 10']
[2023-07-22T10:07:04.822+0000] {subprocess.py:86} INFO - Output:
[2023-07-22T10:07:14.831+0000] {subprocess.py:97} INFO - Command exited with return code 0
[2023-07-22T10:07:14.891+0000] {taskinstance.py:1406} INFO - Marking task as SUCCESS. dag_id=group_dag, task_id=transform_a, execution_date=20230721T000000, start_date=20230722T100704, end_date=20230722T100714
[2023-07-22T10:07:14.931+0000] {local_task_job.py:164} INFO - Task exited with return code 0
[2023-07-22T10:07:14.999+0000] {local_task_job.py:273} INFO - 0 downstream tasks scheduled from follow-on schedule check
