[2023-07-22T05:54:16.391+0000] {taskinstance.py:1165} INFO - Dependencies all met for <TaskInstance: user_processing.is_api_available scheduled__2023-07-12T00:00:00+00:00 [queued]>
[2023-07-22T05:54:16.463+0000] {taskinstance.py:1165} INFO - Dependencies all met for <TaskInstance: user_processing.is_api_available scheduled__2023-07-12T00:00:00+00:00 [queued]>
[2023-07-22T05:54:16.464+0000] {taskinstance.py:1362} INFO - 
--------------------------------------------------------------------------------
[2023-07-22T05:54:16.464+0000] {taskinstance.py:1363} INFO - Starting attempt 1 of 1
[2023-07-22T05:54:16.464+0000] {taskinstance.py:1364} INFO - 
--------------------------------------------------------------------------------
[2023-07-22T05:54:16.520+0000] {taskinstance.py:1383} INFO - Executing <Task(HttpSensor): is_api_available> on 2023-07-12 00:00:00+00:00
[2023-07-22T05:54:16.561+0000] {standard_task_runner.py:55} INFO - Started process 5184 to run task
[2023-07-22T05:54:16.671+0000] {standard_task_runner.py:82} INFO - Running: ['***', 'tasks', 'run', 'user_processing', 'is_api_available', 'scheduled__2023-07-12T00:00:00+00:00', '--job-id', '49', '--raw', '--subdir', 'DAGS_FOLDER/user_processing.py', '--cfg-path', '/tmp/tmp55ginj3_']
[2023-07-22T05:54:16.700+0000] {standard_task_runner.py:83} INFO - Job 49: Subtask is_api_available
[2023-07-22T05:54:17.158+0000] {task_command.py:376} INFO - Running <TaskInstance: user_processing.is_api_available scheduled__2023-07-12T00:00:00+00:00 [running]> on host ef71d3f52879
[2023-07-22T05:54:17.460+0000] {taskinstance.py:1592} INFO - Exporting the following env vars:
AIRFLOW_CTX_DAG_OWNER=***
AIRFLOW_CTX_DAG_ID=user_processing
AIRFLOW_CTX_TASK_ID=is_api_available
AIRFLOW_CTX_EXECUTION_DATE=2023-07-12T00:00:00+00:00
AIRFLOW_CTX_TRY_NUMBER=1
AIRFLOW_CTX_DAG_RUN_ID=scheduled__2023-07-12T00:00:00+00:00
[2023-07-22T05:54:17.467+0000] {http.py:120} INFO - Poking: api/
[2023-07-22T05:54:17.530+0000] {base.py:71} INFO - Using connection ID 'user_api' for task execution.
[2023-07-22T05:54:17.535+0000] {http.py:148} INFO - Sending 'GET' to url: https://randomuser.me/api/
[2023-07-22T05:54:18.597+0000] {base.py:213} INFO - Success criteria met. Exiting.
[2023-07-22T05:54:18.662+0000] {taskinstance.py:1406} INFO - Marking task as SUCCESS. dag_id=user_processing, task_id=is_api_available, execution_date=20230712T000000, start_date=20230722T055416, end_date=20230722T055418
[2023-07-22T05:54:18.738+0000] {local_task_job.py:164} INFO - Task exited with return code 0
[2023-07-22T05:54:18.887+0000] {local_task_job.py:273} INFO - 1 downstream tasks scheduled from follow-on schedule check
[2023-07-22T05:56:58.493+0000] {taskinstance.py:1165} INFO - Dependencies all met for <TaskInstance: user_processing.is_api_available scheduled__2023-07-12T00:00:00+00:00 [queued]>
[2023-07-22T05:56:58.544+0000] {taskinstance.py:1165} INFO - Dependencies all met for <TaskInstance: user_processing.is_api_available scheduled__2023-07-12T00:00:00+00:00 [queued]>
[2023-07-22T05:56:58.544+0000] {taskinstance.py:1362} INFO - 
--------------------------------------------------------------------------------
[2023-07-22T05:56:58.544+0000] {taskinstance.py:1363} INFO - Starting attempt 1 of 1
[2023-07-22T05:56:58.544+0000] {taskinstance.py:1364} INFO - 
--------------------------------------------------------------------------------
[2023-07-22T05:56:58.597+0000] {taskinstance.py:1383} INFO - Executing <Task(HttpSensor): is_api_available> on 2023-07-12 00:00:00+00:00
[2023-07-22T05:56:58.612+0000] {standard_task_runner.py:55} INFO - Started process 5485 to run task
[2023-07-22T05:56:58.672+0000] {standard_task_runner.py:82} INFO - Running: ['***', 'tasks', 'run', 'user_processing', 'is_api_available', 'scheduled__2023-07-12T00:00:00+00:00', '--job-id', '112', '--raw', '--subdir', 'DAGS_FOLDER/user_processing.py', '--cfg-path', '/tmp/tmp5i3ko6v1']
[2023-07-22T05:56:58.681+0000] {standard_task_runner.py:83} INFO - Job 112: Subtask is_api_available
[2023-07-22T05:56:58.990+0000] {task_command.py:376} INFO - Running <TaskInstance: user_processing.is_api_available scheduled__2023-07-12T00:00:00+00:00 [running]> on host ef71d3f52879
[2023-07-22T05:56:59.133+0000] {taskinstance.py:1592} INFO - Exporting the following env vars:
AIRFLOW_CTX_DAG_OWNER=***
AIRFLOW_CTX_DAG_ID=user_processing
AIRFLOW_CTX_TASK_ID=is_api_available
AIRFLOW_CTX_EXECUTION_DATE=2023-07-12T00:00:00+00:00
AIRFLOW_CTX_TRY_NUMBER=1
AIRFLOW_CTX_DAG_RUN_ID=scheduled__2023-07-12T00:00:00+00:00
[2023-07-22T05:56:59.137+0000] {http.py:120} INFO - Poking: api/
[2023-07-22T05:56:59.157+0000] {base.py:71} INFO - Using connection ID 'user_api' for task execution.
[2023-07-22T05:56:59.163+0000] {http.py:148} INFO - Sending 'GET' to url: https://randomuser.me/api/
[2023-07-22T05:56:59.928+0000] {base.py:213} INFO - Success criteria met. Exiting.
[2023-07-22T05:56:59.951+0000] {taskinstance.py:1406} INFO - Marking task as SUCCESS. dag_id=user_processing, task_id=is_api_available, execution_date=20230712T000000, start_date=20230722T055658, end_date=20230722T055659
[2023-07-22T05:57:00.019+0000] {local_task_job.py:164} INFO - Task exited with return code 0
[2023-07-22T05:57:00.117+0000] {local_task_job.py:273} INFO - 1 downstream tasks scheduled from follow-on schedule check
