[2023-07-22T05:54:29.741+0000] {taskinstance.py:1165} INFO - Dependencies all met for <TaskInstance: user_processing.process_user scheduled__2023-07-15T00:00:00+00:00 [queued]>
[2023-07-22T05:54:29.852+0000] {taskinstance.py:1165} INFO - Dependencies all met for <TaskInstance: user_processing.process_user scheduled__2023-07-15T00:00:00+00:00 [queued]>
[2023-07-22T05:54:29.856+0000] {taskinstance.py:1362} INFO - 
--------------------------------------------------------------------------------
[2023-07-22T05:54:29.856+0000] {taskinstance.py:1363} INFO - Starting attempt 1 of 1
[2023-07-22T05:54:29.856+0000] {taskinstance.py:1364} INFO - 
--------------------------------------------------------------------------------
[2023-07-22T05:54:29.943+0000] {taskinstance.py:1383} INFO - Executing <Task(PythonOperator): process_user> on 2023-07-15 00:00:00+00:00
[2023-07-22T05:54:29.980+0000] {standard_task_runner.py:55} INFO - Started process 5267 to run task
[2023-07-22T05:54:30.041+0000] {standard_task_runner.py:82} INFO - Running: ['***', 'tasks', 'run', 'user_processing', 'process_user', 'scheduled__2023-07-15T00:00:00+00:00', '--job-id', '75', '--raw', '--subdir', 'DAGS_FOLDER/user_processing.py', '--cfg-path', '/tmp/tmp6deqt7q9']
[2023-07-22T05:54:30.063+0000] {standard_task_runner.py:83} INFO - Job 75: Subtask process_user
[2023-07-22T05:54:30.290+0000] {task_command.py:376} INFO - Running <TaskInstance: user_processing.process_user scheduled__2023-07-15T00:00:00+00:00 [running]> on host ef71d3f52879
[2023-07-22T05:54:30.693+0000] {taskinstance.py:1592} INFO - Exporting the following env vars:
AIRFLOW_CTX_DAG_OWNER=***
AIRFLOW_CTX_DAG_ID=user_processing
AIRFLOW_CTX_TASK_ID=process_user
AIRFLOW_CTX_EXECUTION_DATE=2023-07-15T00:00:00+00:00
AIRFLOW_CTX_TRY_NUMBER=1
AIRFLOW_CTX_DAG_RUN_ID=scheduled__2023-07-15T00:00:00+00:00
[2023-07-22T05:54:30.862+0000] {python.py:177} INFO - Done. Returned value was: None
[2023-07-22T05:54:30.972+0000] {taskinstance.py:1406} INFO - Marking task as SUCCESS. dag_id=user_processing, task_id=process_user, execution_date=20230715T000000, start_date=20230722T055429, end_date=20230722T055430
[2023-07-22T05:54:31.114+0000] {local_task_job.py:164} INFO - Task exited with return code 0
[2023-07-22T05:54:31.252+0000] {local_task_job.py:273} INFO - 1 downstream tasks scheduled from follow-on schedule check
[2023-07-22T05:57:08.862+0000] {taskinstance.py:1165} INFO - Dependencies all met for <TaskInstance: user_processing.process_user scheduled__2023-07-15T00:00:00+00:00 [queued]>
[2023-07-22T05:57:08.901+0000] {taskinstance.py:1165} INFO - Dependencies all met for <TaskInstance: user_processing.process_user scheduled__2023-07-15T00:00:00+00:00 [queued]>
[2023-07-22T05:57:08.902+0000] {taskinstance.py:1362} INFO - 
--------------------------------------------------------------------------------
[2023-07-22T05:57:08.903+0000] {taskinstance.py:1363} INFO - Starting attempt 1 of 1
[2023-07-22T05:57:08.904+0000] {taskinstance.py:1364} INFO - 
--------------------------------------------------------------------------------
[2023-07-22T05:57:08.958+0000] {taskinstance.py:1383} INFO - Executing <Task(PythonOperator): process_user> on 2023-07-15 00:00:00+00:00
[2023-07-22T05:57:08.981+0000] {standard_task_runner.py:55} INFO - Started process 5565 to run task
[2023-07-22T05:57:09.011+0000] {standard_task_runner.py:82} INFO - Running: ['***', 'tasks', 'run', 'user_processing', 'process_user', 'scheduled__2023-07-15T00:00:00+00:00', '--job-id', '132', '--raw', '--subdir', 'DAGS_FOLDER/user_processing.py', '--cfg-path', '/tmp/tmp0mjus4ye']
[2023-07-22T05:57:09.035+0000] {standard_task_runner.py:83} INFO - Job 132: Subtask process_user
[2023-07-22T05:57:09.383+0000] {task_command.py:376} INFO - Running <TaskInstance: user_processing.process_user scheduled__2023-07-15T00:00:00+00:00 [running]> on host ef71d3f52879
[2023-07-22T05:57:09.704+0000] {taskinstance.py:1592} INFO - Exporting the following env vars:
AIRFLOW_CTX_DAG_OWNER=***
AIRFLOW_CTX_DAG_ID=user_processing
AIRFLOW_CTX_TASK_ID=process_user
AIRFLOW_CTX_EXECUTION_DATE=2023-07-15T00:00:00+00:00
AIRFLOW_CTX_TRY_NUMBER=1
AIRFLOW_CTX_DAG_RUN_ID=scheduled__2023-07-15T00:00:00+00:00
[2023-07-22T05:57:09.790+0000] {python.py:177} INFO - Done. Returned value was: None
[2023-07-22T05:57:09.834+0000] {taskinstance.py:1406} INFO - Marking task as SUCCESS. dag_id=user_processing, task_id=process_user, execution_date=20230715T000000, start_date=20230722T055708, end_date=20230722T055709
[2023-07-22T05:57:09.926+0000] {local_task_job.py:164} INFO - Task exited with return code 0
[2023-07-22T05:57:10.020+0000] {local_task_job.py:273} INFO - 1 downstream tasks scheduled from follow-on schedule check
