[2023-07-22T05:54:25.127+0000] {taskinstance.py:1165} INFO - Dependencies all met for <TaskInstance: user_processing.process_user scheduled__2023-07-10T00:00:00+00:00 [queued]>
[2023-07-22T05:54:25.171+0000] {taskinstance.py:1165} INFO - Dependencies all met for <TaskInstance: user_processing.process_user scheduled__2023-07-10T00:00:00+00:00 [queued]>
[2023-07-22T05:54:25.174+0000] {taskinstance.py:1362} INFO - 
--------------------------------------------------------------------------------
[2023-07-22T05:54:25.174+0000] {taskinstance.py:1363} INFO - Starting attempt 1 of 1
[2023-07-22T05:54:25.174+0000] {taskinstance.py:1364} INFO - 
--------------------------------------------------------------------------------
[2023-07-22T05:54:25.252+0000] {taskinstance.py:1383} INFO - Executing <Task(PythonOperator): process_user> on 2023-07-10 00:00:00+00:00
[2023-07-22T05:54:25.270+0000] {standard_task_runner.py:55} INFO - Started process 5235 to run task
[2023-07-22T05:54:25.336+0000] {standard_task_runner.py:82} INFO - Running: ['***', 'tasks', 'run', 'user_processing', 'process_user', 'scheduled__2023-07-10T00:00:00+00:00', '--job-id', '70', '--raw', '--subdir', 'DAGS_FOLDER/user_processing.py', '--cfg-path', '/tmp/tmpd3tqmb4_']
[2023-07-22T05:54:25.355+0000] {standard_task_runner.py:83} INFO - Job 70: Subtask process_user
[2023-07-22T05:54:25.669+0000] {task_command.py:376} INFO - Running <TaskInstance: user_processing.process_user scheduled__2023-07-10T00:00:00+00:00 [running]> on host ef71d3f52879
[2023-07-22T05:54:26.220+0000] {taskinstance.py:1592} INFO - Exporting the following env vars:
AIRFLOW_CTX_DAG_OWNER=***
AIRFLOW_CTX_DAG_ID=user_processing
AIRFLOW_CTX_TASK_ID=process_user
AIRFLOW_CTX_EXECUTION_DATE=2023-07-10T00:00:00+00:00
AIRFLOW_CTX_TRY_NUMBER=1
AIRFLOW_CTX_DAG_RUN_ID=scheduled__2023-07-10T00:00:00+00:00
[2023-07-22T05:54:26.346+0000] {python.py:177} INFO - Done. Returned value was: None
[2023-07-22T05:54:26.400+0000] {taskinstance.py:1406} INFO - Marking task as SUCCESS. dag_id=user_processing, task_id=process_user, execution_date=20230710T000000, start_date=20230722T055425, end_date=20230722T055426
[2023-07-22T05:54:26.541+0000] {local_task_job.py:164} INFO - Task exited with return code 0
[2023-07-22T05:54:26.923+0000] {local_task_job.py:273} INFO - 1 downstream tasks scheduled from follow-on schedule check
[2023-07-22T05:57:05.057+0000] {taskinstance.py:1165} INFO - Dependencies all met for <TaskInstance: user_processing.process_user scheduled__2023-07-10T00:00:00+00:00 [queued]>
[2023-07-22T05:57:05.111+0000] {taskinstance.py:1165} INFO - Dependencies all met for <TaskInstance: user_processing.process_user scheduled__2023-07-10T00:00:00+00:00 [queued]>
[2023-07-22T05:57:05.113+0000] {taskinstance.py:1362} INFO - 
--------------------------------------------------------------------------------
[2023-07-22T05:57:05.117+0000] {taskinstance.py:1363} INFO - Starting attempt 1 of 1
[2023-07-22T05:57:05.118+0000] {taskinstance.py:1364} INFO - 
--------------------------------------------------------------------------------
[2023-07-22T05:57:05.140+0000] {taskinstance.py:1383} INFO - Executing <Task(PythonOperator): process_user> on 2023-07-10 00:00:00+00:00
[2023-07-22T05:57:05.158+0000] {standard_task_runner.py:55} INFO - Started process 5529 to run task
[2023-07-22T05:57:05.168+0000] {standard_task_runner.py:82} INFO - Running: ['***', 'tasks', 'run', 'user_processing', 'process_user', 'scheduled__2023-07-10T00:00:00+00:00', '--job-id', '130', '--raw', '--subdir', 'DAGS_FOLDER/user_processing.py', '--cfg-path', '/tmp/tmp17tpu_27']
[2023-07-22T05:57:05.171+0000] {standard_task_runner.py:83} INFO - Job 130: Subtask process_user
[2023-07-22T05:57:05.416+0000] {task_command.py:376} INFO - Running <TaskInstance: user_processing.process_user scheduled__2023-07-10T00:00:00+00:00 [running]> on host ef71d3f52879
[2023-07-22T05:57:05.700+0000] {taskinstance.py:1592} INFO - Exporting the following env vars:
AIRFLOW_CTX_DAG_OWNER=***
AIRFLOW_CTX_DAG_ID=user_processing
AIRFLOW_CTX_TASK_ID=process_user
AIRFLOW_CTX_EXECUTION_DATE=2023-07-10T00:00:00+00:00
AIRFLOW_CTX_TRY_NUMBER=1
AIRFLOW_CTX_DAG_RUN_ID=scheduled__2023-07-10T00:00:00+00:00
[2023-07-22T05:57:05.790+0000] {python.py:177} INFO - Done. Returned value was: None
[2023-07-22T05:57:05.936+0000] {taskinstance.py:1406} INFO - Marking task as SUCCESS. dag_id=user_processing, task_id=process_user, execution_date=20230710T000000, start_date=20230722T055705, end_date=20230722T055705
[2023-07-22T05:57:06.078+0000] {local_task_job.py:164} INFO - Task exited with return code 0
[2023-07-22T05:57:06.183+0000] {local_task_job.py:273} INFO - 0 downstream tasks scheduled from follow-on schedule check
