[2023-07-22T05:54:30.712+0000] {taskinstance.py:1165} INFO - Dependencies all met for <TaskInstance: user_processing.store_user scheduled__2023-07-11T00:00:00+00:00 [queued]>
[2023-07-22T05:54:30.758+0000] {taskinstance.py:1165} INFO - Dependencies all met for <TaskInstance: user_processing.store_user scheduled__2023-07-11T00:00:00+00:00 [queued]>
[2023-07-22T05:54:30.759+0000] {taskinstance.py:1362} INFO - 
--------------------------------------------------------------------------------
[2023-07-22T05:54:30.759+0000] {taskinstance.py:1363} INFO - Starting attempt 1 of 1
[2023-07-22T05:54:30.759+0000] {taskinstance.py:1364} INFO - 
--------------------------------------------------------------------------------
[2023-07-22T05:54:30.791+0000] {taskinstance.py:1383} INFO - Executing <Task(PythonOperator): store_user> on 2023-07-11 00:00:00+00:00
[2023-07-22T05:54:30.841+0000] {standard_task_runner.py:55} INFO - Started process 5274 to run task
[2023-07-22T05:54:30.961+0000] {standard_task_runner.py:82} INFO - Running: ['***', 'tasks', 'run', 'user_processing', 'store_user', 'scheduled__2023-07-11T00:00:00+00:00', '--job-id', '79', '--raw', '--subdir', 'DAGS_FOLDER/user_processing.py', '--cfg-path', '/tmp/tmpolrb37hy']
[2023-07-22T05:54:30.998+0000] {standard_task_runner.py:83} INFO - Job 79: Subtask store_user
[2023-07-22T05:54:31.363+0000] {task_command.py:376} INFO - Running <TaskInstance: user_processing.store_user scheduled__2023-07-11T00:00:00+00:00 [running]> on host ef71d3f52879
[2023-07-22T05:54:31.620+0000] {taskinstance.py:1592} INFO - Exporting the following env vars:
AIRFLOW_CTX_DAG_OWNER=***
AIRFLOW_CTX_DAG_ID=user_processing
AIRFLOW_CTX_TASK_ID=store_user
AIRFLOW_CTX_EXECUTION_DATE=2023-07-11T00:00:00+00:00
AIRFLOW_CTX_TRY_NUMBER=1
AIRFLOW_CTX_DAG_RUN_ID=scheduled__2023-07-11T00:00:00+00:00
[2023-07-22T05:54:31.622+0000] {postgres.py:129} INFO - Running copy expert: COPY users FROM stdin WITH DELIMITER as ',', filename: /tmp/processed_user.csv
[2023-07-22T05:54:31.653+0000] {base.py:71} INFO - Using connection ID 'postgres' for task execution.
[2023-07-22T05:54:31.672+0000] {python.py:177} INFO - Done. Returned value was: None
[2023-07-22T05:54:31.697+0000] {taskinstance.py:1406} INFO - Marking task as SUCCESS. dag_id=user_processing, task_id=store_user, execution_date=20230711T000000, start_date=20230722T055430, end_date=20230722T055431
[2023-07-22T05:54:31.769+0000] {local_task_job.py:164} INFO - Task exited with return code 0
[2023-07-22T05:54:31.809+0000] {local_task_job.py:273} INFO - 0 downstream tasks scheduled from follow-on schedule check
[2023-07-22T05:57:13.680+0000] {taskinstance.py:1165} INFO - Dependencies all met for <TaskInstance: user_processing.store_user scheduled__2023-07-11T00:00:00+00:00 [queued]>
[2023-07-22T05:57:13.700+0000] {taskinstance.py:1165} INFO - Dependencies all met for <TaskInstance: user_processing.store_user scheduled__2023-07-11T00:00:00+00:00 [queued]>
[2023-07-22T05:57:13.702+0000] {taskinstance.py:1362} INFO - 
--------------------------------------------------------------------------------
[2023-07-22T05:57:13.702+0000] {taskinstance.py:1363} INFO - Starting attempt 1 of 1
[2023-07-22T05:57:13.703+0000] {taskinstance.py:1364} INFO - 
--------------------------------------------------------------------------------
[2023-07-22T05:57:13.741+0000] {taskinstance.py:1383} INFO - Executing <Task(PythonOperator): store_user> on 2023-07-11 00:00:00+00:00
[2023-07-22T05:57:13.774+0000] {standard_task_runner.py:55} INFO - Started process 5602 to run task
[2023-07-22T05:57:13.801+0000] {standard_task_runner.py:82} INFO - Running: ['***', 'tasks', 'run', 'user_processing', 'store_user', 'scheduled__2023-07-11T00:00:00+00:00', '--job-id', '152', '--raw', '--subdir', 'DAGS_FOLDER/user_processing.py', '--cfg-path', '/tmp/tmpa4yc27yt']
[2023-07-22T05:57:13.806+0000] {standard_task_runner.py:83} INFO - Job 152: Subtask store_user
[2023-07-22T05:57:14.270+0000] {task_command.py:376} INFO - Running <TaskInstance: user_processing.store_user scheduled__2023-07-11T00:00:00+00:00 [running]> on host ef71d3f52879
[2023-07-22T05:57:14.533+0000] {taskinstance.py:1592} INFO - Exporting the following env vars:
AIRFLOW_CTX_DAG_OWNER=***
AIRFLOW_CTX_DAG_ID=user_processing
AIRFLOW_CTX_TASK_ID=store_user
AIRFLOW_CTX_EXECUTION_DATE=2023-07-11T00:00:00+00:00
AIRFLOW_CTX_TRY_NUMBER=1
AIRFLOW_CTX_DAG_RUN_ID=scheduled__2023-07-11T00:00:00+00:00
[2023-07-22T05:57:14.534+0000] {postgres.py:129} INFO - Running copy expert: COPY users FROM stdin WITH DELIMITER as ',', filename: /tmp/processed_user.csv
[2023-07-22T05:57:14.607+0000] {base.py:71} INFO - Using connection ID 'postgres' for task execution.
[2023-07-22T05:57:14.646+0000] {python.py:177} INFO - Done. Returned value was: None
[2023-07-22T05:57:14.744+0000] {taskinstance.py:1406} INFO - Marking task as SUCCESS. dag_id=user_processing, task_id=store_user, execution_date=20230711T000000, start_date=20230722T055713, end_date=20230722T055714
[2023-07-22T05:57:14.848+0000] {local_task_job.py:164} INFO - Task exited with return code 0
[2023-07-22T05:57:14.929+0000] {local_task_job.py:273} INFO - 0 downstream tasks scheduled from follow-on schedule check
