[2023-07-22T05:54:29.739+0000] {taskinstance.py:1165} INFO - Dependencies all met for <TaskInstance: user_processing.process_user scheduled__2023-07-12T00:00:00+00:00 [queued]>
[2023-07-22T05:54:29.852+0000] {taskinstance.py:1165} INFO - Dependencies all met for <TaskInstance: user_processing.process_user scheduled__2023-07-12T00:00:00+00:00 [queued]>
[2023-07-22T05:54:29.860+0000] {taskinstance.py:1362} INFO - 
--------------------------------------------------------------------------------
[2023-07-22T05:54:29.875+0000] {taskinstance.py:1363} INFO - Starting attempt 1 of 1
[2023-07-22T05:54:29.876+0000] {taskinstance.py:1364} INFO - 
--------------------------------------------------------------------------------
[2023-07-22T05:54:29.937+0000] {taskinstance.py:1383} INFO - Executing <Task(PythonOperator): process_user> on 2023-07-12 00:00:00+00:00
[2023-07-22T05:54:29.963+0000] {standard_task_runner.py:55} INFO - Started process 5266 to run task
[2023-07-22T05:54:29.986+0000] {standard_task_runner.py:82} INFO - Running: ['***', 'tasks', 'run', 'user_processing', 'process_user', 'scheduled__2023-07-12T00:00:00+00:00', '--job-id', '74', '--raw', '--subdir', 'DAGS_FOLDER/user_processing.py', '--cfg-path', '/tmp/tmp2o2y1e7n']
[2023-07-22T05:54:30.029+0000] {standard_task_runner.py:83} INFO - Job 74: Subtask process_user
[2023-07-22T05:54:30.297+0000] {task_command.py:376} INFO - Running <TaskInstance: user_processing.process_user scheduled__2023-07-12T00:00:00+00:00 [running]> on host ef71d3f52879
[2023-07-22T05:54:30.669+0000] {taskinstance.py:1592} INFO - Exporting the following env vars:
AIRFLOW_CTX_DAG_OWNER=***
AIRFLOW_CTX_DAG_ID=user_processing
AIRFLOW_CTX_TASK_ID=process_user
AIRFLOW_CTX_EXECUTION_DATE=2023-07-12T00:00:00+00:00
AIRFLOW_CTX_TRY_NUMBER=1
AIRFLOW_CTX_DAG_RUN_ID=scheduled__2023-07-12T00:00:00+00:00
[2023-07-22T05:54:30.826+0000] {python.py:177} INFO - Done. Returned value was: None
[2023-07-22T05:54:30.922+0000] {taskinstance.py:1406} INFO - Marking task as SUCCESS. dag_id=user_processing, task_id=process_user, execution_date=20230712T000000, start_date=20230722T055429, end_date=20230722T055430
[2023-07-22T05:54:31.132+0000] {local_task_job.py:164} INFO - Task exited with return code 0
[2023-07-22T05:54:31.244+0000] {local_task_job.py:273} INFO - 1 downstream tasks scheduled from follow-on schedule check
[2023-07-22T05:57:09.015+0000] {taskinstance.py:1165} INFO - Dependencies all met for <TaskInstance: user_processing.process_user scheduled__2023-07-12T00:00:00+00:00 [queued]>
[2023-07-22T05:57:09.053+0000] {taskinstance.py:1165} INFO - Dependencies all met for <TaskInstance: user_processing.process_user scheduled__2023-07-12T00:00:00+00:00 [queued]>
[2023-07-22T05:57:09.054+0000] {taskinstance.py:1362} INFO - 
--------------------------------------------------------------------------------
[2023-07-22T05:57:09.054+0000] {taskinstance.py:1363} INFO - Starting attempt 1 of 1
[2023-07-22T05:57:09.054+0000] {taskinstance.py:1364} INFO - 
--------------------------------------------------------------------------------
[2023-07-22T05:57:09.121+0000] {taskinstance.py:1383} INFO - Executing <Task(PythonOperator): process_user> on 2023-07-12 00:00:00+00:00
[2023-07-22T05:57:09.164+0000] {standard_task_runner.py:55} INFO - Started process 5567 to run task
[2023-07-22T05:57:09.310+0000] {standard_task_runner.py:82} INFO - Running: ['***', 'tasks', 'run', 'user_processing', 'process_user', 'scheduled__2023-07-12T00:00:00+00:00', '--job-id', '137', '--raw', '--subdir', 'DAGS_FOLDER/user_processing.py', '--cfg-path', '/tmp/tmp6simr3qj']
[2023-07-22T05:57:09.340+0000] {standard_task_runner.py:83} INFO - Job 137: Subtask process_user
[2023-07-22T05:57:09.715+0000] {task_command.py:376} INFO - Running <TaskInstance: user_processing.process_user scheduled__2023-07-12T00:00:00+00:00 [running]> on host ef71d3f52879
[2023-07-22T05:57:09.998+0000] {taskinstance.py:1592} INFO - Exporting the following env vars:
AIRFLOW_CTX_DAG_OWNER=***
AIRFLOW_CTX_DAG_ID=user_processing
AIRFLOW_CTX_TASK_ID=process_user
AIRFLOW_CTX_EXECUTION_DATE=2023-07-12T00:00:00+00:00
AIRFLOW_CTX_TRY_NUMBER=1
AIRFLOW_CTX_DAG_RUN_ID=scheduled__2023-07-12T00:00:00+00:00
[2023-07-22T05:57:10.076+0000] {python.py:177} INFO - Done. Returned value was: None
[2023-07-22T05:57:10.093+0000] {taskinstance.py:1406} INFO - Marking task as SUCCESS. dag_id=user_processing, task_id=process_user, execution_date=20230712T000000, start_date=20230722T055709, end_date=20230722T055710
[2023-07-22T05:57:10.155+0000] {local_task_job.py:164} INFO - Task exited with return code 0
[2023-07-22T05:57:10.223+0000] {local_task_job.py:273} INFO - 1 downstream tasks scheduled from follow-on schedule check
