[2023-07-22T05:54:29.675+0000] {taskinstance.py:1165} INFO - Dependencies all met for <TaskInstance: user_processing.process_user scheduled__2023-07-14T00:00:00+00:00 [queued]>
[2023-07-22T05:54:29.724+0000] {taskinstance.py:1165} INFO - Dependencies all met for <TaskInstance: user_processing.process_user scheduled__2023-07-14T00:00:00+00:00 [queued]>
[2023-07-22T05:54:29.725+0000] {taskinstance.py:1362} INFO - 
--------------------------------------------------------------------------------
[2023-07-22T05:54:29.725+0000] {taskinstance.py:1363} INFO - Starting attempt 1 of 1
[2023-07-22T05:54:29.725+0000] {taskinstance.py:1364} INFO - 
--------------------------------------------------------------------------------
[2023-07-22T05:54:29.831+0000] {taskinstance.py:1383} INFO - Executing <Task(PythonOperator): process_user> on 2023-07-14 00:00:00+00:00
[2023-07-22T05:54:29.881+0000] {standard_task_runner.py:55} INFO - Started process 5264 to run task
[2023-07-22T05:54:29.939+0000] {standard_task_runner.py:82} INFO - Running: ['***', 'tasks', 'run', 'user_processing', 'process_user', 'scheduled__2023-07-14T00:00:00+00:00', '--job-id', '73', '--raw', '--subdir', 'DAGS_FOLDER/user_processing.py', '--cfg-path', '/tmp/tmp5z4duwq2']
[2023-07-22T05:54:29.962+0000] {standard_task_runner.py:83} INFO - Job 73: Subtask process_user
[2023-07-22T05:54:30.297+0000] {task_command.py:376} INFO - Running <TaskInstance: user_processing.process_user scheduled__2023-07-14T00:00:00+00:00 [running]> on host ef71d3f52879
[2023-07-22T05:54:30.739+0000] {taskinstance.py:1592} INFO - Exporting the following env vars:
AIRFLOW_CTX_DAG_OWNER=***
AIRFLOW_CTX_DAG_ID=user_processing
AIRFLOW_CTX_TASK_ID=process_user
AIRFLOW_CTX_EXECUTION_DATE=2023-07-14T00:00:00+00:00
AIRFLOW_CTX_TRY_NUMBER=1
AIRFLOW_CTX_DAG_RUN_ID=scheduled__2023-07-14T00:00:00+00:00
[2023-07-22T05:54:30.969+0000] {python.py:177} INFO - Done. Returned value was: None
[2023-07-22T05:54:31.000+0000] {taskinstance.py:1406} INFO - Marking task as SUCCESS. dag_id=user_processing, task_id=process_user, execution_date=20230714T000000, start_date=20230722T055429, end_date=20230722T055431
[2023-07-22T05:54:31.160+0000] {local_task_job.py:164} INFO - Task exited with return code 0
[2023-07-22T05:54:31.297+0000] {local_task_job.py:273} INFO - 1 downstream tasks scheduled from follow-on schedule check
[2023-07-22T05:57:09.632+0000] {taskinstance.py:1165} INFO - Dependencies all met for <TaskInstance: user_processing.process_user scheduled__2023-07-14T00:00:00+00:00 [queued]>
[2023-07-22T05:57:09.667+0000] {taskinstance.py:1165} INFO - Dependencies all met for <TaskInstance: user_processing.process_user scheduled__2023-07-14T00:00:00+00:00 [queued]>
[2023-07-22T05:57:09.669+0000] {taskinstance.py:1362} INFO - 
--------------------------------------------------------------------------------
[2023-07-22T05:57:09.671+0000] {taskinstance.py:1363} INFO - Starting attempt 1 of 1
[2023-07-22T05:57:09.671+0000] {taskinstance.py:1364} INFO - 
--------------------------------------------------------------------------------
[2023-07-22T05:57:09.714+0000] {taskinstance.py:1383} INFO - Executing <Task(PythonOperator): process_user> on 2023-07-14 00:00:00+00:00
[2023-07-22T05:57:09.727+0000] {standard_task_runner.py:55} INFO - Started process 5571 to run task
[2023-07-22T05:57:09.772+0000] {standard_task_runner.py:82} INFO - Running: ['***', 'tasks', 'run', 'user_processing', 'process_user', 'scheduled__2023-07-14T00:00:00+00:00', '--job-id', '140', '--raw', '--subdir', 'DAGS_FOLDER/user_processing.py', '--cfg-path', '/tmp/tmptgwafyjj']
[2023-07-22T05:57:09.781+0000] {standard_task_runner.py:83} INFO - Job 140: Subtask process_user
[2023-07-22T05:57:10.065+0000] {task_command.py:376} INFO - Running <TaskInstance: user_processing.process_user scheduled__2023-07-14T00:00:00+00:00 [running]> on host ef71d3f52879
[2023-07-22T05:57:10.228+0000] {taskinstance.py:1592} INFO - Exporting the following env vars:
AIRFLOW_CTX_DAG_OWNER=***
AIRFLOW_CTX_DAG_ID=user_processing
AIRFLOW_CTX_TASK_ID=process_user
AIRFLOW_CTX_EXECUTION_DATE=2023-07-14T00:00:00+00:00
AIRFLOW_CTX_TRY_NUMBER=1
AIRFLOW_CTX_DAG_RUN_ID=scheduled__2023-07-14T00:00:00+00:00
[2023-07-22T05:57:10.262+0000] {python.py:177} INFO - Done. Returned value was: None
[2023-07-22T05:57:10.275+0000] {taskinstance.py:1406} INFO - Marking task as SUCCESS. dag_id=user_processing, task_id=process_user, execution_date=20230714T000000, start_date=20230722T055709, end_date=20230722T055710
[2023-07-22T05:57:10.331+0000] {local_task_job.py:164} INFO - Task exited with return code 0
[2023-07-22T05:57:10.409+0000] {local_task_job.py:273} INFO - 1 downstream tasks scheduled from follow-on schedule check
