[2023-07-22T05:54:29.961+0000] {taskinstance.py:1165} INFO - Dependencies all met for <TaskInstance: user_processing.store_user scheduled__2023-07-10T00:00:00+00:00 [queued]>
[2023-07-22T05:54:30.002+0000] {taskinstance.py:1165} INFO - Dependencies all met for <TaskInstance: user_processing.store_user scheduled__2023-07-10T00:00:00+00:00 [queued]>
[2023-07-22T05:54:30.003+0000] {taskinstance.py:1362} INFO - 
--------------------------------------------------------------------------------
[2023-07-22T05:54:30.003+0000] {taskinstance.py:1363} INFO - Starting attempt 1 of 1
[2023-07-22T05:54:30.004+0000] {taskinstance.py:1364} INFO - 
--------------------------------------------------------------------------------
[2023-07-22T05:54:30.109+0000] {taskinstance.py:1383} INFO - Executing <Task(PythonOperator): store_user> on 2023-07-10 00:00:00+00:00
[2023-07-22T05:54:30.170+0000] {standard_task_runner.py:55} INFO - Started process 5271 to run task
[2023-07-22T05:54:30.238+0000] {standard_task_runner.py:82} INFO - Running: ['***', 'tasks', 'run', 'user_processing', 'store_user', 'scheduled__2023-07-10T00:00:00+00:00', '--job-id', '76', '--raw', '--subdir', 'DAGS_FOLDER/user_processing.py', '--cfg-path', '/tmp/tmpzn7cgj8w']
[2023-07-22T05:54:30.266+0000] {standard_task_runner.py:83} INFO - Job 76: Subtask store_user
[2023-07-22T05:54:30.739+0000] {task_command.py:376} INFO - Running <TaskInstance: user_processing.store_user scheduled__2023-07-10T00:00:00+00:00 [running]> on host ef71d3f52879
[2023-07-22T05:54:31.083+0000] {taskinstance.py:1592} INFO - Exporting the following env vars:
AIRFLOW_CTX_DAG_OWNER=***
AIRFLOW_CTX_DAG_ID=user_processing
AIRFLOW_CTX_TASK_ID=store_user
AIRFLOW_CTX_EXECUTION_DATE=2023-07-10T00:00:00+00:00
AIRFLOW_CTX_TRY_NUMBER=1
AIRFLOW_CTX_DAG_RUN_ID=scheduled__2023-07-10T00:00:00+00:00
[2023-07-22T05:54:31.090+0000] {postgres.py:129} INFO - Running copy expert: COPY users FROM stdin WITH DELIMITER as ',', filename: /tmp/processed_user.csv
[2023-07-22T05:54:31.131+0000] {base.py:71} INFO - Using connection ID 'postgres' for task execution.
[2023-07-22T05:54:31.179+0000] {python.py:177} INFO - Done. Returned value was: None
[2023-07-22T05:54:31.208+0000] {taskinstance.py:1406} INFO - Marking task as SUCCESS. dag_id=user_processing, task_id=store_user, execution_date=20230710T000000, start_date=20230722T055429, end_date=20230722T055431
[2023-07-22T05:54:31.320+0000] {local_task_job.py:164} INFO - Task exited with return code 0
[2023-07-22T05:54:31.373+0000] {local_task_job.py:273} INFO - 0 downstream tasks scheduled from follow-on schedule check
[2023-07-22T05:57:08.408+0000] {taskinstance.py:1165} INFO - Dependencies all met for <TaskInstance: user_processing.store_user scheduled__2023-07-10T00:00:00+00:00 [queued]>
[2023-07-22T05:57:08.493+0000] {taskinstance.py:1165} INFO - Dependencies all met for <TaskInstance: user_processing.store_user scheduled__2023-07-10T00:00:00+00:00 [queued]>
[2023-07-22T05:57:08.495+0000] {taskinstance.py:1362} INFO - 
--------------------------------------------------------------------------------
[2023-07-22T05:57:08.495+0000] {taskinstance.py:1363} INFO - Starting attempt 1 of 1
[2023-07-22T05:57:08.495+0000] {taskinstance.py:1364} INFO - 
--------------------------------------------------------------------------------
[2023-07-22T05:57:08.549+0000] {taskinstance.py:1383} INFO - Executing <Task(PythonOperator): store_user> on 2023-07-10 00:00:00+00:00
[2023-07-22T05:57:08.562+0000] {standard_task_runner.py:55} INFO - Started process 5562 to run task
[2023-07-22T05:57:08.641+0000] {standard_task_runner.py:82} INFO - Running: ['***', 'tasks', 'run', 'user_processing', 'store_user', 'scheduled__2023-07-10T00:00:00+00:00', '--job-id', '131', '--raw', '--subdir', 'DAGS_FOLDER/user_processing.py', '--cfg-path', '/tmp/tmp5m60it9t']
[2023-07-22T05:57:08.646+0000] {standard_task_runner.py:83} INFO - Job 131: Subtask store_user
[2023-07-22T05:57:09.070+0000] {task_command.py:376} INFO - Running <TaskInstance: user_processing.store_user scheduled__2023-07-10T00:00:00+00:00 [running]> on host ef71d3f52879
[2023-07-22T05:57:09.428+0000] {taskinstance.py:1592} INFO - Exporting the following env vars:
AIRFLOW_CTX_DAG_OWNER=***
AIRFLOW_CTX_DAG_ID=user_processing
AIRFLOW_CTX_TASK_ID=store_user
AIRFLOW_CTX_EXECUTION_DATE=2023-07-10T00:00:00+00:00
AIRFLOW_CTX_TRY_NUMBER=1
AIRFLOW_CTX_DAG_RUN_ID=scheduled__2023-07-10T00:00:00+00:00
[2023-07-22T05:57:09.435+0000] {postgres.py:129} INFO - Running copy expert: COPY users FROM stdin WITH DELIMITER as ',', filename: /tmp/processed_user.csv
[2023-07-22T05:57:09.461+0000] {base.py:71} INFO - Using connection ID 'postgres' for task execution.
[2023-07-22T05:57:09.496+0000] {python.py:177} INFO - Done. Returned value was: None
[2023-07-22T05:57:09.540+0000] {taskinstance.py:1406} INFO - Marking task as SUCCESS. dag_id=user_processing, task_id=store_user, execution_date=20230710T000000, start_date=20230722T055708, end_date=20230722T055709
[2023-07-22T05:57:09.637+0000] {local_task_job.py:164} INFO - Task exited with return code 0
[2023-07-22T05:57:09.703+0000] {local_task_job.py:273} INFO - 0 downstream tasks scheduled from follow-on schedule check
