[2023-07-22T05:54:36.291+0000] {taskinstance.py:1165} INFO - Dependencies all met for <TaskInstance: user_processing.store_user scheduled__2023-07-21T00:00:00+00:00 [queued]>
[2023-07-22T05:54:36.298+0000] {taskinstance.py:1165} INFO - Dependencies all met for <TaskInstance: user_processing.store_user scheduled__2023-07-21T00:00:00+00:00 [queued]>
[2023-07-22T05:54:36.299+0000] {taskinstance.py:1362} INFO - 
--------------------------------------------------------------------------------
[2023-07-22T05:54:36.299+0000] {taskinstance.py:1363} INFO - Starting attempt 1 of 1
[2023-07-22T05:54:36.299+0000] {taskinstance.py:1364} INFO - 
--------------------------------------------------------------------------------
[2023-07-22T05:54:36.312+0000] {taskinstance.py:1383} INFO - Executing <Task(PythonOperator): store_user> on 2023-07-21 00:00:00+00:00
[2023-07-22T05:54:36.319+0000] {standard_task_runner.py:55} INFO - Started process 5310 to run task
[2023-07-22T05:54:36.324+0000] {standard_task_runner.py:82} INFO - Running: ['***', 'tasks', 'run', 'user_processing', 'store_user', 'scheduled__2023-07-21T00:00:00+00:00', '--job-id', '92', '--raw', '--subdir', 'DAGS_FOLDER/user_processing.py', '--cfg-path', '/tmp/tmpjv1779wk']
[2023-07-22T05:54:36.328+0000] {standard_task_runner.py:83} INFO - Job 92: Subtask store_user
[2023-07-22T05:54:36.396+0000] {task_command.py:376} INFO - Running <TaskInstance: user_processing.store_user scheduled__2023-07-21T00:00:00+00:00 [running]> on host ef71d3f52879
[2023-07-22T05:54:36.462+0000] {taskinstance.py:1592} INFO - Exporting the following env vars:
AIRFLOW_CTX_DAG_OWNER=***
AIRFLOW_CTX_DAG_ID=user_processing
AIRFLOW_CTX_TASK_ID=store_user
AIRFLOW_CTX_EXECUTION_DATE=2023-07-21T00:00:00+00:00
AIRFLOW_CTX_TRY_NUMBER=1
AIRFLOW_CTX_DAG_RUN_ID=scheduled__2023-07-21T00:00:00+00:00
[2023-07-22T05:54:36.463+0000] {postgres.py:129} INFO - Running copy expert: COPY users FROM stdin WITH DELIMITER as ',', filename: /tmp/processed_user.csv
[2023-07-22T05:54:36.474+0000] {base.py:71} INFO - Using connection ID 'postgres' for task execution.
[2023-07-22T05:54:36.487+0000] {python.py:177} INFO - Done. Returned value was: None
[2023-07-22T05:54:36.502+0000] {taskinstance.py:1406} INFO - Marking task as SUCCESS. dag_id=user_processing, task_id=store_user, execution_date=20230721T000000, start_date=20230722T055436, end_date=20230722T055436
[2023-07-22T05:54:36.540+0000] {local_task_job.py:164} INFO - Task exited with return code 0
[2023-07-22T05:54:36.559+0000] {local_task_job.py:273} INFO - 0 downstream tasks scheduled from follow-on schedule check
[2023-07-22T05:57:14.232+0000] {taskinstance.py:1165} INFO - Dependencies all met for <TaskInstance: user_processing.store_user scheduled__2023-07-21T00:00:00+00:00 [queued]>
[2023-07-22T05:57:14.281+0000] {taskinstance.py:1165} INFO - Dependencies all met for <TaskInstance: user_processing.store_user scheduled__2023-07-21T00:00:00+00:00 [queued]>
[2023-07-22T05:57:14.288+0000] {taskinstance.py:1362} INFO - 
--------------------------------------------------------------------------------
[2023-07-22T05:57:14.288+0000] {taskinstance.py:1363} INFO - Starting attempt 1 of 1
[2023-07-22T05:57:14.288+0000] {taskinstance.py:1364} INFO - 
--------------------------------------------------------------------------------
[2023-07-22T05:57:14.349+0000] {taskinstance.py:1383} INFO - Executing <Task(PythonOperator): store_user> on 2023-07-21 00:00:00+00:00
[2023-07-22T05:57:14.358+0000] {standard_task_runner.py:55} INFO - Started process 5606 to run task
[2023-07-22T05:57:14.466+0000] {standard_task_runner.py:82} INFO - Running: ['***', 'tasks', 'run', 'user_processing', 'store_user', 'scheduled__2023-07-21T00:00:00+00:00', '--job-id', '153', '--raw', '--subdir', 'DAGS_FOLDER/user_processing.py', '--cfg-path', '/tmp/tmp5c2j5zbd']
[2023-07-22T05:57:14.514+0000] {standard_task_runner.py:83} INFO - Job 153: Subtask store_user
[2023-07-22T05:57:14.766+0000] {task_command.py:376} INFO - Running <TaskInstance: user_processing.store_user scheduled__2023-07-21T00:00:00+00:00 [running]> on host ef71d3f52879
[2023-07-22T05:57:14.909+0000] {taskinstance.py:1592} INFO - Exporting the following env vars:
AIRFLOW_CTX_DAG_OWNER=***
AIRFLOW_CTX_DAG_ID=user_processing
AIRFLOW_CTX_TASK_ID=store_user
AIRFLOW_CTX_EXECUTION_DATE=2023-07-21T00:00:00+00:00
AIRFLOW_CTX_TRY_NUMBER=1
AIRFLOW_CTX_DAG_RUN_ID=scheduled__2023-07-21T00:00:00+00:00
[2023-07-22T05:57:14.910+0000] {postgres.py:129} INFO - Running copy expert: COPY users FROM stdin WITH DELIMITER as ',', filename: /tmp/processed_user.csv
[2023-07-22T05:57:14.921+0000] {base.py:71} INFO - Using connection ID 'postgres' for task execution.
[2023-07-22T05:57:14.958+0000] {python.py:177} INFO - Done. Returned value was: None
[2023-07-22T05:57:14.989+0000] {taskinstance.py:1406} INFO - Marking task as SUCCESS. dag_id=user_processing, task_id=store_user, execution_date=20230721T000000, start_date=20230722T055714, end_date=20230722T055714
[2023-07-22T05:57:15.060+0000] {local_task_job.py:164} INFO - Task exited with return code 0
[2023-07-22T05:57:15.118+0000] {local_task_job.py:273} INFO - 0 downstream tasks scheduled from follow-on schedule check
