[2023-07-22T05:54:17.427+0000] {taskinstance.py:1165} INFO - Dependencies all met for <TaskInstance: user_processing.is_api_available scheduled__2023-07-15T00:00:00+00:00 [queued]>
[2023-07-22T05:54:17.460+0000] {taskinstance.py:1165} INFO - Dependencies all met for <TaskInstance: user_processing.is_api_available scheduled__2023-07-15T00:00:00+00:00 [queued]>
[2023-07-22T05:54:17.464+0000] {taskinstance.py:1362} INFO - 
--------------------------------------------------------------------------------
[2023-07-22T05:54:17.464+0000] {taskinstance.py:1363} INFO - Starting attempt 1 of 1
[2023-07-22T05:54:17.464+0000] {taskinstance.py:1364} INFO - 
--------------------------------------------------------------------------------
[2023-07-22T05:54:17.538+0000] {taskinstance.py:1383} INFO - Executing <Task(HttpSensor): is_api_available> on 2023-07-15 00:00:00+00:00
[2023-07-22T05:54:17.549+0000] {standard_task_runner.py:55} INFO - Started process 5191 to run task
[2023-07-22T05:54:17.555+0000] {standard_task_runner.py:82} INFO - Running: ['***', 'tasks', 'run', 'user_processing', 'is_api_available', 'scheduled__2023-07-15T00:00:00+00:00', '--job-id', '53', '--raw', '--subdir', 'DAGS_FOLDER/user_processing.py', '--cfg-path', '/tmp/tmpnrw04a1k']
[2023-07-22T05:54:17.563+0000] {standard_task_runner.py:83} INFO - Job 53: Subtask is_api_available
[2023-07-22T05:54:17.739+0000] {task_command.py:376} INFO - Running <TaskInstance: user_processing.is_api_available scheduled__2023-07-15T00:00:00+00:00 [running]> on host ef71d3f52879
[2023-07-22T05:54:18.172+0000] {taskinstance.py:1592} INFO - Exporting the following env vars:
AIRFLOW_CTX_DAG_OWNER=***
AIRFLOW_CTX_DAG_ID=user_processing
AIRFLOW_CTX_TASK_ID=is_api_available
AIRFLOW_CTX_EXECUTION_DATE=2023-07-15T00:00:00+00:00
AIRFLOW_CTX_TRY_NUMBER=1
AIRFLOW_CTX_DAG_RUN_ID=scheduled__2023-07-15T00:00:00+00:00
[2023-07-22T05:54:18.189+0000] {http.py:120} INFO - Poking: api/
[2023-07-22T05:54:18.305+0000] {base.py:71} INFO - Using connection ID 'user_api' for task execution.
[2023-07-22T05:54:18.310+0000] {http.py:148} INFO - Sending 'GET' to url: https://randomuser.me/api/
[2023-07-22T05:54:19.108+0000] {base.py:213} INFO - Success criteria met. Exiting.
[2023-07-22T05:54:19.126+0000] {taskinstance.py:1406} INFO - Marking task as SUCCESS. dag_id=user_processing, task_id=is_api_available, execution_date=20230715T000000, start_date=20230722T055417, end_date=20230722T055419
[2023-07-22T05:54:19.231+0000] {local_task_job.py:164} INFO - Task exited with return code 0
[2023-07-22T05:54:19.785+0000] {local_task_job.py:273} INFO - 1 downstream tasks scheduled from follow-on schedule check
[2023-07-22T05:56:57.778+0000] {taskinstance.py:1165} INFO - Dependencies all met for <TaskInstance: user_processing.is_api_available scheduled__2023-07-15T00:00:00+00:00 [queued]>
[2023-07-22T05:56:57.806+0000] {taskinstance.py:1165} INFO - Dependencies all met for <TaskInstance: user_processing.is_api_available scheduled__2023-07-15T00:00:00+00:00 [queued]>
[2023-07-22T05:56:57.807+0000] {taskinstance.py:1362} INFO - 
--------------------------------------------------------------------------------
[2023-07-22T05:56:57.807+0000] {taskinstance.py:1363} INFO - Starting attempt 1 of 1
[2023-07-22T05:56:57.807+0000] {taskinstance.py:1364} INFO - 
--------------------------------------------------------------------------------
[2023-07-22T05:56:57.832+0000] {taskinstance.py:1383} INFO - Executing <Task(HttpSensor): is_api_available> on 2023-07-15 00:00:00+00:00
[2023-07-22T05:56:57.862+0000] {standard_task_runner.py:55} INFO - Started process 5480 to run task
[2023-07-22T05:56:57.922+0000] {standard_task_runner.py:82} INFO - Running: ['***', 'tasks', 'run', 'user_processing', 'is_api_available', 'scheduled__2023-07-15T00:00:00+00:00', '--job-id', '107', '--raw', '--subdir', 'DAGS_FOLDER/user_processing.py', '--cfg-path', '/tmp/tmp6t0zypf5']
[2023-07-22T05:56:57.938+0000] {standard_task_runner.py:83} INFO - Job 107: Subtask is_api_available
[2023-07-22T05:56:58.265+0000] {task_command.py:376} INFO - Running <TaskInstance: user_processing.is_api_available scheduled__2023-07-15T00:00:00+00:00 [running]> on host ef71d3f52879
[2023-07-22T05:56:58.510+0000] {taskinstance.py:1592} INFO - Exporting the following env vars:
AIRFLOW_CTX_DAG_OWNER=***
AIRFLOW_CTX_DAG_ID=user_processing
AIRFLOW_CTX_TASK_ID=is_api_available
AIRFLOW_CTX_EXECUTION_DATE=2023-07-15T00:00:00+00:00
AIRFLOW_CTX_TRY_NUMBER=1
AIRFLOW_CTX_DAG_RUN_ID=scheduled__2023-07-15T00:00:00+00:00
[2023-07-22T05:56:58.514+0000] {http.py:120} INFO - Poking: api/
[2023-07-22T05:56:58.535+0000] {base.py:71} INFO - Using connection ID 'user_api' for task execution.
[2023-07-22T05:56:58.548+0000] {http.py:148} INFO - Sending 'GET' to url: https://randomuser.me/api/
[2023-07-22T05:56:59.247+0000] {base.py:213} INFO - Success criteria met. Exiting.
[2023-07-22T05:56:59.265+0000] {taskinstance.py:1406} INFO - Marking task as SUCCESS. dag_id=user_processing, task_id=is_api_available, execution_date=20230715T000000, start_date=20230722T055657, end_date=20230722T055659
[2023-07-22T05:56:59.304+0000] {local_task_job.py:164} INFO - Task exited with return code 0
[2023-07-22T05:56:59.354+0000] {local_task_job.py:273} INFO - 1 downstream tasks scheduled from follow-on schedule check
