[2023-07-22T04:21:07.974+0000] {taskinstance.py:1165} INFO - Dependencies all met for <TaskInstance: user_processing.process_user manual__2023-07-22T04:21:01.117387+00:00 [queued]>
[2023-07-22T04:21:07.980+0000] {taskinstance.py:1165} INFO - Dependencies all met for <TaskInstance: user_processing.process_user manual__2023-07-22T04:21:01.117387+00:00 [queued]>
[2023-07-22T04:21:07.981+0000] {taskinstance.py:1362} INFO - 
--------------------------------------------------------------------------------
[2023-07-22T04:21:07.981+0000] {taskinstance.py:1363} INFO - Starting attempt 1 of 1
[2023-07-22T04:21:07.981+0000] {taskinstance.py:1364} INFO - 
--------------------------------------------------------------------------------
[2023-07-22T04:21:07.989+0000] {taskinstance.py:1383} INFO - Executing <Task(PythonOperator): process_user> on 2023-07-22 04:21:01.117387+00:00
[2023-07-22T04:21:07.994+0000] {standard_task_runner.py:55} INFO - Started process 506 to run task
[2023-07-22T04:21:07.997+0000] {standard_task_runner.py:82} INFO - Running: ['***', 'tasks', 'run', 'user_processing', 'process_user', 'manual__2023-07-22T04:21:01.117387+00:00', '--job-id', '7', '--raw', '--subdir', 'DAGS_FOLDER/user_processing.py', '--cfg-path', '/tmp/tmpo9uhig3p']
[2023-07-22T04:21:07.999+0000] {standard_task_runner.py:83} INFO - Job 7: Subtask process_user
[2023-07-22T04:21:08.059+0000] {task_command.py:376} INFO - Running <TaskInstance: user_processing.process_user manual__2023-07-22T04:21:01.117387+00:00 [running]> on host ef71d3f52879
[2023-07-22T04:21:08.123+0000] {taskinstance.py:1592} INFO - Exporting the following env vars:
AIRFLOW_CTX_DAG_OWNER=***
AIRFLOW_CTX_DAG_ID=user_processing
AIRFLOW_CTX_TASK_ID=process_user
AIRFLOW_CTX_EXECUTION_DATE=2023-07-22T04:21:01.117387+00:00
AIRFLOW_CTX_TRY_NUMBER=1
AIRFLOW_CTX_DAG_RUN_ID=manual__2023-07-22T04:21:01.117387+00:00
[2023-07-22T04:21:08.144+0000] {python.py:177} INFO - Done. Returned value was: None
[2023-07-22T04:21:08.154+0000] {taskinstance.py:1406} INFO - Marking task as SUCCESS. dag_id=user_processing, task_id=process_user, execution_date=20230722T042101, start_date=20230722T042107, end_date=20230722T042108
[2023-07-22T04:21:08.170+0000] {local_task_job.py:164} INFO - Task exited with return code 0
[2023-07-22T04:21:08.190+0000] {local_task_job.py:273} INFO - 1 downstream tasks scheduled from follow-on schedule check
