[2023-07-23T06:19:06.170+0000] {taskinstance.py:1165} INFO - Dependencies all met for <TaskInstance: xcom_dag.t1 manual__2023-07-23T06:19:04.861556+00:00 [queued]>
[2023-07-23T06:19:06.177+0000] {taskinstance.py:1165} INFO - Dependencies all met for <TaskInstance: xcom_dag.t1 manual__2023-07-23T06:19:04.861556+00:00 [queued]>
[2023-07-23T06:19:06.177+0000] {taskinstance.py:1362} INFO - 
--------------------------------------------------------------------------------
[2023-07-23T06:19:06.178+0000] {taskinstance.py:1363} INFO - Starting attempt 1 of 1
[2023-07-23T06:19:06.178+0000] {taskinstance.py:1364} INFO - 
--------------------------------------------------------------------------------
[2023-07-23T06:19:06.186+0000] {taskinstance.py:1383} INFO - Executing <Task(PythonOperator): t1> on 2023-07-23 06:19:04.861556+00:00
[2023-07-23T06:19:06.191+0000] {standard_task_runner.py:55} INFO - Started process 29855 to run task
[2023-07-23T06:19:06.195+0000] {standard_task_runner.py:82} INFO - Running: ['***', 'tasks', 'run', 'xcom_dag', 't1', 'manual__2023-07-23T06:19:04.861556+00:00', '--job-id', '191', '--raw', '--subdir', 'DAGS_FOLDER/xcom_dag.py', '--cfg-path', '/tmp/tmpu28bjcsg']
[2023-07-23T06:19:06.196+0000] {standard_task_runner.py:83} INFO - Job 191: Subtask t1
[2023-07-23T06:19:06.252+0000] {task_command.py:376} INFO - Running <TaskInstance: xcom_dag.t1 manual__2023-07-23T06:19:04.861556+00:00 [running]> on host ef71d3f52879
[2023-07-23T06:19:06.309+0000] {taskinstance.py:1592} INFO - Exporting the following env vars:
AIRFLOW_CTX_DAG_OWNER=***
AIRFLOW_CTX_DAG_ID=xcom_dag
AIRFLOW_CTX_TASK_ID=t1
AIRFLOW_CTX_EXECUTION_DATE=2023-07-23T06:19:04.861556+00:00
AIRFLOW_CTX_TRY_NUMBER=1
AIRFLOW_CTX_DAG_RUN_ID=manual__2023-07-23T06:19:04.861556+00:00
[2023-07-23T06:19:06.323+0000] {python.py:177} INFO - Done. Returned value was: None
[2023-07-23T06:19:06.334+0000] {taskinstance.py:1406} INFO - Marking task as SUCCESS. dag_id=xcom_dag, task_id=t1, execution_date=20230723T061904, start_date=20230723T061906, end_date=20230723T061906
[2023-07-23T06:19:06.368+0000] {local_task_job.py:164} INFO - Task exited with return code 0
[2023-07-23T06:19:06.394+0000] {local_task_job.py:273} INFO - 1 downstream tasks scheduled from follow-on schedule check
