[2023-07-22T05:54:35.625+0000] {taskinstance.py:1165} INFO - Dependencies all met for <TaskInstance: user_processing.store_user scheduled__2023-07-18T00:00:00+00:00 [queued]>
[2023-07-22T05:54:35.660+0000] {taskinstance.py:1165} INFO - Dependencies all met for <TaskInstance: user_processing.store_user scheduled__2023-07-18T00:00:00+00:00 [queued]>
[2023-07-22T05:54:35.661+0000] {taskinstance.py:1362} INFO - 
--------------------------------------------------------------------------------
[2023-07-22T05:54:35.661+0000] {taskinstance.py:1363} INFO - Starting attempt 1 of 1
[2023-07-22T05:54:35.661+0000] {taskinstance.py:1364} INFO - 
--------------------------------------------------------------------------------
[2023-07-22T05:54:35.700+0000] {taskinstance.py:1383} INFO - Executing <Task(PythonOperator): store_user> on 2023-07-18 00:00:00+00:00
[2023-07-22T05:54:35.717+0000] {standard_task_runner.py:55} INFO - Started process 5306 to run task
[2023-07-22T05:54:35.729+0000] {standard_task_runner.py:82} INFO - Running: ['***', 'tasks', 'run', 'user_processing', 'store_user', 'scheduled__2023-07-18T00:00:00+00:00', '--job-id', '90', '--raw', '--subdir', 'DAGS_FOLDER/user_processing.py', '--cfg-path', '/tmp/tmpou8y8ebi']
[2023-07-22T05:54:35.731+0000] {standard_task_runner.py:83} INFO - Job 90: Subtask store_user
[2023-07-22T05:54:35.926+0000] {task_command.py:376} INFO - Running <TaskInstance: user_processing.store_user scheduled__2023-07-18T00:00:00+00:00 [running]> on host ef71d3f52879
[2023-07-22T05:54:36.075+0000] {taskinstance.py:1592} INFO - Exporting the following env vars:
AIRFLOW_CTX_DAG_OWNER=***
AIRFLOW_CTX_DAG_ID=user_processing
AIRFLOW_CTX_TASK_ID=store_user
AIRFLOW_CTX_EXECUTION_DATE=2023-07-18T00:00:00+00:00
AIRFLOW_CTX_TRY_NUMBER=1
AIRFLOW_CTX_DAG_RUN_ID=scheduled__2023-07-18T00:00:00+00:00
[2023-07-22T05:54:36.081+0000] {postgres.py:129} INFO - Running copy expert: COPY users FROM stdin WITH DELIMITER as ',', filename: /tmp/processed_user.csv
[2023-07-22T05:54:36.097+0000] {base.py:71} INFO - Using connection ID 'postgres' for task execution.
[2023-07-22T05:54:36.105+0000] {python.py:177} INFO - Done. Returned value was: None
[2023-07-22T05:54:36.119+0000] {taskinstance.py:1406} INFO - Marking task as SUCCESS. dag_id=user_processing, task_id=store_user, execution_date=20230718T000000, start_date=20230722T055435, end_date=20230722T055436
[2023-07-22T05:54:36.153+0000] {local_task_job.py:164} INFO - Task exited with return code 0
[2023-07-22T05:54:36.180+0000] {local_task_job.py:273} INFO - 0 downstream tasks scheduled from follow-on schedule check
[2023-07-22T05:57:13.440+0000] {taskinstance.py:1165} INFO - Dependencies all met for <TaskInstance: user_processing.store_user scheduled__2023-07-18T00:00:00+00:00 [queued]>
[2023-07-22T05:57:13.520+0000] {taskinstance.py:1165} INFO - Dependencies all met for <TaskInstance: user_processing.store_user scheduled__2023-07-18T00:00:00+00:00 [queued]>
[2023-07-22T05:57:13.520+0000] {taskinstance.py:1362} INFO - 
--------------------------------------------------------------------------------
[2023-07-22T05:57:13.520+0000] {taskinstance.py:1363} INFO - Starting attempt 1 of 1
[2023-07-22T05:57:13.520+0000] {taskinstance.py:1364} INFO - 
--------------------------------------------------------------------------------
[2023-07-22T05:57:13.559+0000] {taskinstance.py:1383} INFO - Executing <Task(PythonOperator): store_user> on 2023-07-18 00:00:00+00:00
[2023-07-22T05:57:13.574+0000] {standard_task_runner.py:55} INFO - Started process 5600 to run task
[2023-07-22T05:57:13.672+0000] {standard_task_runner.py:82} INFO - Running: ['***', 'tasks', 'run', 'user_processing', 'store_user', 'scheduled__2023-07-18T00:00:00+00:00', '--job-id', '148', '--raw', '--subdir', 'DAGS_FOLDER/user_processing.py', '--cfg-path', '/tmp/tmp18906ka8']
[2023-07-22T05:57:13.726+0000] {standard_task_runner.py:83} INFO - Job 148: Subtask store_user
[2023-07-22T05:57:14.219+0000] {task_command.py:376} INFO - Running <TaskInstance: user_processing.store_user scheduled__2023-07-18T00:00:00+00:00 [running]> on host ef71d3f52879
[2023-07-22T05:57:14.574+0000] {taskinstance.py:1592} INFO - Exporting the following env vars:
AIRFLOW_CTX_DAG_OWNER=***
AIRFLOW_CTX_DAG_ID=user_processing
AIRFLOW_CTX_TASK_ID=store_user
AIRFLOW_CTX_EXECUTION_DATE=2023-07-18T00:00:00+00:00
AIRFLOW_CTX_TRY_NUMBER=1
AIRFLOW_CTX_DAG_RUN_ID=scheduled__2023-07-18T00:00:00+00:00
[2023-07-22T05:57:14.576+0000] {postgres.py:129} INFO - Running copy expert: COPY users FROM stdin WITH DELIMITER as ',', filename: /tmp/processed_user.csv
[2023-07-22T05:57:14.637+0000] {base.py:71} INFO - Using connection ID 'postgres' for task execution.
[2023-07-22T05:57:14.660+0000] {python.py:177} INFO - Done. Returned value was: None
[2023-07-22T05:57:14.701+0000] {taskinstance.py:1406} INFO - Marking task as SUCCESS. dag_id=user_processing, task_id=store_user, execution_date=20230718T000000, start_date=20230722T055713, end_date=20230722T055714
[2023-07-22T05:57:14.796+0000] {local_task_job.py:164} INFO - Task exited with return code 0
[2023-07-22T05:57:14.948+0000] {local_task_job.py:273} INFO - 0 downstream tasks scheduled from follow-on schedule check
