[2023-07-22T05:54:20.671+0000] {taskinstance.py:1165} INFO - Dependencies all met for <TaskInstance: user_processing.extract_user scheduled__2023-07-11T00:00:00+00:00 [queued]>
[2023-07-22T05:54:20.732+0000] {taskinstance.py:1165} INFO - Dependencies all met for <TaskInstance: user_processing.extract_user scheduled__2023-07-11T00:00:00+00:00 [queued]>
[2023-07-22T05:54:20.738+0000] {taskinstance.py:1362} INFO - 
--------------------------------------------------------------------------------
[2023-07-22T05:54:20.739+0000] {taskinstance.py:1363} INFO - Starting attempt 1 of 1
[2023-07-22T05:54:20.739+0000] {taskinstance.py:1364} INFO - 
--------------------------------------------------------------------------------
[2023-07-22T05:54:20.810+0000] {taskinstance.py:1383} INFO - Executing <Task(SimpleHttpOperator): extract_user> on 2023-07-11 00:00:00+00:00
[2023-07-22T05:54:20.841+0000] {standard_task_runner.py:55} INFO - Started process 5206 to run task
[2023-07-22T05:54:20.850+0000] {standard_task_runner.py:82} INFO - Running: ['***', 'tasks', 'run', 'user_processing', 'extract_user', 'scheduled__2023-07-11T00:00:00+00:00', '--job-id', '59', '--raw', '--subdir', 'DAGS_FOLDER/user_processing.py', '--cfg-path', '/tmp/tmpipi6xjlx']
[2023-07-22T05:54:20.866+0000] {standard_task_runner.py:83} INFO - Job 59: Subtask extract_user
[2023-07-22T05:54:21.177+0000] {task_command.py:376} INFO - Running <TaskInstance: user_processing.extract_user scheduled__2023-07-11T00:00:00+00:00 [running]> on host ef71d3f52879
[2023-07-22T05:54:21.525+0000] {taskinstance.py:1592} INFO - Exporting the following env vars:
AIRFLOW_CTX_DAG_OWNER=***
AIRFLOW_CTX_DAG_ID=user_processing
AIRFLOW_CTX_TASK_ID=extract_user
AIRFLOW_CTX_EXECUTION_DATE=2023-07-11T00:00:00+00:00
AIRFLOW_CTX_TRY_NUMBER=1
AIRFLOW_CTX_DAG_RUN_ID=scheduled__2023-07-11T00:00:00+00:00
[2023-07-22T05:54:21.536+0000] {http.py:121} INFO - Calling HTTP method
[2023-07-22T05:54:21.587+0000] {base.py:71} INFO - Using connection ID 'user_api' for task execution.
[2023-07-22T05:54:21.589+0000] {http.py:148} INFO - Sending 'GET' to url: https://randomuser.me/api/
[2023-07-22T05:54:22.386+0000] {taskinstance.py:1406} INFO - Marking task as SUCCESS. dag_id=user_processing, task_id=extract_user, execution_date=20230711T000000, start_date=20230722T055420, end_date=20230722T055422
[2023-07-22T05:54:22.602+0000] {local_task_job.py:164} INFO - Task exited with return code 0
[2023-07-22T05:54:23.074+0000] {local_task_job.py:273} INFO - 1 downstream tasks scheduled from follow-on schedule check
[2023-07-22T05:57:03.512+0000] {taskinstance.py:1165} INFO - Dependencies all met for <TaskInstance: user_processing.extract_user scheduled__2023-07-11T00:00:00+00:00 [queued]>
[2023-07-22T05:57:03.614+0000] {taskinstance.py:1165} INFO - Dependencies all met for <TaskInstance: user_processing.extract_user scheduled__2023-07-11T00:00:00+00:00 [queued]>
[2023-07-22T05:57:03.627+0000] {taskinstance.py:1362} INFO - 
--------------------------------------------------------------------------------
[2023-07-22T05:57:03.628+0000] {taskinstance.py:1363} INFO - Starting attempt 1 of 1
[2023-07-22T05:57:03.634+0000] {taskinstance.py:1364} INFO - 
--------------------------------------------------------------------------------
[2023-07-22T05:57:03.835+0000] {taskinstance.py:1383} INFO - Executing <Task(SimpleHttpOperator): extract_user> on 2023-07-11 00:00:00+00:00
[2023-07-22T05:57:03.851+0000] {standard_task_runner.py:55} INFO - Started process 5521 to run task
[2023-07-22T05:57:03.863+0000] {standard_task_runner.py:82} INFO - Running: ['***', 'tasks', 'run', 'user_processing', 'extract_user', 'scheduled__2023-07-11T00:00:00+00:00', '--job-id', '122', '--raw', '--subdir', 'DAGS_FOLDER/user_processing.py', '--cfg-path', '/tmp/tmp7ikgmnsf']
[2023-07-22T05:57:03.876+0000] {standard_task_runner.py:83} INFO - Job 122: Subtask extract_user
[2023-07-22T05:57:04.046+0000] {task_command.py:376} INFO - Running <TaskInstance: user_processing.extract_user scheduled__2023-07-11T00:00:00+00:00 [running]> on host ef71d3f52879
[2023-07-22T05:57:04.294+0000] {taskinstance.py:1592} INFO - Exporting the following env vars:
AIRFLOW_CTX_DAG_OWNER=***
AIRFLOW_CTX_DAG_ID=user_processing
AIRFLOW_CTX_TASK_ID=extract_user
AIRFLOW_CTX_EXECUTION_DATE=2023-07-11T00:00:00+00:00
AIRFLOW_CTX_TRY_NUMBER=1
AIRFLOW_CTX_DAG_RUN_ID=scheduled__2023-07-11T00:00:00+00:00
[2023-07-22T05:57:04.296+0000] {http.py:121} INFO - Calling HTTP method
[2023-07-22T05:57:04.312+0000] {base.py:71} INFO - Using connection ID 'user_api' for task execution.
[2023-07-22T05:57:04.318+0000] {http.py:148} INFO - Sending 'GET' to url: https://randomuser.me/api/
[2023-07-22T05:57:05.066+0000] {taskinstance.py:1406} INFO - Marking task as SUCCESS. dag_id=user_processing, task_id=extract_user, execution_date=20230711T000000, start_date=20230722T055703, end_date=20230722T055705
[2023-07-22T05:57:05.145+0000] {local_task_job.py:164} INFO - Task exited with return code 0
[2023-07-22T05:57:05.209+0000] {local_task_job.py:273} INFO - 0 downstream tasks scheduled from follow-on schedule check
