[2023-07-22T05:54:19.008+0000] {taskinstance.py:1165} INFO - Dependencies all met for <TaskInstance: user_processing.extract_user scheduled__2023-07-10T00:00:00+00:00 [queued]>
[2023-07-22T05:54:19.043+0000] {taskinstance.py:1165} INFO - Dependencies all met for <TaskInstance: user_processing.extract_user scheduled__2023-07-10T00:00:00+00:00 [queued]>
[2023-07-22T05:54:19.047+0000] {taskinstance.py:1362} INFO - 
--------------------------------------------------------------------------------
[2023-07-22T05:54:19.047+0000] {taskinstance.py:1363} INFO - Starting attempt 1 of 1
[2023-07-22T05:54:19.048+0000] {taskinstance.py:1364} INFO - 
--------------------------------------------------------------------------------
[2023-07-22T05:54:19.102+0000] {taskinstance.py:1383} INFO - Executing <Task(SimpleHttpOperator): extract_user> on 2023-07-10 00:00:00+00:00
[2023-07-22T05:54:19.127+0000] {standard_task_runner.py:55} INFO - Started process 5199 to run task
[2023-07-22T05:54:19.139+0000] {standard_task_runner.py:82} INFO - Running: ['***', 'tasks', 'run', 'user_processing', 'extract_user', 'scheduled__2023-07-10T00:00:00+00:00', '--job-id', '57', '--raw', '--subdir', 'DAGS_FOLDER/user_processing.py', '--cfg-path', '/tmp/tmp9dr68vx8']
[2023-07-22T05:54:19.172+0000] {standard_task_runner.py:83} INFO - Job 57: Subtask extract_user
[2023-07-22T05:54:19.962+0000] {task_command.py:376} INFO - Running <TaskInstance: user_processing.extract_user scheduled__2023-07-10T00:00:00+00:00 [running]> on host ef71d3f52879
[2023-07-22T05:54:20.250+0000] {taskinstance.py:1592} INFO - Exporting the following env vars:
AIRFLOW_CTX_DAG_OWNER=***
AIRFLOW_CTX_DAG_ID=user_processing
AIRFLOW_CTX_TASK_ID=extract_user
AIRFLOW_CTX_EXECUTION_DATE=2023-07-10T00:00:00+00:00
AIRFLOW_CTX_TRY_NUMBER=1
AIRFLOW_CTX_DAG_RUN_ID=scheduled__2023-07-10T00:00:00+00:00
[2023-07-22T05:54:20.262+0000] {http.py:121} INFO - Calling HTTP method
[2023-07-22T05:54:20.340+0000] {base.py:71} INFO - Using connection ID 'user_api' for task execution.
[2023-07-22T05:54:20.350+0000] {http.py:148} INFO - Sending 'GET' to url: https://randomuser.me/api/
[2023-07-22T05:54:21.188+0000] {taskinstance.py:1406} INFO - Marking task as SUCCESS. dag_id=user_processing, task_id=extract_user, execution_date=20230710T000000, start_date=20230722T055419, end_date=20230722T055421
[2023-07-22T05:54:21.291+0000] {local_task_job.py:164} INFO - Task exited with return code 0
[2023-07-22T05:54:21.407+0000] {local_task_job.py:273} INFO - 1 downstream tasks scheduled from follow-on schedule check
[2023-07-22T05:57:00.832+0000] {taskinstance.py:1165} INFO - Dependencies all met for <TaskInstance: user_processing.extract_user scheduled__2023-07-10T00:00:00+00:00 [queued]>
[2023-07-22T05:57:00.931+0000] {taskinstance.py:1165} INFO - Dependencies all met for <TaskInstance: user_processing.extract_user scheduled__2023-07-10T00:00:00+00:00 [queued]>
[2023-07-22T05:57:00.932+0000] {taskinstance.py:1362} INFO - 
--------------------------------------------------------------------------------
[2023-07-22T05:57:00.932+0000] {taskinstance.py:1363} INFO - Starting attempt 1 of 1
[2023-07-22T05:57:00.932+0000] {taskinstance.py:1364} INFO - 
--------------------------------------------------------------------------------
[2023-07-22T05:57:01.119+0000] {taskinstance.py:1383} INFO - Executing <Task(SimpleHttpOperator): extract_user> on 2023-07-10 00:00:00+00:00
[2023-07-22T05:57:01.146+0000] {standard_task_runner.py:55} INFO - Started process 5507 to run task
[2023-07-22T05:57:01.188+0000] {standard_task_runner.py:82} INFO - Running: ['***', 'tasks', 'run', 'user_processing', 'extract_user', 'scheduled__2023-07-10T00:00:00+00:00', '--job-id', '118', '--raw', '--subdir', 'DAGS_FOLDER/user_processing.py', '--cfg-path', '/tmp/tmp17fot_q0']
[2023-07-22T05:57:01.209+0000] {standard_task_runner.py:83} INFO - Job 118: Subtask extract_user
[2023-07-22T05:57:01.521+0000] {task_command.py:376} INFO - Running <TaskInstance: user_processing.extract_user scheduled__2023-07-10T00:00:00+00:00 [running]> on host ef71d3f52879
[2023-07-22T05:57:01.855+0000] {taskinstance.py:1592} INFO - Exporting the following env vars:
AIRFLOW_CTX_DAG_OWNER=***
AIRFLOW_CTX_DAG_ID=user_processing
AIRFLOW_CTX_TASK_ID=extract_user
AIRFLOW_CTX_EXECUTION_DATE=2023-07-10T00:00:00+00:00
AIRFLOW_CTX_TRY_NUMBER=1
AIRFLOW_CTX_DAG_RUN_ID=scheduled__2023-07-10T00:00:00+00:00
[2023-07-22T05:57:01.858+0000] {http.py:121} INFO - Calling HTTP method
[2023-07-22T05:57:01.886+0000] {base.py:71} INFO - Using connection ID 'user_api' for task execution.
[2023-07-22T05:57:01.892+0000] {http.py:148} INFO - Sending 'GET' to url: https://randomuser.me/api/
[2023-07-22T05:57:02.771+0000] {taskinstance.py:1406} INFO - Marking task as SUCCESS. dag_id=user_processing, task_id=extract_user, execution_date=20230710T000000, start_date=20230722T055700, end_date=20230722T055702
[2023-07-22T05:57:02.869+0000] {local_task_job.py:164} INFO - Task exited with return code 0
[2023-07-22T05:57:03.028+0000] {local_task_job.py:273} INFO - 1 downstream tasks scheduled from follow-on schedule check
