[2023-07-22T05:54:23.226+0000] {taskinstance.py:1165} INFO - Dependencies all met for <TaskInstance: user_processing.extract_user scheduled__2023-07-12T00:00:00+00:00 [queued]>
[2023-07-22T05:54:23.291+0000] {taskinstance.py:1165} INFO - Dependencies all met for <TaskInstance: user_processing.extract_user scheduled__2023-07-12T00:00:00+00:00 [queued]>
[2023-07-22T05:54:23.292+0000] {taskinstance.py:1362} INFO - 
--------------------------------------------------------------------------------
[2023-07-22T05:54:23.300+0000] {taskinstance.py:1363} INFO - Starting attempt 1 of 1
[2023-07-22T05:54:23.301+0000] {taskinstance.py:1364} INFO - 
--------------------------------------------------------------------------------
[2023-07-22T05:54:23.324+0000] {taskinstance.py:1383} INFO - Executing <Task(SimpleHttpOperator): extract_user> on 2023-07-12 00:00:00+00:00
[2023-07-22T05:54:23.348+0000] {standard_task_runner.py:55} INFO - Started process 5224 to run task
[2023-07-22T05:54:23.399+0000] {standard_task_runner.py:82} INFO - Running: ['***', 'tasks', 'run', 'user_processing', 'extract_user', 'scheduled__2023-07-12T00:00:00+00:00', '--job-id', '60', '--raw', '--subdir', 'DAGS_FOLDER/user_processing.py', '--cfg-path', '/tmp/tmp7tdjt_jo']
[2023-07-22T05:54:23.403+0000] {standard_task_runner.py:83} INFO - Job 60: Subtask extract_user
[2023-07-22T05:54:23.895+0000] {task_command.py:376} INFO - Running <TaskInstance: user_processing.extract_user scheduled__2023-07-12T00:00:00+00:00 [running]> on host ef71d3f52879
[2023-07-22T05:54:24.216+0000] {taskinstance.py:1592} INFO - Exporting the following env vars:
AIRFLOW_CTX_DAG_OWNER=***
AIRFLOW_CTX_DAG_ID=user_processing
AIRFLOW_CTX_TASK_ID=extract_user
AIRFLOW_CTX_EXECUTION_DATE=2023-07-12T00:00:00+00:00
AIRFLOW_CTX_TRY_NUMBER=1
AIRFLOW_CTX_DAG_RUN_ID=scheduled__2023-07-12T00:00:00+00:00
[2023-07-22T05:54:24.217+0000] {http.py:121} INFO - Calling HTTP method
[2023-07-22T05:54:24.283+0000] {base.py:71} INFO - Using connection ID 'user_api' for task execution.
[2023-07-22T05:54:24.297+0000] {http.py:148} INFO - Sending 'GET' to url: https://randomuser.me/api/
[2023-07-22T05:54:25.199+0000] {taskinstance.py:1406} INFO - Marking task as SUCCESS. dag_id=user_processing, task_id=extract_user, execution_date=20230712T000000, start_date=20230722T055423, end_date=20230722T055425
[2023-07-22T05:54:25.283+0000] {local_task_job.py:164} INFO - Task exited with return code 0
[2023-07-22T05:54:25.383+0000] {local_task_job.py:273} INFO - 1 downstream tasks scheduled from follow-on schedule check
[2023-07-22T05:57:03.997+0000] {taskinstance.py:1165} INFO - Dependencies all met for <TaskInstance: user_processing.extract_user scheduled__2023-07-12T00:00:00+00:00 [queued]>
[2023-07-22T05:57:04.022+0000] {taskinstance.py:1165} INFO - Dependencies all met for <TaskInstance: user_processing.extract_user scheduled__2023-07-12T00:00:00+00:00 [queued]>
[2023-07-22T05:57:04.022+0000] {taskinstance.py:1362} INFO - 
--------------------------------------------------------------------------------
[2023-07-22T05:57:04.022+0000] {taskinstance.py:1363} INFO - Starting attempt 1 of 1
[2023-07-22T05:57:04.023+0000] {taskinstance.py:1364} INFO - 
--------------------------------------------------------------------------------
[2023-07-22T05:57:04.061+0000] {taskinstance.py:1383} INFO - Executing <Task(SimpleHttpOperator): extract_user> on 2023-07-12 00:00:00+00:00
[2023-07-22T05:57:04.075+0000] {standard_task_runner.py:55} INFO - Started process 5522 to run task
[2023-07-22T05:57:04.098+0000] {standard_task_runner.py:82} INFO - Running: ['***', 'tasks', 'run', 'user_processing', 'extract_user', 'scheduled__2023-07-12T00:00:00+00:00', '--job-id', '124', '--raw', '--subdir', 'DAGS_FOLDER/user_processing.py', '--cfg-path', '/tmp/tmpr18hzwj1']
[2023-07-22T05:57:04.115+0000] {standard_task_runner.py:83} INFO - Job 124: Subtask extract_user
[2023-07-22T05:57:04.373+0000] {task_command.py:376} INFO - Running <TaskInstance: user_processing.extract_user scheduled__2023-07-12T00:00:00+00:00 [running]> on host ef71d3f52879
[2023-07-22T05:57:04.549+0000] {taskinstance.py:1592} INFO - Exporting the following env vars:
AIRFLOW_CTX_DAG_OWNER=***
AIRFLOW_CTX_DAG_ID=user_processing
AIRFLOW_CTX_TASK_ID=extract_user
AIRFLOW_CTX_EXECUTION_DATE=2023-07-12T00:00:00+00:00
AIRFLOW_CTX_TRY_NUMBER=1
AIRFLOW_CTX_DAG_RUN_ID=scheduled__2023-07-12T00:00:00+00:00
[2023-07-22T05:57:04.551+0000] {http.py:121} INFO - Calling HTTP method
[2023-07-22T05:57:04.593+0000] {base.py:71} INFO - Using connection ID 'user_api' for task execution.
[2023-07-22T05:57:04.599+0000] {http.py:148} INFO - Sending 'GET' to url: https://randomuser.me/api/
[2023-07-22T05:57:05.493+0000] {taskinstance.py:1406} INFO - Marking task as SUCCESS. dag_id=user_processing, task_id=extract_user, execution_date=20230712T000000, start_date=20230722T055703, end_date=20230722T055705
[2023-07-22T05:57:05.654+0000] {local_task_job.py:164} INFO - Task exited with return code 0
[2023-07-22T05:57:05.797+0000] {local_task_job.py:273} INFO - 1 downstream tasks scheduled from follow-on schedule check
