[2023-07-22T05:54:23.633+0000] {taskinstance.py:1165} INFO - Dependencies all met for <TaskInstance: user_processing.extract_user scheduled__2023-07-13T00:00:00+00:00 [queued]>
[2023-07-22T05:54:23.708+0000] {taskinstance.py:1165} INFO - Dependencies all met for <TaskInstance: user_processing.extract_user scheduled__2023-07-13T00:00:00+00:00 [queued]>
[2023-07-22T05:54:23.709+0000] {taskinstance.py:1362} INFO - 
--------------------------------------------------------------------------------
[2023-07-22T05:54:23.710+0000] {taskinstance.py:1363} INFO - Starting attempt 1 of 1
[2023-07-22T05:54:23.710+0000] {taskinstance.py:1364} INFO - 
--------------------------------------------------------------------------------
[2023-07-22T05:54:23.829+0000] {taskinstance.py:1383} INFO - Executing <Task(SimpleHttpOperator): extract_user> on 2023-07-13 00:00:00+00:00
[2023-07-22T05:54:23.864+0000] {standard_task_runner.py:55} INFO - Started process 5227 to run task
[2023-07-22T05:54:23.898+0000] {standard_task_runner.py:82} INFO - Running: ['***', 'tasks', 'run', 'user_processing', 'extract_user', 'scheduled__2023-07-13T00:00:00+00:00', '--job-id', '62', '--raw', '--subdir', 'DAGS_FOLDER/user_processing.py', '--cfg-path', '/tmp/tmpt4nd0zd_']
[2023-07-22T05:54:23.911+0000] {standard_task_runner.py:83} INFO - Job 62: Subtask extract_user
[2023-07-22T05:54:24.274+0000] {task_command.py:376} INFO - Running <TaskInstance: user_processing.extract_user scheduled__2023-07-13T00:00:00+00:00 [running]> on host ef71d3f52879
[2023-07-22T05:54:24.540+0000] {taskinstance.py:1592} INFO - Exporting the following env vars:
AIRFLOW_CTX_DAG_OWNER=***
AIRFLOW_CTX_DAG_ID=user_processing
AIRFLOW_CTX_TASK_ID=extract_user
AIRFLOW_CTX_EXECUTION_DATE=2023-07-13T00:00:00+00:00
AIRFLOW_CTX_TRY_NUMBER=1
AIRFLOW_CTX_DAG_RUN_ID=scheduled__2023-07-13T00:00:00+00:00
[2023-07-22T05:54:24.548+0000] {http.py:121} INFO - Calling HTTP method
[2023-07-22T05:54:24.587+0000] {base.py:71} INFO - Using connection ID 'user_api' for task execution.
[2023-07-22T05:54:24.602+0000] {http.py:148} INFO - Sending 'GET' to url: https://randomuser.me/api/
[2023-07-22T05:54:25.449+0000] {taskinstance.py:1406} INFO - Marking task as SUCCESS. dag_id=user_processing, task_id=extract_user, execution_date=20230713T000000, start_date=20230722T055423, end_date=20230722T055425
[2023-07-22T05:54:25.620+0000] {local_task_job.py:164} INFO - Task exited with return code 0
[2023-07-22T05:54:25.869+0000] {local_task_job.py:273} INFO - 1 downstream tasks scheduled from follow-on schedule check
[2023-07-22T05:57:04.009+0000] {taskinstance.py:1165} INFO - Dependencies all met for <TaskInstance: user_processing.extract_user scheduled__2023-07-13T00:00:00+00:00 [queued]>
[2023-07-22T05:57:04.039+0000] {taskinstance.py:1165} INFO - Dependencies all met for <TaskInstance: user_processing.extract_user scheduled__2023-07-13T00:00:00+00:00 [queued]>
[2023-07-22T05:57:04.040+0000] {taskinstance.py:1362} INFO - 
--------------------------------------------------------------------------------
[2023-07-22T05:57:04.040+0000] {taskinstance.py:1363} INFO - Starting attempt 1 of 1
[2023-07-22T05:57:04.040+0000] {taskinstance.py:1364} INFO - 
--------------------------------------------------------------------------------
[2023-07-22T05:57:04.097+0000] {taskinstance.py:1383} INFO - Executing <Task(SimpleHttpOperator): extract_user> on 2023-07-13 00:00:00+00:00
[2023-07-22T05:57:04.111+0000] {standard_task_runner.py:55} INFO - Started process 5523 to run task
[2023-07-22T05:57:04.165+0000] {standard_task_runner.py:82} INFO - Running: ['***', 'tasks', 'run', 'user_processing', 'extract_user', 'scheduled__2023-07-13T00:00:00+00:00', '--job-id', '126', '--raw', '--subdir', 'DAGS_FOLDER/user_processing.py', '--cfg-path', '/tmp/tmp_duf6pag']
[2023-07-22T05:57:04.182+0000] {standard_task_runner.py:83} INFO - Job 126: Subtask extract_user
[2023-07-22T05:57:04.359+0000] {task_command.py:376} INFO - Running <TaskInstance: user_processing.extract_user scheduled__2023-07-13T00:00:00+00:00 [running]> on host ef71d3f52879
[2023-07-22T05:57:04.537+0000] {taskinstance.py:1592} INFO - Exporting the following env vars:
AIRFLOW_CTX_DAG_OWNER=***
AIRFLOW_CTX_DAG_ID=user_processing
AIRFLOW_CTX_TASK_ID=extract_user
AIRFLOW_CTX_EXECUTION_DATE=2023-07-13T00:00:00+00:00
AIRFLOW_CTX_TRY_NUMBER=1
AIRFLOW_CTX_DAG_RUN_ID=scheduled__2023-07-13T00:00:00+00:00
[2023-07-22T05:57:04.544+0000] {http.py:121} INFO - Calling HTTP method
[2023-07-22T05:57:04.599+0000] {base.py:71} INFO - Using connection ID 'user_api' for task execution.
[2023-07-22T05:57:04.601+0000] {http.py:148} INFO - Sending 'GET' to url: https://randomuser.me/api/
[2023-07-22T05:57:05.464+0000] {taskinstance.py:1406} INFO - Marking task as SUCCESS. dag_id=user_processing, task_id=extract_user, execution_date=20230713T000000, start_date=20230722T055704, end_date=20230722T055705
[2023-07-22T05:57:05.653+0000] {local_task_job.py:164} INFO - Task exited with return code 0
[2023-07-22T05:57:05.977+0000] {local_task_job.py:273} INFO - 1 downstream tasks scheduled from follow-on schedule check
