[2023-07-22T10:06:52.834+0000] {taskinstance.py:1165} INFO - Dependencies all met for <TaskInstance: group_dag.check_files scheduled__2023-07-21T00:00:00+00:00 [queued]>
[2023-07-22T10:06:52.845+0000] {taskinstance.py:1165} INFO - Dependencies all met for <TaskInstance: group_dag.check_files scheduled__2023-07-21T00:00:00+00:00 [queued]>
[2023-07-22T10:06:52.845+0000] {taskinstance.py:1362} INFO - 
--------------------------------------------------------------------------------
[2023-07-22T10:06:52.845+0000] {taskinstance.py:1363} INFO - Starting attempt 1 of 1
[2023-07-22T10:06:52.846+0000] {taskinstance.py:1364} INFO - 
--------------------------------------------------------------------------------
[2023-07-22T10:06:52.858+0000] {taskinstance.py:1383} INFO - Executing <Task(BashOperator): check_files> on 2023-07-21 00:00:00+00:00
[2023-07-22T10:06:52.864+0000] {standard_task_runner.py:55} INFO - Started process 13546 to run task
[2023-07-22T10:06:52.869+0000] {standard_task_runner.py:82} INFO - Running: ['***', 'tasks', 'run', 'group_dag', 'check_files', 'scheduled__2023-07-21T00:00:00+00:00', '--job-id', '162', '--raw', '--subdir', 'DAGS_FOLDER/group_dag.py', '--cfg-path', '/tmp/tmpjliumha0']
[2023-07-22T10:06:52.870+0000] {standard_task_runner.py:83} INFO - Job 162: Subtask check_files
[2023-07-22T10:06:52.941+0000] {task_command.py:376} INFO - Running <TaskInstance: group_dag.check_files scheduled__2023-07-21T00:00:00+00:00 [running]> on host ef71d3f52879
[2023-07-22T10:06:53.005+0000] {taskinstance.py:1592} INFO - Exporting the following env vars:
AIRFLOW_CTX_DAG_OWNER=***
AIRFLOW_CTX_DAG_ID=group_dag
AIRFLOW_CTX_TASK_ID=check_files
AIRFLOW_CTX_EXECUTION_DATE=2023-07-21T00:00:00+00:00
AIRFLOW_CTX_TRY_NUMBER=1
AIRFLOW_CTX_DAG_RUN_ID=scheduled__2023-07-21T00:00:00+00:00
[2023-07-22T10:06:53.006+0000] {subprocess.py:63} INFO - Tmp dir root location: 
 /tmp
[2023-07-22T10:06:53.006+0000] {subprocess.py:75} INFO - Running command: ['/bin/bash', '-c', 'sleep 10']
[2023-07-22T10:06:53.020+0000] {subprocess.py:86} INFO - Output:
[2023-07-22T10:07:03.026+0000] {subprocess.py:97} INFO - Command exited with return code 0
[2023-07-22T10:07:03.089+0000] {taskinstance.py:1406} INFO - Marking task as SUCCESS. dag_id=group_dag, task_id=check_files, execution_date=20230721T000000, start_date=20230722T100652, end_date=20230722T100703
[2023-07-22T10:07:03.166+0000] {local_task_job.py:164} INFO - Task exited with return code 0
[2023-07-22T10:07:03.209+0000] {local_task_job.py:273} INFO - 3 downstream tasks scheduled from follow-on schedule check
