[2023-07-21T16:03:55.553+0000] {taskinstance.py:1165} INFO - Dependencies all met for <TaskInstance: user_processing.extract_user manual__2023-07-21T16:03:52.249720+00:00 [queued]>
[2023-07-21T16:03:55.561+0000] {taskinstance.py:1165} INFO - Dependencies all met for <TaskInstance: user_processing.extract_user manual__2023-07-21T16:03:52.249720+00:00 [queued]>
[2023-07-21T16:03:55.561+0000] {taskinstance.py:1362} INFO - 
--------------------------------------------------------------------------------
[2023-07-21T16:03:55.561+0000] {taskinstance.py:1363} INFO - Starting attempt 1 of 1
[2023-07-21T16:03:55.561+0000] {taskinstance.py:1364} INFO - 
--------------------------------------------------------------------------------
[2023-07-21T16:03:55.570+0000] {taskinstance.py:1383} INFO - Executing <Task(SimpleHttpOperator): extract_user> on 2023-07-21 16:03:52.249720+00:00
[2023-07-21T16:03:55.575+0000] {standard_task_runner.py:55} INFO - Started process 15669 to run task
[2023-07-21T16:03:55.579+0000] {standard_task_runner.py:82} INFO - Running: ['***', 'tasks', 'run', 'user_processing', 'extract_user', 'manual__2023-07-21T16:03:52.249720+00:00', '--job-id', '12', '--raw', '--subdir', 'DAGS_FOLDER/user_processing.py', '--cfg-path', '/tmp/tmp_wdsozy5']
[2023-07-21T16:03:55.580+0000] {standard_task_runner.py:83} INFO - Job 12: Subtask extract_user
[2023-07-21T16:03:55.632+0000] {task_command.py:376} INFO - Running <TaskInstance: user_processing.extract_user manual__2023-07-21T16:03:52.249720+00:00 [running]> on host 9d876987b8ed
[2023-07-21T16:03:55.682+0000] {taskinstance.py:1592} INFO - Exporting the following env vars:
AIRFLOW_CTX_DAG_OWNER=***
AIRFLOW_CTX_DAG_ID=user_processing
AIRFLOW_CTX_TASK_ID=extract_user
AIRFLOW_CTX_EXECUTION_DATE=2023-07-21T16:03:52.249720+00:00
AIRFLOW_CTX_TRY_NUMBER=1
AIRFLOW_CTX_DAG_RUN_ID=manual__2023-07-21T16:03:52.249720+00:00
[2023-07-21T16:03:55.682+0000] {http.py:121} INFO - Calling HTTP method
[2023-07-21T16:03:55.691+0000] {base.py:71} INFO - Using connection ID 'user_api' for task execution.
[2023-07-21T16:03:55.692+0000] {http.py:148} INFO - Sending 'GET' to url: https://randomuser.me/api/
[2023-07-21T16:03:56.418+0000] {taskinstance.py:1406} INFO - Marking task as SUCCESS. dag_id=user_processing, task_id=extract_user, execution_date=20230721T160352, start_date=20230721T160355, end_date=20230721T160356
[2023-07-21T16:03:56.471+0000] {local_task_job.py:164} INFO - Task exited with return code 0
[2023-07-21T16:03:56.495+0000] {local_task_job.py:273} INFO - 1 downstream tasks scheduled from follow-on schedule check
