[2023-07-22T05:54:17.592+0000] {taskinstance.py:1165} INFO - Dependencies all met for <TaskInstance: user_processing.is_api_available scheduled__2023-07-17T00:00:00+00:00 [queued]>
[2023-07-22T05:54:17.616+0000] {taskinstance.py:1165} INFO - Dependencies all met for <TaskInstance: user_processing.is_api_available scheduled__2023-07-17T00:00:00+00:00 [queued]>
[2023-07-22T05:54:17.621+0000] {taskinstance.py:1362} INFO - 
--------------------------------------------------------------------------------
[2023-07-22T05:54:17.621+0000] {taskinstance.py:1363} INFO - Starting attempt 1 of 1
[2023-07-22T05:54:17.621+0000] {taskinstance.py:1364} INFO - 
--------------------------------------------------------------------------------
[2023-07-22T05:54:17.663+0000] {taskinstance.py:1383} INFO - Executing <Task(HttpSensor): is_api_available> on 2023-07-17 00:00:00+00:00
[2023-07-22T05:54:17.670+0000] {standard_task_runner.py:55} INFO - Started process 5192 to run task
[2023-07-22T05:54:17.697+0000] {standard_task_runner.py:82} INFO - Running: ['***', 'tasks', 'run', 'user_processing', 'is_api_available', 'scheduled__2023-07-17T00:00:00+00:00', '--job-id', '54', '--raw', '--subdir', 'DAGS_FOLDER/user_processing.py', '--cfg-path', '/tmp/tmpbfy9s_i6']
[2023-07-22T05:54:17.701+0000] {standard_task_runner.py:83} INFO - Job 54: Subtask is_api_available
[2023-07-22T05:54:18.283+0000] {task_command.py:376} INFO - Running <TaskInstance: user_processing.is_api_available scheduled__2023-07-17T00:00:00+00:00 [running]> on host ef71d3f52879
[2023-07-22T05:54:18.525+0000] {taskinstance.py:1592} INFO - Exporting the following env vars:
AIRFLOW_CTX_DAG_OWNER=***
AIRFLOW_CTX_DAG_ID=user_processing
AIRFLOW_CTX_TASK_ID=is_api_available
AIRFLOW_CTX_EXECUTION_DATE=2023-07-17T00:00:00+00:00
AIRFLOW_CTX_TRY_NUMBER=1
AIRFLOW_CTX_DAG_RUN_ID=scheduled__2023-07-17T00:00:00+00:00
[2023-07-22T05:54:18.531+0000] {http.py:120} INFO - Poking: api/
[2023-07-22T05:54:18.558+0000] {base.py:71} INFO - Using connection ID 'user_api' for task execution.
[2023-07-22T05:54:18.617+0000] {http.py:148} INFO - Sending 'GET' to url: https://randomuser.me/api/
[2023-07-22T05:54:19.545+0000] {base.py:213} INFO - Success criteria met. Exiting.
[2023-07-22T05:54:19.700+0000] {taskinstance.py:1406} INFO - Marking task as SUCCESS. dag_id=user_processing, task_id=is_api_available, execution_date=20230717T000000, start_date=20230722T055417, end_date=20230722T055419
[2023-07-22T05:54:19.909+0000] {local_task_job.py:164} INFO - Task exited with return code 0
[2023-07-22T05:54:20.157+0000] {local_task_job.py:273} INFO - 1 downstream tasks scheduled from follow-on schedule check
[2023-07-22T05:56:58.083+0000] {taskinstance.py:1165} INFO - Dependencies all met for <TaskInstance: user_processing.is_api_available scheduled__2023-07-17T00:00:00+00:00 [queued]>
[2023-07-22T05:56:58.113+0000] {taskinstance.py:1165} INFO - Dependencies all met for <TaskInstance: user_processing.is_api_available scheduled__2023-07-17T00:00:00+00:00 [queued]>
[2023-07-22T05:56:58.113+0000] {taskinstance.py:1362} INFO - 
--------------------------------------------------------------------------------
[2023-07-22T05:56:58.114+0000] {taskinstance.py:1363} INFO - Starting attempt 1 of 1
[2023-07-22T05:56:58.114+0000] {taskinstance.py:1364} INFO - 
--------------------------------------------------------------------------------
[2023-07-22T05:56:58.193+0000] {taskinstance.py:1383} INFO - Executing <Task(HttpSensor): is_api_available> on 2023-07-17 00:00:00+00:00
[2023-07-22T05:56:58.213+0000] {standard_task_runner.py:55} INFO - Started process 5481 to run task
[2023-07-22T05:56:58.240+0000] {standard_task_runner.py:82} INFO - Running: ['***', 'tasks', 'run', 'user_processing', 'is_api_available', 'scheduled__2023-07-17T00:00:00+00:00', '--job-id', '108', '--raw', '--subdir', 'DAGS_FOLDER/user_processing.py', '--cfg-path', '/tmp/tmpldzwe0sx']
[2023-07-22T05:56:58.252+0000] {standard_task_runner.py:83} INFO - Job 108: Subtask is_api_available
[2023-07-22T05:56:58.507+0000] {task_command.py:376} INFO - Running <TaskInstance: user_processing.is_api_available scheduled__2023-07-17T00:00:00+00:00 [running]> on host ef71d3f52879
[2023-07-22T05:56:58.757+0000] {taskinstance.py:1592} INFO - Exporting the following env vars:
AIRFLOW_CTX_DAG_OWNER=***
AIRFLOW_CTX_DAG_ID=user_processing
AIRFLOW_CTX_TASK_ID=is_api_available
AIRFLOW_CTX_EXECUTION_DATE=2023-07-17T00:00:00+00:00
AIRFLOW_CTX_TRY_NUMBER=1
AIRFLOW_CTX_DAG_RUN_ID=scheduled__2023-07-17T00:00:00+00:00
[2023-07-22T05:56:58.762+0000] {http.py:120} INFO - Poking: api/
[2023-07-22T05:56:58.781+0000] {base.py:71} INFO - Using connection ID 'user_api' for task execution.
[2023-07-22T05:56:58.786+0000] {http.py:148} INFO - Sending 'GET' to url: https://randomuser.me/api/
[2023-07-22T05:56:59.451+0000] {base.py:213} INFO - Success criteria met. Exiting.
[2023-07-22T05:56:59.470+0000] {taskinstance.py:1406} INFO - Marking task as SUCCESS. dag_id=user_processing, task_id=is_api_available, execution_date=20230717T000000, start_date=20230722T055658, end_date=20230722T055659
[2023-07-22T05:56:59.515+0000] {local_task_job.py:164} INFO - Task exited with return code 0
[2023-07-22T05:56:59.558+0000] {local_task_job.py:273} INFO - 0 downstream tasks scheduled from follow-on schedule check
