[2023-07-22T10:05:40.633+0000] {processor.py:154} INFO - Started process (PID=33185) to work on /opt/airflow/dags/subdags/subdag_downloads.py
[2023-07-22T10:05:40.634+0000] {processor.py:756} INFO - Processing file /opt/airflow/dags/subdags/subdag_downloads.py for tasks to queue
[2023-07-22T10:05:40.636+0000] {logging_mixin.py:120} INFO - [2023-07-22T10:05:40.636+0000] {dagbag.py:537} INFO - Filling up the DagBag from /opt/airflow/dags/subdags/subdag_downloads.py
[2023-07-22T10:05:40.664+0000] {processor.py:768} WARNING - No viable dags retrieved from /opt/airflow/dags/subdags/subdag_downloads.py
[2023-07-22T10:05:40.700+0000] {processor.py:176} INFO - Processing /opt/airflow/dags/subdags/subdag_downloads.py took 0.076 seconds
[2023-07-22T10:06:11.050+0000] {processor.py:154} INFO - Started process (PID=33260) to work on /opt/airflow/dags/subdags/subdag_downloads.py
[2023-07-22T10:06:11.052+0000] {processor.py:756} INFO - Processing file /opt/airflow/dags/subdags/subdag_downloads.py for tasks to queue
[2023-07-22T10:06:11.053+0000] {logging_mixin.py:120} INFO - [2023-07-22T10:06:11.053+0000] {dagbag.py:537} INFO - Filling up the DagBag from /opt/airflow/dags/subdags/subdag_downloads.py
[2023-07-22T10:06:11.062+0000] {processor.py:768} WARNING - No viable dags retrieved from /opt/airflow/dags/subdags/subdag_downloads.py
[2023-07-22T10:06:11.085+0000] {processor.py:176} INFO - Processing /opt/airflow/dags/subdags/subdag_downloads.py took 0.043 seconds
[2023-07-22T10:06:41.897+0000] {processor.py:154} INFO - Started process (PID=33328) to work on /opt/airflow/dags/subdags/subdag_downloads.py
[2023-07-22T10:06:41.898+0000] {processor.py:756} INFO - Processing file /opt/airflow/dags/subdags/subdag_downloads.py for tasks to queue
[2023-07-22T10:06:41.899+0000] {logging_mixin.py:120} INFO - [2023-07-22T10:06:41.899+0000] {dagbag.py:537} INFO - Filling up the DagBag from /opt/airflow/dags/subdags/subdag_downloads.py
[2023-07-22T10:06:41.907+0000] {processor.py:768} WARNING - No viable dags retrieved from /opt/airflow/dags/subdags/subdag_downloads.py
[2023-07-22T10:06:41.932+0000] {processor.py:176} INFO - Processing /opt/airflow/dags/subdags/subdag_downloads.py took 0.042 seconds
[2023-07-22T10:07:12.105+0000] {processor.py:154} INFO - Started process (PID=33404) to work on /opt/airflow/dags/subdags/subdag_downloads.py
[2023-07-22T10:07:12.106+0000] {processor.py:756} INFO - Processing file /opt/airflow/dags/subdags/subdag_downloads.py for tasks to queue
[2023-07-22T10:07:12.106+0000] {logging_mixin.py:120} INFO - [2023-07-22T10:07:12.106+0000] {dagbag.py:537} INFO - Filling up the DagBag from /opt/airflow/dags/subdags/subdag_downloads.py
[2023-07-22T10:07:12.112+0000] {processor.py:768} WARNING - No viable dags retrieved from /opt/airflow/dags/subdags/subdag_downloads.py
[2023-07-22T10:07:12.127+0000] {processor.py:176} INFO - Processing /opt/airflow/dags/subdags/subdag_downloads.py took 0.027 seconds
[2023-07-22T10:07:42.385+0000] {processor.py:154} INFO - Started process (PID=33463) to work on /opt/airflow/dags/subdags/subdag_downloads.py
[2023-07-22T10:07:42.386+0000] {processor.py:756} INFO - Processing file /opt/airflow/dags/subdags/subdag_downloads.py for tasks to queue
[2023-07-22T10:07:42.387+0000] {logging_mixin.py:120} INFO - [2023-07-22T10:07:42.387+0000] {dagbag.py:537} INFO - Filling up the DagBag from /opt/airflow/dags/subdags/subdag_downloads.py
[2023-07-22T10:07:42.393+0000] {processor.py:768} WARNING - No viable dags retrieved from /opt/airflow/dags/subdags/subdag_downloads.py
[2023-07-22T10:07:42.410+0000] {processor.py:176} INFO - Processing /opt/airflow/dags/subdags/subdag_downloads.py took 0.032 seconds
[2023-07-22T10:08:12.552+0000] {processor.py:154} INFO - Started process (PID=33531) to work on /opt/airflow/dags/subdags/subdag_downloads.py
[2023-07-22T10:08:12.553+0000] {processor.py:756} INFO - Processing file /opt/airflow/dags/subdags/subdag_downloads.py for tasks to queue
[2023-07-22T10:08:12.554+0000] {logging_mixin.py:120} INFO - [2023-07-22T10:08:12.554+0000] {dagbag.py:537} INFO - Filling up the DagBag from /opt/airflow/dags/subdags/subdag_downloads.py
[2023-07-22T10:08:12.563+0000] {processor.py:768} WARNING - No viable dags retrieved from /opt/airflow/dags/subdags/subdag_downloads.py
[2023-07-22T10:08:12.588+0000] {processor.py:176} INFO - Processing /opt/airflow/dags/subdags/subdag_downloads.py took 0.045 seconds
[2023-07-22T10:08:43.083+0000] {processor.py:154} INFO - Started process (PID=33601) to work on /opt/airflow/dags/subdags/subdag_downloads.py
[2023-07-22T10:08:43.085+0000] {processor.py:756} INFO - Processing file /opt/airflow/dags/subdags/subdag_downloads.py for tasks to queue
[2023-07-22T10:08:43.086+0000] {logging_mixin.py:120} INFO - [2023-07-22T10:08:43.086+0000] {dagbag.py:537} INFO - Filling up the DagBag from /opt/airflow/dags/subdags/subdag_downloads.py
[2023-07-22T10:08:43.096+0000] {processor.py:768} WARNING - No viable dags retrieved from /opt/airflow/dags/subdags/subdag_downloads.py
[2023-07-22T10:08:43.119+0000] {processor.py:176} INFO - Processing /opt/airflow/dags/subdags/subdag_downloads.py took 0.043 seconds
[2023-07-22T10:09:13.800+0000] {processor.py:154} INFO - Started process (PID=33669) to work on /opt/airflow/dags/subdags/subdag_downloads.py
[2023-07-22T10:09:13.801+0000] {processor.py:756} INFO - Processing file /opt/airflow/dags/subdags/subdag_downloads.py for tasks to queue
[2023-07-22T10:09:13.802+0000] {logging_mixin.py:120} INFO - [2023-07-22T10:09:13.801+0000] {dagbag.py:537} INFO - Filling up the DagBag from /opt/airflow/dags/subdags/subdag_downloads.py
[2023-07-22T10:09:13.807+0000] {processor.py:768} WARNING - No viable dags retrieved from /opt/airflow/dags/subdags/subdag_downloads.py
[2023-07-22T10:09:13.822+0000] {processor.py:176} INFO - Processing /opt/airflow/dags/subdags/subdag_downloads.py took 0.024 seconds
[2023-07-22T10:09:44.200+0000] {processor.py:154} INFO - Started process (PID=33729) to work on /opt/airflow/dags/subdags/subdag_downloads.py
[2023-07-22T10:09:44.202+0000] {processor.py:756} INFO - Processing file /opt/airflow/dags/subdags/subdag_downloads.py for tasks to queue
[2023-07-22T10:09:44.203+0000] {logging_mixin.py:120} INFO - [2023-07-22T10:09:44.202+0000] {dagbag.py:537} INFO - Filling up the DagBag from /opt/airflow/dags/subdags/subdag_downloads.py
[2023-07-22T10:09:44.213+0000] {processor.py:768} WARNING - No viable dags retrieved from /opt/airflow/dags/subdags/subdag_downloads.py
[2023-07-22T10:09:44.234+0000] {processor.py:176} INFO - Processing /opt/airflow/dags/subdags/subdag_downloads.py took 0.040 seconds
[2023-07-22T10:10:14.761+0000] {processor.py:154} INFO - Started process (PID=33797) to work on /opt/airflow/dags/subdags/subdag_downloads.py
[2023-07-22T10:10:14.763+0000] {processor.py:756} INFO - Processing file /opt/airflow/dags/subdags/subdag_downloads.py for tasks to queue
[2023-07-22T10:10:14.764+0000] {logging_mixin.py:120} INFO - [2023-07-22T10:10:14.764+0000] {dagbag.py:537} INFO - Filling up the DagBag from /opt/airflow/dags/subdags/subdag_downloads.py
[2023-07-22T10:10:14.776+0000] {processor.py:768} WARNING - No viable dags retrieved from /opt/airflow/dags/subdags/subdag_downloads.py
[2023-07-22T10:10:14.802+0000] {processor.py:176} INFO - Processing /opt/airflow/dags/subdags/subdag_downloads.py took 0.049 seconds
[2023-07-22T10:10:45.194+0000] {processor.py:154} INFO - Started process (PID=33865) to work on /opt/airflow/dags/subdags/subdag_downloads.py
[2023-07-22T10:10:45.196+0000] {processor.py:756} INFO - Processing file /opt/airflow/dags/subdags/subdag_downloads.py for tasks to queue
[2023-07-22T10:10:45.197+0000] {logging_mixin.py:120} INFO - [2023-07-22T10:10:45.197+0000] {dagbag.py:537} INFO - Filling up the DagBag from /opt/airflow/dags/subdags/subdag_downloads.py
[2023-07-22T10:10:45.206+0000] {processor.py:768} WARNING - No viable dags retrieved from /opt/airflow/dags/subdags/subdag_downloads.py
[2023-07-22T10:10:45.249+0000] {processor.py:176} INFO - Processing /opt/airflow/dags/subdags/subdag_downloads.py took 0.060 seconds
[2023-07-22T10:11:15.740+0000] {processor.py:154} INFO - Started process (PID=33934) to work on /opt/airflow/dags/subdags/subdag_downloads.py
[2023-07-22T10:11:15.741+0000] {processor.py:756} INFO - Processing file /opt/airflow/dags/subdags/subdag_downloads.py for tasks to queue
[2023-07-22T10:11:15.741+0000] {logging_mixin.py:120} INFO - [2023-07-22T10:11:15.741+0000] {dagbag.py:537} INFO - Filling up the DagBag from /opt/airflow/dags/subdags/subdag_downloads.py
[2023-07-22T10:11:15.747+0000] {processor.py:768} WARNING - No viable dags retrieved from /opt/airflow/dags/subdags/subdag_downloads.py
[2023-07-22T10:11:15.761+0000] {processor.py:176} INFO - Processing /opt/airflow/dags/subdags/subdag_downloads.py took 0.024 seconds
[2023-07-22T10:11:46.204+0000] {processor.py:154} INFO - Started process (PID=33993) to work on /opt/airflow/dags/subdags/subdag_downloads.py
[2023-07-22T10:11:46.206+0000] {processor.py:756} INFO - Processing file /opt/airflow/dags/subdags/subdag_downloads.py for tasks to queue
[2023-07-22T10:11:46.206+0000] {logging_mixin.py:120} INFO - [2023-07-22T10:11:46.206+0000] {dagbag.py:537} INFO - Filling up the DagBag from /opt/airflow/dags/subdags/subdag_downloads.py
[2023-07-22T10:11:46.212+0000] {processor.py:768} WARNING - No viable dags retrieved from /opt/airflow/dags/subdags/subdag_downloads.py
[2023-07-22T10:11:46.234+0000] {processor.py:176} INFO - Processing /opt/airflow/dags/subdags/subdag_downloads.py took 0.034 seconds
[2023-07-22T10:12:16.568+0000] {processor.py:154} INFO - Started process (PID=34062) to work on /opt/airflow/dags/subdags/subdag_downloads.py
[2023-07-22T10:12:16.569+0000] {processor.py:756} INFO - Processing file /opt/airflow/dags/subdags/subdag_downloads.py for tasks to queue
[2023-07-22T10:12:16.570+0000] {logging_mixin.py:120} INFO - [2023-07-22T10:12:16.570+0000] {dagbag.py:537} INFO - Filling up the DagBag from /opt/airflow/dags/subdags/subdag_downloads.py
[2023-07-22T10:12:16.575+0000] {processor.py:768} WARNING - No viable dags retrieved from /opt/airflow/dags/subdags/subdag_downloads.py
[2023-07-22T10:12:16.591+0000] {processor.py:176} INFO - Processing /opt/airflow/dags/subdags/subdag_downloads.py took 0.026 seconds
[2023-07-22T10:12:46.704+0000] {processor.py:154} INFO - Started process (PID=34129) to work on /opt/airflow/dags/subdags/subdag_downloads.py
[2023-07-22T10:12:46.705+0000] {processor.py:756} INFO - Processing file /opt/airflow/dags/subdags/subdag_downloads.py for tasks to queue
[2023-07-22T10:12:46.706+0000] {logging_mixin.py:120} INFO - [2023-07-22T10:12:46.705+0000] {dagbag.py:537} INFO - Filling up the DagBag from /opt/airflow/dags/subdags/subdag_downloads.py
[2023-07-22T10:12:46.712+0000] {processor.py:768} WARNING - No viable dags retrieved from /opt/airflow/dags/subdags/subdag_downloads.py
[2023-07-22T10:12:46.728+0000] {processor.py:176} INFO - Processing /opt/airflow/dags/subdags/subdag_downloads.py took 0.027 seconds
[2023-07-22T10:13:17.073+0000] {processor.py:154} INFO - Started process (PID=34196) to work on /opt/airflow/dags/subdags/subdag_downloads.py
[2023-07-22T10:13:17.075+0000] {processor.py:756} INFO - Processing file /opt/airflow/dags/subdags/subdag_downloads.py for tasks to queue
[2023-07-22T10:13:17.076+0000] {logging_mixin.py:120} INFO - [2023-07-22T10:13:17.076+0000] {dagbag.py:537} INFO - Filling up the DagBag from /opt/airflow/dags/subdags/subdag_downloads.py
[2023-07-22T10:13:17.085+0000] {processor.py:768} WARNING - No viable dags retrieved from /opt/airflow/dags/subdags/subdag_downloads.py
[2023-07-22T10:13:17.103+0000] {processor.py:176} INFO - Processing /opt/airflow/dags/subdags/subdag_downloads.py took 0.035 seconds
[2023-07-22T10:13:47.121+0000] {processor.py:154} INFO - Started process (PID=34254) to work on /opt/airflow/dags/subdags/subdag_downloads.py
[2023-07-22T10:13:47.122+0000] {processor.py:756} INFO - Processing file /opt/airflow/dags/subdags/subdag_downloads.py for tasks to queue
[2023-07-22T10:13:47.123+0000] {logging_mixin.py:120} INFO - [2023-07-22T10:13:47.123+0000] {dagbag.py:537} INFO - Filling up the DagBag from /opt/airflow/dags/subdags/subdag_downloads.py
[2023-07-22T10:13:47.128+0000] {processor.py:768} WARNING - No viable dags retrieved from /opt/airflow/dags/subdags/subdag_downloads.py
[2023-07-22T10:13:47.142+0000] {processor.py:176} INFO - Processing /opt/airflow/dags/subdags/subdag_downloads.py took 0.023 seconds
[2023-07-22T10:14:17.421+0000] {processor.py:154} INFO - Started process (PID=34320) to work on /opt/airflow/dags/subdags/subdag_downloads.py
[2023-07-22T10:14:17.423+0000] {processor.py:756} INFO - Processing file /opt/airflow/dags/subdags/subdag_downloads.py for tasks to queue
[2023-07-22T10:14:17.424+0000] {logging_mixin.py:120} INFO - [2023-07-22T10:14:17.424+0000] {dagbag.py:537} INFO - Filling up the DagBag from /opt/airflow/dags/subdags/subdag_downloads.py
[2023-07-22T10:14:17.432+0000] {processor.py:768} WARNING - No viable dags retrieved from /opt/airflow/dags/subdags/subdag_downloads.py
[2023-07-22T10:14:17.449+0000] {processor.py:176} INFO - Processing /opt/airflow/dags/subdags/subdag_downloads.py took 0.034 seconds
[2023-07-22T10:14:48.052+0000] {processor.py:154} INFO - Started process (PID=34388) to work on /opt/airflow/dags/subdags/subdag_downloads.py
[2023-07-22T10:14:48.053+0000] {processor.py:756} INFO - Processing file /opt/airflow/dags/subdags/subdag_downloads.py for tasks to queue
[2023-07-22T10:14:48.054+0000] {logging_mixin.py:120} INFO - [2023-07-22T10:14:48.054+0000] {dagbag.py:537} INFO - Filling up the DagBag from /opt/airflow/dags/subdags/subdag_downloads.py
[2023-07-22T10:14:48.062+0000] {processor.py:768} WARNING - No viable dags retrieved from /opt/airflow/dags/subdags/subdag_downloads.py
[2023-07-22T10:14:48.079+0000] {processor.py:176} INFO - Processing /opt/airflow/dags/subdags/subdag_downloads.py took 0.033 seconds
[2023-07-22T10:15:18.156+0000] {processor.py:154} INFO - Started process (PID=34455) to work on /opt/airflow/dags/subdags/subdag_downloads.py
[2023-07-22T10:15:18.157+0000] {processor.py:756} INFO - Processing file /opt/airflow/dags/subdags/subdag_downloads.py for tasks to queue
[2023-07-22T10:15:18.158+0000] {logging_mixin.py:120} INFO - [2023-07-22T10:15:18.158+0000] {dagbag.py:537} INFO - Filling up the DagBag from /opt/airflow/dags/subdags/subdag_downloads.py
[2023-07-22T10:15:18.164+0000] {processor.py:768} WARNING - No viable dags retrieved from /opt/airflow/dags/subdags/subdag_downloads.py
[2023-07-22T10:15:18.179+0000] {processor.py:176} INFO - Processing /opt/airflow/dags/subdags/subdag_downloads.py took 0.027 seconds
[2023-07-22T10:15:48.882+0000] {processor.py:154} INFO - Started process (PID=34515) to work on /opt/airflow/dags/subdags/subdag_downloads.py
[2023-07-22T10:15:48.884+0000] {processor.py:756} INFO - Processing file /opt/airflow/dags/subdags/subdag_downloads.py for tasks to queue
[2023-07-22T10:15:48.885+0000] {logging_mixin.py:120} INFO - [2023-07-22T10:15:48.884+0000] {dagbag.py:537} INFO - Filling up the DagBag from /opt/airflow/dags/subdags/subdag_downloads.py
[2023-07-22T10:15:48.892+0000] {processor.py:768} WARNING - No viable dags retrieved from /opt/airflow/dags/subdags/subdag_downloads.py
[2023-07-22T10:15:48.913+0000] {processor.py:176} INFO - Processing /opt/airflow/dags/subdags/subdag_downloads.py took 0.035 seconds
[2023-07-22T10:16:18.988+0000] {processor.py:154} INFO - Started process (PID=34584) to work on /opt/airflow/dags/subdags/subdag_downloads.py
[2023-07-22T10:16:18.989+0000] {processor.py:756} INFO - Processing file /opt/airflow/dags/subdags/subdag_downloads.py for tasks to queue
[2023-07-22T10:16:18.990+0000] {logging_mixin.py:120} INFO - [2023-07-22T10:16:18.990+0000] {dagbag.py:537} INFO - Filling up the DagBag from /opt/airflow/dags/subdags/subdag_downloads.py
[2023-07-22T10:16:18.995+0000] {processor.py:768} WARNING - No viable dags retrieved from /opt/airflow/dags/subdags/subdag_downloads.py
[2023-07-22T10:16:19.008+0000] {processor.py:176} INFO - Processing /opt/airflow/dags/subdags/subdag_downloads.py took 0.023 seconds
[2023-07-22T10:16:49.110+0000] {processor.py:154} INFO - Started process (PID=34653) to work on /opt/airflow/dags/subdags/subdag_downloads.py
[2023-07-22T10:16:49.113+0000] {processor.py:756} INFO - Processing file /opt/airflow/dags/subdags/subdag_downloads.py for tasks to queue
[2023-07-22T10:16:49.114+0000] {logging_mixin.py:120} INFO - [2023-07-22T10:16:49.113+0000] {dagbag.py:537} INFO - Filling up the DagBag from /opt/airflow/dags/subdags/subdag_downloads.py
[2023-07-22T10:16:49.118+0000] {processor.py:768} WARNING - No viable dags retrieved from /opt/airflow/dags/subdags/subdag_downloads.py
[2023-07-22T10:16:49.133+0000] {processor.py:176} INFO - Processing /opt/airflow/dags/subdags/subdag_downloads.py took 0.027 seconds
[2023-07-22T10:17:19.995+0000] {processor.py:154} INFO - Started process (PID=34721) to work on /opt/airflow/dags/subdags/subdag_downloads.py
[2023-07-22T10:17:19.997+0000] {processor.py:756} INFO - Processing file /opt/airflow/dags/subdags/subdag_downloads.py for tasks to queue
[2023-07-22T10:17:19.998+0000] {logging_mixin.py:120} INFO - [2023-07-22T10:17:19.998+0000] {dagbag.py:537} INFO - Filling up the DagBag from /opt/airflow/dags/subdags/subdag_downloads.py
[2023-07-22T10:17:20.006+0000] {processor.py:768} WARNING - No viable dags retrieved from /opt/airflow/dags/subdags/subdag_downloads.py
[2023-07-22T10:17:20.025+0000] {processor.py:176} INFO - Processing /opt/airflow/dags/subdags/subdag_downloads.py took 0.035 seconds
[2023-07-22T10:17:50.178+0000] {processor.py:154} INFO - Started process (PID=34780) to work on /opt/airflow/dags/subdags/subdag_downloads.py
[2023-07-22T10:17:50.181+0000] {processor.py:756} INFO - Processing file /opt/airflow/dags/subdags/subdag_downloads.py for tasks to queue
[2023-07-22T10:17:50.183+0000] {logging_mixin.py:120} INFO - [2023-07-22T10:17:50.182+0000] {dagbag.py:537} INFO - Filling up the DagBag from /opt/airflow/dags/subdags/subdag_downloads.py
[2023-07-22T10:17:50.193+0000] {processor.py:768} WARNING - No viable dags retrieved from /opt/airflow/dags/subdags/subdag_downloads.py
[2023-07-22T10:17:50.214+0000] {processor.py:176} INFO - Processing /opt/airflow/dags/subdags/subdag_downloads.py took 0.042 seconds
[2023-07-22T10:18:20.752+0000] {processor.py:154} INFO - Started process (PID=34851) to work on /opt/airflow/dags/subdags/subdag_downloads.py
[2023-07-22T10:18:20.753+0000] {processor.py:756} INFO - Processing file /opt/airflow/dags/subdags/subdag_downloads.py for tasks to queue
[2023-07-22T10:18:20.754+0000] {logging_mixin.py:120} INFO - [2023-07-22T10:18:20.754+0000] {dagbag.py:537} INFO - Filling up the DagBag from /opt/airflow/dags/subdags/subdag_downloads.py
[2023-07-22T10:18:20.761+0000] {processor.py:768} WARNING - No viable dags retrieved from /opt/airflow/dags/subdags/subdag_downloads.py
[2023-07-22T10:18:20.779+0000] {processor.py:176} INFO - Processing /opt/airflow/dags/subdags/subdag_downloads.py took 0.032 seconds
[2023-07-22T10:18:50.953+0000] {processor.py:154} INFO - Started process (PID=34918) to work on /opt/airflow/dags/subdags/subdag_downloads.py
[2023-07-22T10:18:50.956+0000] {processor.py:756} INFO - Processing file /opt/airflow/dags/subdags/subdag_downloads.py for tasks to queue
[2023-07-22T10:18:50.957+0000] {logging_mixin.py:120} INFO - [2023-07-22T10:18:50.957+0000] {dagbag.py:537} INFO - Filling up the DagBag from /opt/airflow/dags/subdags/subdag_downloads.py
[2023-07-22T10:18:50.962+0000] {processor.py:768} WARNING - No viable dags retrieved from /opt/airflow/dags/subdags/subdag_downloads.py
[2023-07-22T10:18:50.977+0000] {processor.py:176} INFO - Processing /opt/airflow/dags/subdags/subdag_downloads.py took 0.027 seconds
[2023-07-22T10:19:21.293+0000] {processor.py:154} INFO - Started process (PID=34989) to work on /opt/airflow/dags/subdags/subdag_downloads.py
[2023-07-22T10:19:21.294+0000] {processor.py:756} INFO - Processing file /opt/airflow/dags/subdags/subdag_downloads.py for tasks to queue
[2023-07-22T10:19:21.295+0000] {logging_mixin.py:120} INFO - [2023-07-22T10:19:21.295+0000] {dagbag.py:537} INFO - Filling up the DagBag from /opt/airflow/dags/subdags/subdag_downloads.py
[2023-07-22T10:19:21.300+0000] {processor.py:768} WARNING - No viable dags retrieved from /opt/airflow/dags/subdags/subdag_downloads.py
[2023-07-22T10:19:21.317+0000] {processor.py:176} INFO - Processing /opt/airflow/dags/subdags/subdag_downloads.py took 0.027 seconds
[2023-07-22T10:19:51.648+0000] {processor.py:154} INFO - Started process (PID=35050) to work on /opt/airflow/dags/subdags/subdag_downloads.py
[2023-07-22T10:19:51.649+0000] {processor.py:756} INFO - Processing file /opt/airflow/dags/subdags/subdag_downloads.py for tasks to queue
[2023-07-22T10:19:51.650+0000] {logging_mixin.py:120} INFO - [2023-07-22T10:19:51.650+0000] {dagbag.py:537} INFO - Filling up the DagBag from /opt/airflow/dags/subdags/subdag_downloads.py
[2023-07-22T10:19:51.656+0000] {processor.py:768} WARNING - No viable dags retrieved from /opt/airflow/dags/subdags/subdag_downloads.py
[2023-07-22T10:19:51.678+0000] {processor.py:176} INFO - Processing /opt/airflow/dags/subdags/subdag_downloads.py took 0.035 seconds
[2023-07-22T10:20:22.001+0000] {processor.py:154} INFO - Started process (PID=35119) to work on /opt/airflow/dags/subdags/subdag_downloads.py
[2023-07-22T10:20:22.002+0000] {processor.py:756} INFO - Processing file /opt/airflow/dags/subdags/subdag_downloads.py for tasks to queue
[2023-07-22T10:20:22.003+0000] {logging_mixin.py:120} INFO - [2023-07-22T10:20:22.003+0000] {dagbag.py:537} INFO - Filling up the DagBag from /opt/airflow/dags/subdags/subdag_downloads.py
[2023-07-22T10:20:22.009+0000] {processor.py:768} WARNING - No viable dags retrieved from /opt/airflow/dags/subdags/subdag_downloads.py
[2023-07-22T10:20:22.025+0000] {processor.py:176} INFO - Processing /opt/airflow/dags/subdags/subdag_downloads.py took 0.027 seconds
[2023-07-22T10:20:52.393+0000] {processor.py:154} INFO - Started process (PID=35188) to work on /opt/airflow/dags/subdags/subdag_downloads.py
[2023-07-22T10:20:52.395+0000] {processor.py:756} INFO - Processing file /opt/airflow/dags/subdags/subdag_downloads.py for tasks to queue
[2023-07-22T10:20:52.396+0000] {logging_mixin.py:120} INFO - [2023-07-22T10:20:52.396+0000] {dagbag.py:537} INFO - Filling up the DagBag from /opt/airflow/dags/subdags/subdag_downloads.py
[2023-07-22T10:20:52.404+0000] {processor.py:768} WARNING - No viable dags retrieved from /opt/airflow/dags/subdags/subdag_downloads.py
[2023-07-22T10:20:52.426+0000] {processor.py:176} INFO - Processing /opt/airflow/dags/subdags/subdag_downloads.py took 0.040 seconds
[2023-07-22T10:21:22.914+0000] {processor.py:154} INFO - Started process (PID=35256) to work on /opt/airflow/dags/subdags/subdag_downloads.py
[2023-07-22T10:21:22.916+0000] {processor.py:756} INFO - Processing file /opt/airflow/dags/subdags/subdag_downloads.py for tasks to queue
[2023-07-22T10:21:22.917+0000] {logging_mixin.py:120} INFO - [2023-07-22T10:21:22.917+0000] {dagbag.py:537} INFO - Filling up the DagBag from /opt/airflow/dags/subdags/subdag_downloads.py
[2023-07-22T10:21:22.926+0000] {processor.py:768} WARNING - No viable dags retrieved from /opt/airflow/dags/subdags/subdag_downloads.py
[2023-07-22T10:21:22.950+0000] {processor.py:176} INFO - Processing /opt/airflow/dags/subdags/subdag_downloads.py took 0.042 seconds
[2023-07-22T10:21:53.278+0000] {processor.py:154} INFO - Started process (PID=35325) to work on /opt/airflow/dags/subdags/subdag_downloads.py
[2023-07-22T10:21:53.289+0000] {processor.py:756} INFO - Processing file /opt/airflow/dags/subdags/subdag_downloads.py for tasks to queue
[2023-07-22T10:21:53.305+0000] {logging_mixin.py:120} INFO - [2023-07-22T10:21:53.305+0000] {dagbag.py:537} INFO - Filling up the DagBag from /opt/airflow/dags/subdags/subdag_downloads.py
[2023-07-22T10:21:53.350+0000] {processor.py:768} WARNING - No viable dags retrieved from /opt/airflow/dags/subdags/subdag_downloads.py
[2023-07-22T10:21:53.386+0000] {processor.py:176} INFO - Processing /opt/airflow/dags/subdags/subdag_downloads.py took 0.112 seconds
[2023-07-22T10:22:23.576+0000] {processor.py:154} INFO - Started process (PID=35384) to work on /opt/airflow/dags/subdags/subdag_downloads.py
[2023-07-22T10:22:23.578+0000] {processor.py:756} INFO - Processing file /opt/airflow/dags/subdags/subdag_downloads.py for tasks to queue
[2023-07-22T10:22:23.579+0000] {logging_mixin.py:120} INFO - [2023-07-22T10:22:23.578+0000] {dagbag.py:537} INFO - Filling up the DagBag from /opt/airflow/dags/subdags/subdag_downloads.py
[2023-07-22T10:22:23.584+0000] {processor.py:768} WARNING - No viable dags retrieved from /opt/airflow/dags/subdags/subdag_downloads.py
[2023-07-22T10:22:23.599+0000] {processor.py:176} INFO - Processing /opt/airflow/dags/subdags/subdag_downloads.py took 0.027 seconds
[2023-07-22T10:22:53.691+0000] {processor.py:154} INFO - Started process (PID=35454) to work on /opt/airflow/dags/subdags/subdag_downloads.py
[2023-07-22T10:22:53.694+0000] {processor.py:756} INFO - Processing file /opt/airflow/dags/subdags/subdag_downloads.py for tasks to queue
[2023-07-22T10:22:53.695+0000] {logging_mixin.py:120} INFO - [2023-07-22T10:22:53.695+0000] {dagbag.py:537} INFO - Filling up the DagBag from /opt/airflow/dags/subdags/subdag_downloads.py
[2023-07-22T10:22:53.706+0000] {processor.py:768} WARNING - No viable dags retrieved from /opt/airflow/dags/subdags/subdag_downloads.py
[2023-07-22T10:22:53.728+0000] {processor.py:176} INFO - Processing /opt/airflow/dags/subdags/subdag_downloads.py took 0.043 seconds
[2023-07-22T10:23:24.239+0000] {processor.py:154} INFO - Started process (PID=35522) to work on /opt/airflow/dags/subdags/subdag_downloads.py
[2023-07-22T10:23:24.241+0000] {processor.py:756} INFO - Processing file /opt/airflow/dags/subdags/subdag_downloads.py for tasks to queue
[2023-07-22T10:23:24.242+0000] {logging_mixin.py:120} INFO - [2023-07-22T10:23:24.242+0000] {dagbag.py:537} INFO - Filling up the DagBag from /opt/airflow/dags/subdags/subdag_downloads.py
[2023-07-22T10:23:24.251+0000] {processor.py:768} WARNING - No viable dags retrieved from /opt/airflow/dags/subdags/subdag_downloads.py
[2023-07-22T10:23:24.273+0000] {processor.py:176} INFO - Processing /opt/airflow/dags/subdags/subdag_downloads.py took 0.039 seconds
[2023-07-22T11:44:08.129+0000] {processor.py:154} INFO - Started process (PID=35526) to work on /opt/airflow/dags/subdags/subdag_downloads.py
[2023-07-22T11:44:08.129+0000] {processor.py:756} INFO - Processing file /opt/airflow/dags/subdags/subdag_downloads.py for tasks to queue
[2023-07-22T11:44:08.130+0000] {logging_mixin.py:120} INFO - [2023-07-22T11:44:08.130+0000] {dagbag.py:537} INFO - Filling up the DagBag from /opt/airflow/dags/subdags/subdag_downloads.py
[2023-07-22T11:44:08.136+0000] {processor.py:768} WARNING - No viable dags retrieved from /opt/airflow/dags/subdags/subdag_downloads.py
[2023-07-22T11:44:08.152+0000] {processor.py:176} INFO - Processing /opt/airflow/dags/subdags/subdag_downloads.py took 0.027 seconds
[2023-07-22T11:50:58.275+0000] {processor.py:154} INFO - Started process (PID=35594) to work on /opt/airflow/dags/subdags/subdag_downloads.py
[2023-07-22T11:50:58.276+0000] {processor.py:756} INFO - Processing file /opt/airflow/dags/subdags/subdag_downloads.py for tasks to queue
[2023-07-22T11:50:58.276+0000] {logging_mixin.py:120} INFO - [2023-07-22T11:50:58.276+0000] {dagbag.py:537} INFO - Filling up the DagBag from /opt/airflow/dags/subdags/subdag_downloads.py
[2023-07-22T11:50:58.281+0000] {processor.py:768} WARNING - No viable dags retrieved from /opt/airflow/dags/subdags/subdag_downloads.py
[2023-07-22T11:50:58.295+0000] {processor.py:176} INFO - Processing /opt/airflow/dags/subdags/subdag_downloads.py took 0.024 seconds
[2023-07-22T11:51:28.456+0000] {processor.py:154} INFO - Started process (PID=35655) to work on /opt/airflow/dags/subdags/subdag_downloads.py
[2023-07-22T11:51:28.458+0000] {processor.py:756} INFO - Processing file /opt/airflow/dags/subdags/subdag_downloads.py for tasks to queue
[2023-07-22T11:51:28.458+0000] {logging_mixin.py:120} INFO - [2023-07-22T11:51:28.458+0000] {dagbag.py:537} INFO - Filling up the DagBag from /opt/airflow/dags/subdags/subdag_downloads.py
[2023-07-22T11:51:28.468+0000] {processor.py:768} WARNING - No viable dags retrieved from /opt/airflow/dags/subdags/subdag_downloads.py
[2023-07-22T11:51:28.489+0000] {processor.py:176} INFO - Processing /opt/airflow/dags/subdags/subdag_downloads.py took 0.036 seconds
[2023-07-22T11:51:59.365+0000] {processor.py:154} INFO - Started process (PID=35725) to work on /opt/airflow/dags/subdags/subdag_downloads.py
[2023-07-22T11:51:59.366+0000] {processor.py:756} INFO - Processing file /opt/airflow/dags/subdags/subdag_downloads.py for tasks to queue
[2023-07-22T11:51:59.367+0000] {logging_mixin.py:120} INFO - [2023-07-22T11:51:59.367+0000] {dagbag.py:537} INFO - Filling up the DagBag from /opt/airflow/dags/subdags/subdag_downloads.py
[2023-07-22T11:51:59.372+0000] {processor.py:768} WARNING - No viable dags retrieved from /opt/airflow/dags/subdags/subdag_downloads.py
[2023-07-22T11:51:59.387+0000] {processor.py:176} INFO - Processing /opt/airflow/dags/subdags/subdag_downloads.py took 0.024 seconds
[2023-07-22T11:52:29.733+0000] {processor.py:154} INFO - Started process (PID=35795) to work on /opt/airflow/dags/subdags/subdag_downloads.py
[2023-07-22T11:52:29.733+0000] {processor.py:756} INFO - Processing file /opt/airflow/dags/subdags/subdag_downloads.py for tasks to queue
[2023-07-22T11:52:29.734+0000] {logging_mixin.py:120} INFO - [2023-07-22T11:52:29.734+0000] {dagbag.py:537} INFO - Filling up the DagBag from /opt/airflow/dags/subdags/subdag_downloads.py
[2023-07-22T11:52:29.740+0000] {processor.py:768} WARNING - No viable dags retrieved from /opt/airflow/dags/subdags/subdag_downloads.py
[2023-07-22T11:52:29.758+0000] {processor.py:176} INFO - Processing /opt/airflow/dags/subdags/subdag_downloads.py took 0.028 seconds
[2023-07-22T11:53:00.444+0000] {processor.py:154} INFO - Started process (PID=35864) to work on /opt/airflow/dags/subdags/subdag_downloads.py
[2023-07-22T11:53:00.444+0000] {processor.py:756} INFO - Processing file /opt/airflow/dags/subdags/subdag_downloads.py for tasks to queue
[2023-07-22T11:53:00.445+0000] {logging_mixin.py:120} INFO - [2023-07-22T11:53:00.445+0000] {dagbag.py:537} INFO - Filling up the DagBag from /opt/airflow/dags/subdags/subdag_downloads.py
[2023-07-22T11:53:00.450+0000] {processor.py:768} WARNING - No viable dags retrieved from /opt/airflow/dags/subdags/subdag_downloads.py
[2023-07-22T11:53:00.466+0000] {processor.py:176} INFO - Processing /opt/airflow/dags/subdags/subdag_downloads.py took 0.025 seconds
[2023-07-22T11:53:30.829+0000] {processor.py:154} INFO - Started process (PID=35924) to work on /opt/airflow/dags/subdags/subdag_downloads.py
[2023-07-22T11:53:30.829+0000] {processor.py:756} INFO - Processing file /opt/airflow/dags/subdags/subdag_downloads.py for tasks to queue
[2023-07-22T11:53:30.830+0000] {logging_mixin.py:120} INFO - [2023-07-22T11:53:30.830+0000] {dagbag.py:537} INFO - Filling up the DagBag from /opt/airflow/dags/subdags/subdag_downloads.py
[2023-07-22T11:53:30.834+0000] {processor.py:768} WARNING - No viable dags retrieved from /opt/airflow/dags/subdags/subdag_downloads.py
[2023-07-22T11:53:30.849+0000] {processor.py:176} INFO - Processing /opt/airflow/dags/subdags/subdag_downloads.py took 0.023 seconds
[2023-07-22T11:54:01.668+0000] {processor.py:154} INFO - Started process (PID=35994) to work on /opt/airflow/dags/subdags/subdag_downloads.py
[2023-07-22T11:54:01.668+0000] {processor.py:756} INFO - Processing file /opt/airflow/dags/subdags/subdag_downloads.py for tasks to queue
[2023-07-22T11:54:01.669+0000] {logging_mixin.py:120} INFO - [2023-07-22T11:54:01.669+0000] {dagbag.py:537} INFO - Filling up the DagBag from /opt/airflow/dags/subdags/subdag_downloads.py
[2023-07-22T11:54:01.677+0000] {processor.py:768} WARNING - No viable dags retrieved from /opt/airflow/dags/subdags/subdag_downloads.py
[2023-07-22T11:54:01.695+0000] {processor.py:176} INFO - Processing /opt/airflow/dags/subdags/subdag_downloads.py took 0.030 seconds
[2023-07-22T11:54:32.411+0000] {processor.py:154} INFO - Started process (PID=36063) to work on /opt/airflow/dags/subdags/subdag_downloads.py
[2023-07-22T11:54:32.411+0000] {processor.py:756} INFO - Processing file /opt/airflow/dags/subdags/subdag_downloads.py for tasks to queue
[2023-07-22T11:54:32.412+0000] {logging_mixin.py:120} INFO - [2023-07-22T11:54:32.412+0000] {dagbag.py:537} INFO - Filling up the DagBag from /opt/airflow/dags/subdags/subdag_downloads.py
[2023-07-22T11:54:32.417+0000] {processor.py:768} WARNING - No viable dags retrieved from /opt/airflow/dags/subdags/subdag_downloads.py
[2023-07-22T11:54:32.432+0000] {processor.py:176} INFO - Processing /opt/airflow/dags/subdags/subdag_downloads.py took 0.024 seconds
[2023-07-22T11:55:03.167+0000] {processor.py:154} INFO - Started process (PID=36132) to work on /opt/airflow/dags/subdags/subdag_downloads.py
[2023-07-22T11:55:03.168+0000] {processor.py:756} INFO - Processing file /opt/airflow/dags/subdags/subdag_downloads.py for tasks to queue
[2023-07-22T11:55:03.168+0000] {logging_mixin.py:120} INFO - [2023-07-22T11:55:03.168+0000] {dagbag.py:537} INFO - Filling up the DagBag from /opt/airflow/dags/subdags/subdag_downloads.py
[2023-07-22T11:55:03.176+0000] {processor.py:768} WARNING - No viable dags retrieved from /opt/airflow/dags/subdags/subdag_downloads.py
[2023-07-22T11:55:03.196+0000] {processor.py:176} INFO - Processing /opt/airflow/dags/subdags/subdag_downloads.py took 0.034 seconds
[2023-07-22T11:55:33.888+0000] {processor.py:154} INFO - Started process (PID=36201) to work on /opt/airflow/dags/subdags/subdag_downloads.py
[2023-07-22T11:55:33.889+0000] {processor.py:756} INFO - Processing file /opt/airflow/dags/subdags/subdag_downloads.py for tasks to queue
[2023-07-22T11:55:33.890+0000] {logging_mixin.py:120} INFO - [2023-07-22T11:55:33.890+0000] {dagbag.py:537} INFO - Filling up the DagBag from /opt/airflow/dags/subdags/subdag_downloads.py
[2023-07-22T11:55:33.894+0000] {processor.py:768} WARNING - No viable dags retrieved from /opt/airflow/dags/subdags/subdag_downloads.py
[2023-07-22T11:55:33.908+0000] {processor.py:176} INFO - Processing /opt/airflow/dags/subdags/subdag_downloads.py took 0.023 seconds
[2023-07-22T11:56:05.610+0000] {processor.py:154} INFO - Started process (PID=36268) to work on /opt/airflow/dags/subdags/subdag_downloads.py
[2023-07-22T11:56:05.621+0000] {processor.py:756} INFO - Processing file /opt/airflow/dags/subdags/subdag_downloads.py for tasks to queue
[2023-07-22T11:56:05.626+0000] {logging_mixin.py:120} INFO - [2023-07-22T11:56:05.624+0000] {dagbag.py:537} INFO - Filling up the DagBag from /opt/airflow/dags/subdags/subdag_downloads.py
[2023-07-22T11:56:05.697+0000] {processor.py:768} WARNING - No viable dags retrieved from /opt/airflow/dags/subdags/subdag_downloads.py
[2023-07-22T11:56:05.735+0000] {processor.py:176} INFO - Processing /opt/airflow/dags/subdags/subdag_downloads.py took 0.186 seconds
[2023-07-22T12:07:09.266+0000] {processor.py:154} INFO - Started process (PID=36330) to work on /opt/airflow/dags/subdags/subdag_downloads.py
[2023-07-22T12:07:09.267+0000] {processor.py:756} INFO - Processing file /opt/airflow/dags/subdags/subdag_downloads.py for tasks to queue
[2023-07-22T12:07:09.268+0000] {logging_mixin.py:120} INFO - [2023-07-22T12:07:09.268+0000] {dagbag.py:537} INFO - Filling up the DagBag from /opt/airflow/dags/subdags/subdag_downloads.py
[2023-07-22T12:07:09.274+0000] {processor.py:768} WARNING - No viable dags retrieved from /opt/airflow/dags/subdags/subdag_downloads.py
[2023-07-22T12:07:09.295+0000] {processor.py:176} INFO - Processing /opt/airflow/dags/subdags/subdag_downloads.py took 0.033 seconds
[2023-07-22T12:07:40.178+0000] {processor.py:154} INFO - Started process (PID=36391) to work on /opt/airflow/dags/subdags/subdag_downloads.py
[2023-07-22T12:07:40.179+0000] {processor.py:756} INFO - Processing file /opt/airflow/dags/subdags/subdag_downloads.py for tasks to queue
[2023-07-22T12:07:40.180+0000] {logging_mixin.py:120} INFO - [2023-07-22T12:07:40.180+0000] {dagbag.py:537} INFO - Filling up the DagBag from /opt/airflow/dags/subdags/subdag_downloads.py
[2023-07-22T12:07:40.189+0000] {processor.py:768} WARNING - No viable dags retrieved from /opt/airflow/dags/subdags/subdag_downloads.py
[2023-07-22T12:07:40.204+0000] {processor.py:176} INFO - Processing /opt/airflow/dags/subdags/subdag_downloads.py took 0.029 seconds
[2023-07-22T12:08:10.362+0000] {processor.py:154} INFO - Started process (PID=36459) to work on /opt/airflow/dags/subdags/subdag_downloads.py
[2023-07-22T12:08:10.364+0000] {processor.py:756} INFO - Processing file /opt/airflow/dags/subdags/subdag_downloads.py for tasks to queue
[2023-07-22T12:08:10.365+0000] {logging_mixin.py:120} INFO - [2023-07-22T12:08:10.365+0000] {dagbag.py:537} INFO - Filling up the DagBag from /opt/airflow/dags/subdags/subdag_downloads.py
[2023-07-22T12:08:10.376+0000] {processor.py:768} WARNING - No viable dags retrieved from /opt/airflow/dags/subdags/subdag_downloads.py
[2023-07-22T12:08:10.394+0000] {processor.py:176} INFO - Processing /opt/airflow/dags/subdags/subdag_downloads.py took 0.039 seconds
[2023-07-22T12:08:40.912+0000] {processor.py:154} INFO - Started process (PID=36530) to work on /opt/airflow/dags/subdags/subdag_downloads.py
[2023-07-22T12:08:40.914+0000] {processor.py:756} INFO - Processing file /opt/airflow/dags/subdags/subdag_downloads.py for tasks to queue
[2023-07-22T12:08:40.918+0000] {logging_mixin.py:120} INFO - [2023-07-22T12:08:40.918+0000] {dagbag.py:537} INFO - Filling up the DagBag from /opt/airflow/dags/subdags/subdag_downloads.py
[2023-07-22T12:08:40.925+0000] {processor.py:768} WARNING - No viable dags retrieved from /opt/airflow/dags/subdags/subdag_downloads.py
[2023-07-22T12:08:40.941+0000] {processor.py:176} INFO - Processing /opt/airflow/dags/subdags/subdag_downloads.py took 0.032 seconds
[2023-07-22T12:09:11.341+0000] {processor.py:154} INFO - Started process (PID=36599) to work on /opt/airflow/dags/subdags/subdag_downloads.py
[2023-07-22T12:09:11.342+0000] {processor.py:756} INFO - Processing file /opt/airflow/dags/subdags/subdag_downloads.py for tasks to queue
[2023-07-22T12:09:11.343+0000] {logging_mixin.py:120} INFO - [2023-07-22T12:09:11.343+0000] {dagbag.py:537} INFO - Filling up the DagBag from /opt/airflow/dags/subdags/subdag_downloads.py
[2023-07-22T12:09:11.349+0000] {processor.py:768} WARNING - No viable dags retrieved from /opt/airflow/dags/subdags/subdag_downloads.py
[2023-07-22T12:09:11.368+0000] {processor.py:176} INFO - Processing /opt/airflow/dags/subdags/subdag_downloads.py took 0.030 seconds
[2023-07-22T12:09:42.370+0000] {processor.py:154} INFO - Started process (PID=36668) to work on /opt/airflow/dags/subdags/subdag_downloads.py
[2023-07-22T12:09:42.371+0000] {processor.py:756} INFO - Processing file /opt/airflow/dags/subdags/subdag_downloads.py for tasks to queue
[2023-07-22T12:09:42.372+0000] {logging_mixin.py:120} INFO - [2023-07-22T12:09:42.372+0000] {dagbag.py:537} INFO - Filling up the DagBag from /opt/airflow/dags/subdags/subdag_downloads.py
[2023-07-22T12:09:42.377+0000] {processor.py:768} WARNING - No viable dags retrieved from /opt/airflow/dags/subdags/subdag_downloads.py
[2023-07-22T12:09:42.391+0000] {processor.py:176} INFO - Processing /opt/airflow/dags/subdags/subdag_downloads.py took 0.024 seconds
[2023-07-22T12:10:13.191+0000] {processor.py:154} INFO - Started process (PID=36728) to work on /opt/airflow/dags/subdags/subdag_downloads.py
[2023-07-22T12:10:13.191+0000] {processor.py:756} INFO - Processing file /opt/airflow/dags/subdags/subdag_downloads.py for tasks to queue
[2023-07-22T12:10:13.192+0000] {logging_mixin.py:120} INFO - [2023-07-22T12:10:13.192+0000] {dagbag.py:537} INFO - Filling up the DagBag from /opt/airflow/dags/subdags/subdag_downloads.py
[2023-07-22T12:10:13.197+0000] {processor.py:768} WARNING - No viable dags retrieved from /opt/airflow/dags/subdags/subdag_downloads.py
[2023-07-22T12:10:13.215+0000] {processor.py:176} INFO - Processing /opt/airflow/dags/subdags/subdag_downloads.py took 0.028 seconds
[2023-07-22T12:10:44.069+0000] {processor.py:154} INFO - Started process (PID=36796) to work on /opt/airflow/dags/subdags/subdag_downloads.py
[2023-07-22T12:10:44.070+0000] {processor.py:756} INFO - Processing file /opt/airflow/dags/subdags/subdag_downloads.py for tasks to queue
[2023-07-22T12:10:44.071+0000] {logging_mixin.py:120} INFO - [2023-07-22T12:10:44.071+0000] {dagbag.py:537} INFO - Filling up the DagBag from /opt/airflow/dags/subdags/subdag_downloads.py
[2023-07-22T12:10:44.078+0000] {processor.py:768} WARNING - No viable dags retrieved from /opt/airflow/dags/subdags/subdag_downloads.py
[2023-07-22T12:10:44.095+0000] {processor.py:176} INFO - Processing /opt/airflow/dags/subdags/subdag_downloads.py took 0.029 seconds
[2023-07-22T12:11:15.143+0000] {processor.py:154} INFO - Started process (PID=36865) to work on /opt/airflow/dags/subdags/subdag_downloads.py
[2023-07-22T12:11:15.144+0000] {processor.py:756} INFO - Processing file /opt/airflow/dags/subdags/subdag_downloads.py for tasks to queue
[2023-07-22T12:11:15.144+0000] {logging_mixin.py:120} INFO - [2023-07-22T12:11:15.144+0000] {dagbag.py:537} INFO - Filling up the DagBag from /opt/airflow/dags/subdags/subdag_downloads.py
[2023-07-22T12:11:15.151+0000] {processor.py:768} WARNING - No viable dags retrieved from /opt/airflow/dags/subdags/subdag_downloads.py
[2023-07-22T12:11:15.170+0000] {processor.py:176} INFO - Processing /opt/airflow/dags/subdags/subdag_downloads.py took 0.031 seconds
[2023-07-22T12:11:45.523+0000] {processor.py:154} INFO - Started process (PID=36934) to work on /opt/airflow/dags/subdags/subdag_downloads.py
[2023-07-22T12:11:45.524+0000] {processor.py:756} INFO - Processing file /opt/airflow/dags/subdags/subdag_downloads.py for tasks to queue
[2023-07-22T12:11:45.524+0000] {logging_mixin.py:120} INFO - [2023-07-22T12:11:45.524+0000] {dagbag.py:537} INFO - Filling up the DagBag from /opt/airflow/dags/subdags/subdag_downloads.py
[2023-07-22T12:11:45.529+0000] {processor.py:768} WARNING - No viable dags retrieved from /opt/airflow/dags/subdags/subdag_downloads.py
[2023-07-22T12:11:45.548+0000] {processor.py:176} INFO - Processing /opt/airflow/dags/subdags/subdag_downloads.py took 0.028 seconds
[2023-07-22T12:12:15.709+0000] {processor.py:154} INFO - Started process (PID=37002) to work on /opt/airflow/dags/subdags/subdag_downloads.py
[2023-07-22T12:12:15.711+0000] {processor.py:756} INFO - Processing file /opt/airflow/dags/subdags/subdag_downloads.py for tasks to queue
[2023-07-22T12:12:15.713+0000] {logging_mixin.py:120} INFO - [2023-07-22T12:12:15.713+0000] {dagbag.py:537} INFO - Filling up the DagBag from /opt/airflow/dags/subdags/subdag_downloads.py
[2023-07-22T12:12:15.727+0000] {processor.py:768} WARNING - No viable dags retrieved from /opt/airflow/dags/subdags/subdag_downloads.py
[2023-07-22T12:12:15.747+0000] {processor.py:176} INFO - Processing /opt/airflow/dags/subdags/subdag_downloads.py took 0.049 seconds
[2023-07-22T12:12:45.953+0000] {processor.py:154} INFO - Started process (PID=37062) to work on /opt/airflow/dags/subdags/subdag_downloads.py
[2023-07-22T12:12:45.955+0000] {processor.py:756} INFO - Processing file /opt/airflow/dags/subdags/subdag_downloads.py for tasks to queue
[2023-07-22T12:12:45.956+0000] {logging_mixin.py:120} INFO - [2023-07-22T12:12:45.956+0000] {dagbag.py:537} INFO - Filling up the DagBag from /opt/airflow/dags/subdags/subdag_downloads.py
[2023-07-22T12:12:45.967+0000] {processor.py:768} WARNING - No viable dags retrieved from /opt/airflow/dags/subdags/subdag_downloads.py
[2023-07-22T12:12:45.990+0000] {processor.py:176} INFO - Processing /opt/airflow/dags/subdags/subdag_downloads.py took 0.040 seconds
[2023-07-22T12:13:16.434+0000] {processor.py:154} INFO - Started process (PID=37131) to work on /opt/airflow/dags/subdags/subdag_downloads.py
[2023-07-22T12:13:16.435+0000] {processor.py:756} INFO - Processing file /opt/airflow/dags/subdags/subdag_downloads.py for tasks to queue
[2023-07-22T12:13:16.436+0000] {logging_mixin.py:120} INFO - [2023-07-22T12:13:16.436+0000] {dagbag.py:537} INFO - Filling up the DagBag from /opt/airflow/dags/subdags/subdag_downloads.py
[2023-07-22T12:13:16.447+0000] {processor.py:768} WARNING - No viable dags retrieved from /opt/airflow/dags/subdags/subdag_downloads.py
[2023-07-22T12:13:16.472+0000] {processor.py:176} INFO - Processing /opt/airflow/dags/subdags/subdag_downloads.py took 0.042 seconds
[2023-07-22T12:13:46.843+0000] {processor.py:154} INFO - Started process (PID=37200) to work on /opt/airflow/dags/subdags/subdag_downloads.py
[2023-07-22T12:13:46.846+0000] {processor.py:756} INFO - Processing file /opt/airflow/dags/subdags/subdag_downloads.py for tasks to queue
[2023-07-22T12:13:46.847+0000] {logging_mixin.py:120} INFO - [2023-07-22T12:13:46.847+0000] {dagbag.py:537} INFO - Filling up the DagBag from /opt/airflow/dags/subdags/subdag_downloads.py
[2023-07-22T12:13:46.855+0000] {processor.py:768} WARNING - No viable dags retrieved from /opt/airflow/dags/subdags/subdag_downloads.py
[2023-07-22T12:13:46.876+0000] {processor.py:176} INFO - Processing /opt/airflow/dags/subdags/subdag_downloads.py took 0.037 seconds
[2023-07-22T12:14:17.253+0000] {processor.py:154} INFO - Started process (PID=37269) to work on /opt/airflow/dags/subdags/subdag_downloads.py
[2023-07-22T12:14:17.254+0000] {processor.py:756} INFO - Processing file /opt/airflow/dags/subdags/subdag_downloads.py for tasks to queue
[2023-07-22T12:14:17.255+0000] {logging_mixin.py:120} INFO - [2023-07-22T12:14:17.255+0000] {dagbag.py:537} INFO - Filling up the DagBag from /opt/airflow/dags/subdags/subdag_downloads.py
[2023-07-22T12:14:17.260+0000] {processor.py:768} WARNING - No viable dags retrieved from /opt/airflow/dags/subdags/subdag_downloads.py
[2023-07-22T12:14:17.275+0000] {processor.py:176} INFO - Processing /opt/airflow/dags/subdags/subdag_downloads.py took 0.024 seconds
[2023-07-22T12:14:48.063+0000] {processor.py:154} INFO - Started process (PID=37337) to work on /opt/airflow/dags/subdags/subdag_downloads.py
[2023-07-22T12:14:48.064+0000] {processor.py:756} INFO - Processing file /opt/airflow/dags/subdags/subdag_downloads.py for tasks to queue
[2023-07-22T12:14:48.065+0000] {logging_mixin.py:120} INFO - [2023-07-22T12:14:48.064+0000] {dagbag.py:537} INFO - Filling up the DagBag from /opt/airflow/dags/subdags/subdag_downloads.py
[2023-07-22T12:14:48.070+0000] {processor.py:768} WARNING - No viable dags retrieved from /opt/airflow/dags/subdags/subdag_downloads.py
[2023-07-22T12:14:48.084+0000] {processor.py:176} INFO - Processing /opt/airflow/dags/subdags/subdag_downloads.py took 0.024 seconds
[2023-07-22T12:15:18.805+0000] {processor.py:154} INFO - Started process (PID=37399) to work on /opt/airflow/dags/subdags/subdag_downloads.py
[2023-07-22T12:15:18.805+0000] {processor.py:756} INFO - Processing file /opt/airflow/dags/subdags/subdag_downloads.py for tasks to queue
[2023-07-22T12:15:18.806+0000] {logging_mixin.py:120} INFO - [2023-07-22T12:15:18.806+0000] {dagbag.py:537} INFO - Filling up the DagBag from /opt/airflow/dags/subdags/subdag_downloads.py
[2023-07-22T12:15:18.810+0000] {processor.py:768} WARNING - No viable dags retrieved from /opt/airflow/dags/subdags/subdag_downloads.py
[2023-07-22T12:15:18.824+0000] {processor.py:176} INFO - Processing /opt/airflow/dags/subdags/subdag_downloads.py took 0.022 seconds
[2023-07-22T12:15:49.822+0000] {processor.py:154} INFO - Started process (PID=37468) to work on /opt/airflow/dags/subdags/subdag_downloads.py
[2023-07-22T12:15:49.823+0000] {processor.py:756} INFO - Processing file /opt/airflow/dags/subdags/subdag_downloads.py for tasks to queue
[2023-07-22T12:15:49.824+0000] {logging_mixin.py:120} INFO - [2023-07-22T12:15:49.824+0000] {dagbag.py:537} INFO - Filling up the DagBag from /opt/airflow/dags/subdags/subdag_downloads.py
[2023-07-22T12:15:49.831+0000] {processor.py:768} WARNING - No viable dags retrieved from /opt/airflow/dags/subdags/subdag_downloads.py
[2023-07-22T12:15:49.856+0000] {processor.py:176} INFO - Processing /opt/airflow/dags/subdags/subdag_downloads.py took 0.037 seconds
[2023-07-22T12:16:20.121+0000] {processor.py:154} INFO - Started process (PID=37537) to work on /opt/airflow/dags/subdags/subdag_downloads.py
[2023-07-22T12:16:20.123+0000] {processor.py:756} INFO - Processing file /opt/airflow/dags/subdags/subdag_downloads.py for tasks to queue
[2023-07-22T12:16:20.124+0000] {logging_mixin.py:120} INFO - [2023-07-22T12:16:20.124+0000] {dagbag.py:537} INFO - Filling up the DagBag from /opt/airflow/dags/subdags/subdag_downloads.py
[2023-07-22T12:16:20.132+0000] {processor.py:768} WARNING - No viable dags retrieved from /opt/airflow/dags/subdags/subdag_downloads.py
[2023-07-22T12:16:20.155+0000] {processor.py:176} INFO - Processing /opt/airflow/dags/subdags/subdag_downloads.py took 0.037 seconds
[2023-07-22T12:16:50.645+0000] {processor.py:154} INFO - Started process (PID=37606) to work on /opt/airflow/dags/subdags/subdag_downloads.py
[2023-07-22T12:16:50.647+0000] {processor.py:756} INFO - Processing file /opt/airflow/dags/subdags/subdag_downloads.py for tasks to queue
[2023-07-22T12:16:50.648+0000] {logging_mixin.py:120} INFO - [2023-07-22T12:16:50.648+0000] {dagbag.py:537} INFO - Filling up the DagBag from /opt/airflow/dags/subdags/subdag_downloads.py
[2023-07-22T12:16:50.654+0000] {processor.py:768} WARNING - No viable dags retrieved from /opt/airflow/dags/subdags/subdag_downloads.py
[2023-07-22T12:16:50.671+0000] {processor.py:176} INFO - Processing /opt/airflow/dags/subdags/subdag_downloads.py took 0.029 seconds
[2023-07-22T12:17:21.280+0000] {processor.py:154} INFO - Started process (PID=37675) to work on /opt/airflow/dags/subdags/subdag_downloads.py
[2023-07-22T12:17:21.281+0000] {processor.py:756} INFO - Processing file /opt/airflow/dags/subdags/subdag_downloads.py for tasks to queue
[2023-07-22T12:17:21.281+0000] {logging_mixin.py:120} INFO - [2023-07-22T12:17:21.281+0000] {dagbag.py:537} INFO - Filling up the DagBag from /opt/airflow/dags/subdags/subdag_downloads.py
[2023-07-22T12:17:21.287+0000] {processor.py:768} WARNING - No viable dags retrieved from /opt/airflow/dags/subdags/subdag_downloads.py
[2023-07-22T12:17:21.305+0000] {processor.py:176} INFO - Processing /opt/airflow/dags/subdags/subdag_downloads.py took 0.029 seconds
[2023-07-22T12:17:51.527+0000] {processor.py:154} INFO - Started process (PID=37734) to work on /opt/airflow/dags/subdags/subdag_downloads.py
[2023-07-22T12:17:51.529+0000] {processor.py:756} INFO - Processing file /opt/airflow/dags/subdags/subdag_downloads.py for tasks to queue
[2023-07-22T12:17:51.530+0000] {logging_mixin.py:120} INFO - [2023-07-22T12:17:51.530+0000] {dagbag.py:537} INFO - Filling up the DagBag from /opt/airflow/dags/subdags/subdag_downloads.py
[2023-07-22T12:17:51.539+0000] {processor.py:768} WARNING - No viable dags retrieved from /opt/airflow/dags/subdags/subdag_downloads.py
[2023-07-22T12:17:51.563+0000] {processor.py:176} INFO - Processing /opt/airflow/dags/subdags/subdag_downloads.py took 0.039 seconds
[2023-07-22T12:18:21.785+0000] {processor.py:154} INFO - Started process (PID=37803) to work on /opt/airflow/dags/subdags/subdag_downloads.py
[2023-07-22T12:18:21.787+0000] {processor.py:756} INFO - Processing file /opt/airflow/dags/subdags/subdag_downloads.py for tasks to queue
[2023-07-22T12:18:21.788+0000] {logging_mixin.py:120} INFO - [2023-07-22T12:18:21.788+0000] {dagbag.py:537} INFO - Filling up the DagBag from /opt/airflow/dags/subdags/subdag_downloads.py
[2023-07-22T12:18:21.797+0000] {processor.py:768} WARNING - No viable dags retrieved from /opt/airflow/dags/subdags/subdag_downloads.py
[2023-07-22T12:18:21.819+0000] {processor.py:176} INFO - Processing /opt/airflow/dags/subdags/subdag_downloads.py took 0.037 seconds
[2023-07-22T12:18:51.893+0000] {processor.py:154} INFO - Started process (PID=37872) to work on /opt/airflow/dags/subdags/subdag_downloads.py
[2023-07-22T12:18:51.895+0000] {processor.py:756} INFO - Processing file /opt/airflow/dags/subdags/subdag_downloads.py for tasks to queue
[2023-07-22T12:18:51.896+0000] {logging_mixin.py:120} INFO - [2023-07-22T12:18:51.896+0000] {dagbag.py:537} INFO - Filling up the DagBag from /opt/airflow/dags/subdags/subdag_downloads.py
[2023-07-22T12:18:51.905+0000] {processor.py:768} WARNING - No viable dags retrieved from /opt/airflow/dags/subdags/subdag_downloads.py
[2023-07-22T12:18:51.923+0000] {processor.py:176} INFO - Processing /opt/airflow/dags/subdags/subdag_downloads.py took 0.033 seconds
[2023-07-22T12:19:22.877+0000] {processor.py:154} INFO - Started process (PID=37941) to work on /opt/airflow/dags/subdags/subdag_downloads.py
[2023-07-22T12:19:22.879+0000] {processor.py:756} INFO - Processing file /opt/airflow/dags/subdags/subdag_downloads.py for tasks to queue
[2023-07-22T12:19:22.880+0000] {logging_mixin.py:120} INFO - [2023-07-22T12:19:22.880+0000] {dagbag.py:537} INFO - Filling up the DagBag from /opt/airflow/dags/subdags/subdag_downloads.py
[2023-07-22T12:19:22.889+0000] {processor.py:768} WARNING - No viable dags retrieved from /opt/airflow/dags/subdags/subdag_downloads.py
[2023-07-22T12:19:22.905+0000] {processor.py:176} INFO - Processing /opt/airflow/dags/subdags/subdag_downloads.py took 0.033 seconds
[2023-07-22T12:19:53.617+0000] {processor.py:154} INFO - Started process (PID=38001) to work on /opt/airflow/dags/subdags/subdag_downloads.py
[2023-07-22T12:19:53.618+0000] {processor.py:756} INFO - Processing file /opt/airflow/dags/subdags/subdag_downloads.py for tasks to queue
[2023-07-22T12:19:53.619+0000] {logging_mixin.py:120} INFO - [2023-07-22T12:19:53.619+0000] {dagbag.py:537} INFO - Filling up the DagBag from /opt/airflow/dags/subdags/subdag_downloads.py
[2023-07-22T12:19:53.633+0000] {processor.py:768} WARNING - No viable dags retrieved from /opt/airflow/dags/subdags/subdag_downloads.py
[2023-07-22T12:19:53.681+0000] {processor.py:176} INFO - Processing /opt/airflow/dags/subdags/subdag_downloads.py took 0.069 seconds
[2023-07-22T12:20:23.756+0000] {processor.py:154} INFO - Started process (PID=38071) to work on /opt/airflow/dags/subdags/subdag_downloads.py
[2023-07-22T12:20:23.759+0000] {processor.py:756} INFO - Processing file /opt/airflow/dags/subdags/subdag_downloads.py for tasks to queue
[2023-07-22T12:20:23.763+0000] {logging_mixin.py:120} INFO - [2023-07-22T12:20:23.763+0000] {dagbag.py:537} INFO - Filling up the DagBag from /opt/airflow/dags/subdags/subdag_downloads.py
[2023-07-22T12:20:23.769+0000] {processor.py:768} WARNING - No viable dags retrieved from /opt/airflow/dags/subdags/subdag_downloads.py
[2023-07-22T12:20:23.787+0000] {processor.py:176} INFO - Processing /opt/airflow/dags/subdags/subdag_downloads.py took 0.036 seconds
[2023-07-22T12:20:53.979+0000] {processor.py:154} INFO - Started process (PID=38140) to work on /opt/airflow/dags/subdags/subdag_downloads.py
[2023-07-22T12:20:53.980+0000] {processor.py:756} INFO - Processing file /opt/airflow/dags/subdags/subdag_downloads.py for tasks to queue
[2023-07-22T12:20:53.981+0000] {logging_mixin.py:120} INFO - [2023-07-22T12:20:53.980+0000] {dagbag.py:537} INFO - Filling up the DagBag from /opt/airflow/dags/subdags/subdag_downloads.py
[2023-07-22T12:20:53.986+0000] {processor.py:768} WARNING - No viable dags retrieved from /opt/airflow/dags/subdags/subdag_downloads.py
[2023-07-22T12:20:54.002+0000] {processor.py:176} INFO - Processing /opt/airflow/dags/subdags/subdag_downloads.py took 0.026 seconds
[2023-07-22T12:21:24.264+0000] {processor.py:154} INFO - Started process (PID=38209) to work on /opt/airflow/dags/subdags/subdag_downloads.py
[2023-07-22T12:21:24.265+0000] {processor.py:756} INFO - Processing file /opt/airflow/dags/subdags/subdag_downloads.py for tasks to queue
[2023-07-22T12:21:24.266+0000] {logging_mixin.py:120} INFO - [2023-07-22T12:21:24.266+0000] {dagbag.py:537} INFO - Filling up the DagBag from /opt/airflow/dags/subdags/subdag_downloads.py
[2023-07-22T12:21:24.274+0000] {processor.py:768} WARNING - No viable dags retrieved from /opt/airflow/dags/subdags/subdag_downloads.py
[2023-07-22T12:21:24.296+0000] {processor.py:176} INFO - Processing /opt/airflow/dags/subdags/subdag_downloads.py took 0.037 seconds
[2023-07-22T12:21:54.632+0000] {processor.py:154} INFO - Started process (PID=38276) to work on /opt/airflow/dags/subdags/subdag_downloads.py
[2023-07-22T12:21:54.634+0000] {processor.py:756} INFO - Processing file /opt/airflow/dags/subdags/subdag_downloads.py for tasks to queue
[2023-07-22T12:21:54.635+0000] {logging_mixin.py:120} INFO - [2023-07-22T12:21:54.635+0000] {dagbag.py:537} INFO - Filling up the DagBag from /opt/airflow/dags/subdags/subdag_downloads.py
[2023-07-22T12:21:54.644+0000] {processor.py:768} WARNING - No viable dags retrieved from /opt/airflow/dags/subdags/subdag_downloads.py
[2023-07-22T12:21:54.663+0000] {processor.py:176} INFO - Processing /opt/airflow/dags/subdags/subdag_downloads.py took 0.034 seconds
[2023-07-22T12:22:25.582+0000] {processor.py:154} INFO - Started process (PID=38338) to work on /opt/airflow/dags/subdags/subdag_downloads.py
[2023-07-22T12:22:25.583+0000] {processor.py:756} INFO - Processing file /opt/airflow/dags/subdags/subdag_downloads.py for tasks to queue
[2023-07-22T12:22:25.584+0000] {logging_mixin.py:120} INFO - [2023-07-22T12:22:25.584+0000] {dagbag.py:537} INFO - Filling up the DagBag from /opt/airflow/dags/subdags/subdag_downloads.py
[2023-07-22T12:22:25.593+0000] {processor.py:768} WARNING - No viable dags retrieved from /opt/airflow/dags/subdags/subdag_downloads.py
[2023-07-22T12:22:25.615+0000] {processor.py:176} INFO - Processing /opt/airflow/dags/subdags/subdag_downloads.py took 0.038 seconds
[2023-07-22T12:22:56.077+0000] {processor.py:154} INFO - Started process (PID=38407) to work on /opt/airflow/dags/subdags/subdag_downloads.py
[2023-07-22T12:22:56.078+0000] {processor.py:756} INFO - Processing file /opt/airflow/dags/subdags/subdag_downloads.py for tasks to queue
[2023-07-22T12:22:56.079+0000] {logging_mixin.py:120} INFO - [2023-07-22T12:22:56.079+0000] {dagbag.py:537} INFO - Filling up the DagBag from /opt/airflow/dags/subdags/subdag_downloads.py
[2023-07-22T12:22:56.088+0000] {processor.py:768} WARNING - No viable dags retrieved from /opt/airflow/dags/subdags/subdag_downloads.py
[2023-07-22T12:22:56.108+0000] {processor.py:176} INFO - Processing /opt/airflow/dags/subdags/subdag_downloads.py took 0.034 seconds
[2023-07-22T12:23:26.864+0000] {processor.py:154} INFO - Started process (PID=38476) to work on /opt/airflow/dags/subdags/subdag_downloads.py
[2023-07-22T12:23:26.866+0000] {processor.py:756} INFO - Processing file /opt/airflow/dags/subdags/subdag_downloads.py for tasks to queue
[2023-07-22T12:23:26.867+0000] {logging_mixin.py:120} INFO - [2023-07-22T12:23:26.867+0000] {dagbag.py:537} INFO - Filling up the DagBag from /opt/airflow/dags/subdags/subdag_downloads.py
[2023-07-22T12:23:26.875+0000] {processor.py:768} WARNING - No viable dags retrieved from /opt/airflow/dags/subdags/subdag_downloads.py
[2023-07-22T12:23:26.897+0000] {processor.py:176} INFO - Processing /opt/airflow/dags/subdags/subdag_downloads.py took 0.035 seconds
[2023-07-22T12:23:57.602+0000] {processor.py:154} INFO - Started process (PID=38545) to work on /opt/airflow/dags/subdags/subdag_downloads.py
[2023-07-22T12:23:57.603+0000] {processor.py:756} INFO - Processing file /opt/airflow/dags/subdags/subdag_downloads.py for tasks to queue
[2023-07-22T12:23:57.604+0000] {logging_mixin.py:120} INFO - [2023-07-22T12:23:57.603+0000] {dagbag.py:537} INFO - Filling up the DagBag from /opt/airflow/dags/subdags/subdag_downloads.py
[2023-07-22T12:23:57.611+0000] {processor.py:768} WARNING - No viable dags retrieved from /opt/airflow/dags/subdags/subdag_downloads.py
[2023-07-22T12:23:57.628+0000] {processor.py:176} INFO - Processing /opt/airflow/dags/subdags/subdag_downloads.py took 0.029 seconds
[2023-07-22T12:24:28.403+0000] {processor.py:154} INFO - Started process (PID=38613) to work on /opt/airflow/dags/subdags/subdag_downloads.py
[2023-07-22T12:24:28.404+0000] {processor.py:756} INFO - Processing file /opt/airflow/dags/subdags/subdag_downloads.py for tasks to queue
[2023-07-22T12:24:28.405+0000] {logging_mixin.py:120} INFO - [2023-07-22T12:24:28.405+0000] {dagbag.py:537} INFO - Filling up the DagBag from /opt/airflow/dags/subdags/subdag_downloads.py
[2023-07-22T12:24:28.410+0000] {processor.py:768} WARNING - No viable dags retrieved from /opt/airflow/dags/subdags/subdag_downloads.py
[2023-07-22T12:24:28.426+0000] {processor.py:176} INFO - Processing /opt/airflow/dags/subdags/subdag_downloads.py took 0.025 seconds
[2023-07-22T12:24:58.598+0000] {processor.py:154} INFO - Started process (PID=38673) to work on /opt/airflow/dags/subdags/subdag_downloads.py
[2023-07-22T12:24:58.600+0000] {processor.py:756} INFO - Processing file /opt/airflow/dags/subdags/subdag_downloads.py for tasks to queue
[2023-07-22T12:24:58.601+0000] {logging_mixin.py:120} INFO - [2023-07-22T12:24:58.601+0000] {dagbag.py:537} INFO - Filling up the DagBag from /opt/airflow/dags/subdags/subdag_downloads.py
[2023-07-22T12:24:58.613+0000] {processor.py:768} WARNING - No viable dags retrieved from /opt/airflow/dags/subdags/subdag_downloads.py
[2023-07-22T12:24:58.668+0000] {processor.py:176} INFO - Processing /opt/airflow/dags/subdags/subdag_downloads.py took 0.075 seconds
[2023-07-22T12:46:34.378+0000] {processor.py:154} INFO - Started process (PID=38725) to work on /opt/airflow/dags/subdags/subdag_downloads.py
[2023-07-22T12:46:34.379+0000] {processor.py:756} INFO - Processing file /opt/airflow/dags/subdags/subdag_downloads.py for tasks to queue
[2023-07-22T12:46:34.380+0000] {logging_mixin.py:120} INFO - [2023-07-22T12:46:34.380+0000] {dagbag.py:537} INFO - Filling up the DagBag from /opt/airflow/dags/subdags/subdag_downloads.py
[2023-07-22T12:46:34.385+0000] {processor.py:768} WARNING - No viable dags retrieved from /opt/airflow/dags/subdags/subdag_downloads.py
[2023-07-22T12:46:34.399+0000] {processor.py:176} INFO - Processing /opt/airflow/dags/subdags/subdag_downloads.py took 0.023 seconds
[2023-07-22T12:47:05.303+0000] {processor.py:154} INFO - Started process (PID=38795) to work on /opt/airflow/dags/subdags/subdag_downloads.py
[2023-07-22T12:47:05.304+0000] {processor.py:756} INFO - Processing file /opt/airflow/dags/subdags/subdag_downloads.py for tasks to queue
[2023-07-22T12:47:05.305+0000] {logging_mixin.py:120} INFO - [2023-07-22T12:47:05.304+0000] {dagbag.py:537} INFO - Filling up the DagBag from /opt/airflow/dags/subdags/subdag_downloads.py
[2023-07-22T12:47:05.310+0000] {processor.py:768} WARNING - No viable dags retrieved from /opt/airflow/dags/subdags/subdag_downloads.py
[2023-07-22T12:47:05.330+0000] {processor.py:176} INFO - Processing /opt/airflow/dags/subdags/subdag_downloads.py took 0.030 seconds
[2023-07-22T12:47:35.441+0000] {processor.py:154} INFO - Started process (PID=38863) to work on /opt/airflow/dags/subdags/subdag_downloads.py
[2023-07-22T12:47:35.443+0000] {processor.py:756} INFO - Processing file /opt/airflow/dags/subdags/subdag_downloads.py for tasks to queue
[2023-07-22T12:47:35.444+0000] {logging_mixin.py:120} INFO - [2023-07-22T12:47:35.444+0000] {dagbag.py:537} INFO - Filling up the DagBag from /opt/airflow/dags/subdags/subdag_downloads.py
[2023-07-22T12:47:35.454+0000] {processor.py:768} WARNING - No viable dags retrieved from /opt/airflow/dags/subdags/subdag_downloads.py
[2023-07-22T12:47:35.474+0000] {processor.py:176} INFO - Processing /opt/airflow/dags/subdags/subdag_downloads.py took 0.037 seconds
[2023-07-22T12:48:05.633+0000] {processor.py:154} INFO - Started process (PID=38923) to work on /opt/airflow/dags/subdags/subdag_downloads.py
[2023-07-22T12:48:05.635+0000] {processor.py:756} INFO - Processing file /opt/airflow/dags/subdags/subdag_downloads.py for tasks to queue
[2023-07-22T12:48:05.636+0000] {logging_mixin.py:120} INFO - [2023-07-22T12:48:05.636+0000] {dagbag.py:537} INFO - Filling up the DagBag from /opt/airflow/dags/subdags/subdag_downloads.py
[2023-07-22T12:48:05.645+0000] {processor.py:768} WARNING - No viable dags retrieved from /opt/airflow/dags/subdags/subdag_downloads.py
[2023-07-22T12:48:05.666+0000] {processor.py:176} INFO - Processing /opt/airflow/dags/subdags/subdag_downloads.py took 0.037 seconds
[2023-07-22T12:48:35.850+0000] {processor.py:154} INFO - Started process (PID=38992) to work on /opt/airflow/dags/subdags/subdag_downloads.py
[2023-07-22T12:48:35.852+0000] {processor.py:756} INFO - Processing file /opt/airflow/dags/subdags/subdag_downloads.py for tasks to queue
[2023-07-22T12:48:35.853+0000] {logging_mixin.py:120} INFO - [2023-07-22T12:48:35.853+0000] {dagbag.py:537} INFO - Filling up the DagBag from /opt/airflow/dags/subdags/subdag_downloads.py
[2023-07-22T12:48:35.861+0000] {processor.py:768} WARNING - No viable dags retrieved from /opt/airflow/dags/subdags/subdag_downloads.py
[2023-07-22T12:48:35.880+0000] {processor.py:176} INFO - Processing /opt/airflow/dags/subdags/subdag_downloads.py took 0.033 seconds
[2023-07-22T12:49:06.229+0000] {processor.py:154} INFO - Started process (PID=39061) to work on /opt/airflow/dags/subdags/subdag_downloads.py
[2023-07-22T12:49:06.230+0000] {processor.py:756} INFO - Processing file /opt/airflow/dags/subdags/subdag_downloads.py for tasks to queue
[2023-07-22T12:49:06.231+0000] {logging_mixin.py:120} INFO - [2023-07-22T12:49:06.231+0000] {dagbag.py:537} INFO - Filling up the DagBag from /opt/airflow/dags/subdags/subdag_downloads.py
[2023-07-22T12:49:06.238+0000] {processor.py:768} WARNING - No viable dags retrieved from /opt/airflow/dags/subdags/subdag_downloads.py
[2023-07-22T12:49:06.257+0000] {processor.py:176} INFO - Processing /opt/airflow/dags/subdags/subdag_downloads.py took 0.032 seconds
[2023-07-22T12:49:36.446+0000] {processor.py:154} INFO - Started process (PID=39130) to work on /opt/airflow/dags/subdags/subdag_downloads.py
[2023-07-22T12:49:36.446+0000] {processor.py:756} INFO - Processing file /opt/airflow/dags/subdags/subdag_downloads.py for tasks to queue
[2023-07-22T12:49:36.447+0000] {logging_mixin.py:120} INFO - [2023-07-22T12:49:36.447+0000] {dagbag.py:537} INFO - Filling up the DagBag from /opt/airflow/dags/subdags/subdag_downloads.py
[2023-07-22T12:49:36.455+0000] {processor.py:768} WARNING - No viable dags retrieved from /opt/airflow/dags/subdags/subdag_downloads.py
[2023-07-22T12:49:36.474+0000] {processor.py:176} INFO - Processing /opt/airflow/dags/subdags/subdag_downloads.py took 0.031 seconds
[2023-07-22T12:50:07.305+0000] {processor.py:154} INFO - Started process (PID=39198) to work on /opt/airflow/dags/subdags/subdag_downloads.py
[2023-07-22T12:50:07.306+0000] {processor.py:756} INFO - Processing file /opt/airflow/dags/subdags/subdag_downloads.py for tasks to queue
[2023-07-22T12:50:07.306+0000] {logging_mixin.py:120} INFO - [2023-07-22T12:50:07.306+0000] {dagbag.py:537} INFO - Filling up the DagBag from /opt/airflow/dags/subdags/subdag_downloads.py
[2023-07-22T12:50:07.311+0000] {processor.py:768} WARNING - No viable dags retrieved from /opt/airflow/dags/subdags/subdag_downloads.py
[2023-07-22T12:50:07.323+0000] {processor.py:176} INFO - Processing /opt/airflow/dags/subdags/subdag_downloads.py took 0.020 seconds
[2023-07-22T12:50:37.962+0000] {processor.py:154} INFO - Started process (PID=39258) to work on /opt/airflow/dags/subdags/subdag_downloads.py
[2023-07-22T12:50:37.962+0000] {processor.py:756} INFO - Processing file /opt/airflow/dags/subdags/subdag_downloads.py for tasks to queue
[2023-07-22T12:50:37.963+0000] {logging_mixin.py:120} INFO - [2023-07-22T12:50:37.963+0000] {dagbag.py:537} INFO - Filling up the DagBag from /opt/airflow/dags/subdags/subdag_downloads.py
[2023-07-22T12:50:37.972+0000] {processor.py:768} WARNING - No viable dags retrieved from /opt/airflow/dags/subdags/subdag_downloads.py
[2023-07-22T12:50:37.990+0000] {processor.py:176} INFO - Processing /opt/airflow/dags/subdags/subdag_downloads.py took 0.034 seconds
[2023-07-22T12:51:08.833+0000] {processor.py:154} INFO - Started process (PID=39327) to work on /opt/airflow/dags/subdags/subdag_downloads.py
[2023-07-22T12:51:08.834+0000] {processor.py:756} INFO - Processing file /opt/airflow/dags/subdags/subdag_downloads.py for tasks to queue
[2023-07-22T12:51:08.835+0000] {logging_mixin.py:120} INFO - [2023-07-22T12:51:08.835+0000] {dagbag.py:537} INFO - Filling up the DagBag from /opt/airflow/dags/subdags/subdag_downloads.py
[2023-07-22T12:51:08.843+0000] {processor.py:768} WARNING - No viable dags retrieved from /opt/airflow/dags/subdags/subdag_downloads.py
[2023-07-22T12:51:08.865+0000] {processor.py:176} INFO - Processing /opt/airflow/dags/subdags/subdag_downloads.py took 0.035 seconds
[2023-07-22T12:51:39.652+0000] {processor.py:154} INFO - Started process (PID=39396) to work on /opt/airflow/dags/subdags/subdag_downloads.py
[2023-07-22T12:51:39.652+0000] {processor.py:756} INFO - Processing file /opt/airflow/dags/subdags/subdag_downloads.py for tasks to queue
[2023-07-22T12:51:39.653+0000] {logging_mixin.py:120} INFO - [2023-07-22T12:51:39.653+0000] {dagbag.py:537} INFO - Filling up the DagBag from /opt/airflow/dags/subdags/subdag_downloads.py
[2023-07-22T12:51:39.658+0000] {processor.py:768} WARNING - No viable dags retrieved from /opt/airflow/dags/subdags/subdag_downloads.py
[2023-07-22T12:51:39.671+0000] {processor.py:176} INFO - Processing /opt/airflow/dags/subdags/subdag_downloads.py took 0.021 seconds
[2023-07-22T12:52:10.351+0000] {processor.py:154} INFO - Started process (PID=39465) to work on /opt/airflow/dags/subdags/subdag_downloads.py
[2023-07-22T12:52:10.352+0000] {processor.py:756} INFO - Processing file /opt/airflow/dags/subdags/subdag_downloads.py for tasks to queue
[2023-07-22T12:52:10.352+0000] {logging_mixin.py:120} INFO - [2023-07-22T12:52:10.352+0000] {dagbag.py:537} INFO - Filling up the DagBag from /opt/airflow/dags/subdags/subdag_downloads.py
[2023-07-22T12:52:10.359+0000] {processor.py:768} WARNING - No viable dags retrieved from /opt/airflow/dags/subdags/subdag_downloads.py
[2023-07-22T12:52:10.381+0000] {processor.py:176} INFO - Processing /opt/airflow/dags/subdags/subdag_downloads.py took 0.033 seconds
[2023-07-22T12:52:41.218+0000] {processor.py:154} INFO - Started process (PID=39534) to work on /opt/airflow/dags/subdags/subdag_downloads.py
[2023-07-22T12:52:41.219+0000] {processor.py:756} INFO - Processing file /opt/airflow/dags/subdags/subdag_downloads.py for tasks to queue
[2023-07-22T12:52:41.219+0000] {logging_mixin.py:120} INFO - [2023-07-22T12:52:41.219+0000] {dagbag.py:537} INFO - Filling up the DagBag from /opt/airflow/dags/subdags/subdag_downloads.py
[2023-07-22T12:52:41.226+0000] {processor.py:768} WARNING - No viable dags retrieved from /opt/airflow/dags/subdags/subdag_downloads.py
[2023-07-22T12:52:41.243+0000] {processor.py:176} INFO - Processing /opt/airflow/dags/subdags/subdag_downloads.py took 0.029 seconds
[2023-07-22T12:53:11.919+0000] {processor.py:154} INFO - Started process (PID=39603) to work on /opt/airflow/dags/subdags/subdag_downloads.py
[2023-07-22T12:53:11.920+0000] {processor.py:756} INFO - Processing file /opt/airflow/dags/subdags/subdag_downloads.py for tasks to queue
[2023-07-22T12:53:11.921+0000] {logging_mixin.py:120} INFO - [2023-07-22T12:53:11.921+0000] {dagbag.py:537} INFO - Filling up the DagBag from /opt/airflow/dags/subdags/subdag_downloads.py
[2023-07-22T12:53:11.928+0000] {processor.py:768} WARNING - No viable dags retrieved from /opt/airflow/dags/subdags/subdag_downloads.py
[2023-07-22T12:53:11.945+0000] {processor.py:176} INFO - Processing /opt/airflow/dags/subdags/subdag_downloads.py took 0.029 seconds
[2023-07-22T12:53:42.669+0000] {processor.py:154} INFO - Started process (PID=39663) to work on /opt/airflow/dags/subdags/subdag_downloads.py
[2023-07-22T12:53:42.673+0000] {processor.py:756} INFO - Processing file /opt/airflow/dags/subdags/subdag_downloads.py for tasks to queue
[2023-07-22T12:53:42.676+0000] {logging_mixin.py:120} INFO - [2023-07-22T12:53:42.676+0000] {dagbag.py:537} INFO - Filling up the DagBag from /opt/airflow/dags/subdags/subdag_downloads.py
[2023-07-22T12:53:42.687+0000] {processor.py:768} WARNING - No viable dags retrieved from /opt/airflow/dags/subdags/subdag_downloads.py
[2023-07-22T12:53:42.710+0000] {processor.py:176} INFO - Processing /opt/airflow/dags/subdags/subdag_downloads.py took 0.051 seconds
[2023-07-22T12:54:13.358+0000] {processor.py:154} INFO - Started process (PID=39732) to work on /opt/airflow/dags/subdags/subdag_downloads.py
[2023-07-22T12:54:13.360+0000] {processor.py:756} INFO - Processing file /opt/airflow/dags/subdags/subdag_downloads.py for tasks to queue
[2023-07-22T12:54:13.361+0000] {logging_mixin.py:120} INFO - [2023-07-22T12:54:13.361+0000] {dagbag.py:537} INFO - Filling up the DagBag from /opt/airflow/dags/subdags/subdag_downloads.py
[2023-07-22T12:54:13.370+0000] {processor.py:768} WARNING - No viable dags retrieved from /opt/airflow/dags/subdags/subdag_downloads.py
[2023-07-22T12:54:13.392+0000] {processor.py:176} INFO - Processing /opt/airflow/dags/subdags/subdag_downloads.py took 0.037 seconds
[2023-07-22T12:54:43.840+0000] {processor.py:154} INFO - Started process (PID=39802) to work on /opt/airflow/dags/subdags/subdag_downloads.py
[2023-07-22T12:54:43.841+0000] {processor.py:756} INFO - Processing file /opt/airflow/dags/subdags/subdag_downloads.py for tasks to queue
[2023-07-22T12:54:43.842+0000] {logging_mixin.py:120} INFO - [2023-07-22T12:54:43.842+0000] {dagbag.py:537} INFO - Filling up the DagBag from /opt/airflow/dags/subdags/subdag_downloads.py
[2023-07-22T12:54:43.852+0000] {processor.py:768} WARNING - No viable dags retrieved from /opt/airflow/dags/subdags/subdag_downloads.py
[2023-07-22T12:54:43.872+0000] {processor.py:176} INFO - Processing /opt/airflow/dags/subdags/subdag_downloads.py took 0.038 seconds
[2023-07-22T12:55:14.681+0000] {processor.py:154} INFO - Started process (PID=39871) to work on /opt/airflow/dags/subdags/subdag_downloads.py
[2023-07-22T12:55:14.683+0000] {processor.py:756} INFO - Processing file /opt/airflow/dags/subdags/subdag_downloads.py for tasks to queue
[2023-07-22T12:55:14.684+0000] {logging_mixin.py:120} INFO - [2023-07-22T12:55:14.684+0000] {dagbag.py:537} INFO - Filling up the DagBag from /opt/airflow/dags/subdags/subdag_downloads.py
[2023-07-22T12:55:14.693+0000] {processor.py:768} WARNING - No viable dags retrieved from /opt/airflow/dags/subdags/subdag_downloads.py
[2023-07-22T12:55:14.713+0000] {processor.py:176} INFO - Processing /opt/airflow/dags/subdags/subdag_downloads.py took 0.035 seconds
[2023-07-22T12:55:45.247+0000] {processor.py:154} INFO - Started process (PID=39931) to work on /opt/airflow/dags/subdags/subdag_downloads.py
[2023-07-22T12:55:45.248+0000] {processor.py:756} INFO - Processing file /opt/airflow/dags/subdags/subdag_downloads.py for tasks to queue
[2023-07-22T12:55:45.249+0000] {logging_mixin.py:120} INFO - [2023-07-22T12:55:45.249+0000] {dagbag.py:537} INFO - Filling up the DagBag from /opt/airflow/dags/subdags/subdag_downloads.py
[2023-07-22T12:55:45.260+0000] {processor.py:768} WARNING - No viable dags retrieved from /opt/airflow/dags/subdags/subdag_downloads.py
[2023-07-22T12:55:45.281+0000] {processor.py:176} INFO - Processing /opt/airflow/dags/subdags/subdag_downloads.py took 0.039 seconds
