[2023-07-21T15:49:37.603+0000] {taskinstance.py:1165} INFO - Dependencies all met for <TaskInstance: user_processing.create_table scheduled__2023-07-20T00:00:00+00:00 [queued]>
[2023-07-21T15:49:37.611+0000] {taskinstance.py:1165} INFO - Dependencies all met for <TaskInstance: user_processing.create_table scheduled__2023-07-20T00:00:00+00:00 [queued]>
[2023-07-21T15:49:37.612+0000] {taskinstance.py:1362} INFO - 
--------------------------------------------------------------------------------
[2023-07-21T15:49:37.612+0000] {taskinstance.py:1363} INFO - Starting attempt 1 of 1
[2023-07-21T15:49:37.612+0000] {taskinstance.py:1364} INFO - 
--------------------------------------------------------------------------------
[2023-07-21T15:49:37.623+0000] {taskinstance.py:1383} INFO - Executing <Task(PostgresOperator): create_table> on 2023-07-20 00:00:00+00:00
[2023-07-21T15:49:37.630+0000] {standard_task_runner.py:55} INFO - Started process 14927 to run task
[2023-07-21T15:49:37.634+0000] {standard_task_runner.py:82} INFO - Running: ['***', 'tasks', 'run', 'user_processing', 'create_table', 'scheduled__2023-07-20T00:00:00+00:00', '--job-id', '3', '--raw', '--subdir', 'DAGS_FOLDER/user_processing.py', '--cfg-path', '/tmp/tmpbggr615l']
[2023-07-21T15:49:37.636+0000] {standard_task_runner.py:83} INFO - Job 3: Subtask create_table
[2023-07-21T15:49:37.698+0000] {task_command.py:376} INFO - Running <TaskInstance: user_processing.create_table scheduled__2023-07-20T00:00:00+00:00 [running]> on host 9d876987b8ed
[2023-07-21T15:49:37.756+0000] {taskinstance.py:1592} INFO - Exporting the following env vars:
AIRFLOW_CTX_DAG_OWNER=***
AIRFLOW_CTX_DAG_ID=user_processing
AIRFLOW_CTX_TASK_ID=create_table
AIRFLOW_CTX_EXECUTION_DATE=2023-07-20T00:00:00+00:00
AIRFLOW_CTX_TRY_NUMBER=1
AIRFLOW_CTX_DAG_RUN_ID=scheduled__2023-07-20T00:00:00+00:00
[2023-07-21T15:49:37.766+0000] {base.py:71} INFO - Using connection ID 'postgres' for task execution.
[2023-07-21T15:49:37.771+0000] {sql.py:315} INFO - Running statement: 
            CREATE TABLE IF NOT EXISTS users (
                firstname TEXT NOT NULL,
                lastname TEXT NOT NULL,
                country TEXT NOT NULL,
                password TEXT NOT NULL,
                email TEXT NOT NULL
            );
        , parameters: None
[2023-07-21T15:49:37.772+0000] {postgres.py:96} INFO - NOTICE:  relation "users" already exists, skipping

[2023-07-21T15:49:37.781+0000] {taskinstance.py:1406} INFO - Marking task as SUCCESS. dag_id=user_processing, task_id=create_table, execution_date=20230720T000000, start_date=20230721T154937, end_date=20230721T154937
[2023-07-21T15:49:37.807+0000] {local_task_job.py:164} INFO - Task exited with return code 0
[2023-07-21T15:49:37.831+0000] {local_task_job.py:273} INFO - 1 downstream tasks scheduled from follow-on schedule check
[2023-07-22T05:54:14.413+0000] {taskinstance.py:1165} INFO - Dependencies all met for <TaskInstance: user_processing.create_table scheduled__2023-07-20T00:00:00+00:00 [queued]>
[2023-07-22T05:54:14.596+0000] {taskinstance.py:1165} INFO - Dependencies all met for <TaskInstance: user_processing.create_table scheduled__2023-07-20T00:00:00+00:00 [queued]>
[2023-07-22T05:54:14.599+0000] {taskinstance.py:1362} INFO - 
--------------------------------------------------------------------------------
[2023-07-22T05:54:14.603+0000] {taskinstance.py:1363} INFO - Starting attempt 1 of 1
[2023-07-22T05:54:14.605+0000] {taskinstance.py:1364} INFO - 
--------------------------------------------------------------------------------
[2023-07-22T05:54:14.725+0000] {taskinstance.py:1383} INFO - Executing <Task(PostgresOperator): create_table> on 2023-07-20 00:00:00+00:00
[2023-07-22T05:54:14.771+0000] {standard_task_runner.py:55} INFO - Started process 5173 to run task
[2023-07-22T05:54:14.841+0000] {standard_task_runner.py:82} INFO - Running: ['***', 'tasks', 'run', 'user_processing', 'create_table', 'scheduled__2023-07-20T00:00:00+00:00', '--job-id', '46', '--raw', '--subdir', 'DAGS_FOLDER/user_processing.py', '--cfg-path', '/tmp/tmp3an37hd5']
[2023-07-22T05:54:14.848+0000] {standard_task_runner.py:83} INFO - Job 46: Subtask create_table
[2023-07-22T05:54:15.097+0000] {task_command.py:376} INFO - Running <TaskInstance: user_processing.create_table scheduled__2023-07-20T00:00:00+00:00 [running]> on host ef71d3f52879
[2023-07-22T05:54:15.369+0000] {taskinstance.py:1592} INFO - Exporting the following env vars:
AIRFLOW_CTX_DAG_OWNER=***
AIRFLOW_CTX_DAG_ID=user_processing
AIRFLOW_CTX_TASK_ID=create_table
AIRFLOW_CTX_EXECUTION_DATE=2023-07-20T00:00:00+00:00
AIRFLOW_CTX_TRY_NUMBER=1
AIRFLOW_CTX_DAG_RUN_ID=scheduled__2023-07-20T00:00:00+00:00
[2023-07-22T05:54:15.407+0000] {base.py:71} INFO - Using connection ID 'postgres' for task execution.
[2023-07-22T05:54:15.418+0000] {sql.py:315} INFO - Running statement: 
            CREATE TABLE IF NOT EXISTS users (
                firstname TEXT NOT NULL,
                lastname TEXT NOT NULL,
                country TEXT NOT NULL,
                username TEXT NOT NULL,
                password TEXT NOT NULL,
                email TEXT NOT NULL
            );
        , parameters: None
[2023-07-22T05:54:15.422+0000] {postgres.py:96} INFO - NOTICE:  relation "users" already exists, skipping

[2023-07-22T05:54:15.450+0000] {taskinstance.py:1406} INFO - Marking task as SUCCESS. dag_id=user_processing, task_id=create_table, execution_date=20230720T000000, start_date=20230722T055414, end_date=20230722T055415
[2023-07-22T05:54:15.496+0000] {local_task_job.py:164} INFO - Task exited with return code 0
[2023-07-22T05:54:15.625+0000] {local_task_job.py:273} INFO - 1 downstream tasks scheduled from follow-on schedule check
[2023-07-22T05:56:55.581+0000] {taskinstance.py:1165} INFO - Dependencies all met for <TaskInstance: user_processing.create_table scheduled__2023-07-20T00:00:00+00:00 [queued]>
[2023-07-22T05:56:55.618+0000] {taskinstance.py:1165} INFO - Dependencies all met for <TaskInstance: user_processing.create_table scheduled__2023-07-20T00:00:00+00:00 [queued]>
[2023-07-22T05:56:55.620+0000] {taskinstance.py:1362} INFO - 
--------------------------------------------------------------------------------
[2023-07-22T05:56:55.623+0000] {taskinstance.py:1363} INFO - Starting attempt 1 of 1
[2023-07-22T05:56:55.624+0000] {taskinstance.py:1364} INFO - 
--------------------------------------------------------------------------------
[2023-07-22T05:56:55.651+0000] {taskinstance.py:1383} INFO - Executing <Task(PostgresOperator): create_table> on 2023-07-20 00:00:00+00:00
[2023-07-22T05:56:55.692+0000] {standard_task_runner.py:55} INFO - Started process 5461 to run task
[2023-07-22T05:56:55.740+0000] {standard_task_runner.py:82} INFO - Running: ['***', 'tasks', 'run', 'user_processing', 'create_table', 'scheduled__2023-07-20T00:00:00+00:00', '--job-id', '104', '--raw', '--subdir', 'DAGS_FOLDER/user_processing.py', '--cfg-path', '/tmp/tmp57ni0324']
[2023-07-22T05:56:55.767+0000] {standard_task_runner.py:83} INFO - Job 104: Subtask create_table
[2023-07-22T05:56:55.975+0000] {task_command.py:376} INFO - Running <TaskInstance: user_processing.create_table scheduled__2023-07-20T00:00:00+00:00 [running]> on host ef71d3f52879
[2023-07-22T05:56:56.199+0000] {taskinstance.py:1592} INFO - Exporting the following env vars:
AIRFLOW_CTX_DAG_OWNER=***
AIRFLOW_CTX_DAG_ID=user_processing
AIRFLOW_CTX_TASK_ID=create_table
AIRFLOW_CTX_EXECUTION_DATE=2023-07-20T00:00:00+00:00
AIRFLOW_CTX_TRY_NUMBER=1
AIRFLOW_CTX_DAG_RUN_ID=scheduled__2023-07-20T00:00:00+00:00
[2023-07-22T05:56:56.214+0000] {base.py:71} INFO - Using connection ID 'postgres' for task execution.
[2023-07-22T05:56:56.222+0000] {sql.py:315} INFO - Running statement: 
            CREATE TABLE IF NOT EXISTS users (
                firstname TEXT NOT NULL,
                lastname TEXT NOT NULL,
                country TEXT NOT NULL,
                username TEXT NOT NULL,
                password TEXT NOT NULL,
                email TEXT NOT NULL
            );
        , parameters: None
[2023-07-22T05:56:56.227+0000] {postgres.py:96} INFO - NOTICE:  relation "users" already exists, skipping

[2023-07-22T05:56:56.244+0000] {taskinstance.py:1406} INFO - Marking task as SUCCESS. dag_id=user_processing, task_id=create_table, execution_date=20230720T000000, start_date=20230722T055655, end_date=20230722T055656
[2023-07-22T05:56:56.360+0000] {local_task_job.py:164} INFO - Task exited with return code 0
[2023-07-22T05:56:56.426+0000] {local_task_job.py:273} INFO - 1 downstream tasks scheduled from follow-on schedule check
