[2023-07-22T05:54:33.238+0000] {taskinstance.py:1165} INFO - Dependencies all met for <TaskInstance: user_processing.process_user scheduled__2023-07-17T00:00:00+00:00 [queued]>
[2023-07-22T05:54:33.247+0000] {taskinstance.py:1165} INFO - Dependencies all met for <TaskInstance: user_processing.process_user scheduled__2023-07-17T00:00:00+00:00 [queued]>
[2023-07-22T05:54:33.248+0000] {taskinstance.py:1362} INFO - 
--------------------------------------------------------------------------------
[2023-07-22T05:54:33.251+0000] {taskinstance.py:1363} INFO - Starting attempt 1 of 1
[2023-07-22T05:54:33.252+0000] {taskinstance.py:1364} INFO - 
--------------------------------------------------------------------------------
[2023-07-22T05:54:33.307+0000] {taskinstance.py:1383} INFO - Executing <Task(PythonOperator): process_user> on 2023-07-17 00:00:00+00:00
[2023-07-22T05:54:33.316+0000] {standard_task_runner.py:55} INFO - Started process 5292 to run task
[2023-07-22T05:54:33.335+0000] {standard_task_runner.py:82} INFO - Running: ['***', 'tasks', 'run', 'user_processing', 'process_user', 'scheduled__2023-07-17T00:00:00+00:00', '--job-id', '83', '--raw', '--subdir', 'DAGS_FOLDER/user_processing.py', '--cfg-path', '/tmp/tmp281ezmwa']
[2023-07-22T05:54:33.347+0000] {standard_task_runner.py:83} INFO - Job 83: Subtask process_user
[2023-07-22T05:54:33.612+0000] {task_command.py:376} INFO - Running <TaskInstance: user_processing.process_user scheduled__2023-07-17T00:00:00+00:00 [running]> on host ef71d3f52879
[2023-07-22T05:54:33.986+0000] {taskinstance.py:1592} INFO - Exporting the following env vars:
AIRFLOW_CTX_DAG_OWNER=***
AIRFLOW_CTX_DAG_ID=user_processing
AIRFLOW_CTX_TASK_ID=process_user
AIRFLOW_CTX_EXECUTION_DATE=2023-07-17T00:00:00+00:00
AIRFLOW_CTX_TRY_NUMBER=1
AIRFLOW_CTX_DAG_RUN_ID=scheduled__2023-07-17T00:00:00+00:00
[2023-07-22T05:54:34.054+0000] {python.py:177} INFO - Done. Returned value was: None
[2023-07-22T05:54:34.088+0000] {taskinstance.py:1406} INFO - Marking task as SUCCESS. dag_id=user_processing, task_id=process_user, execution_date=20230717T000000, start_date=20230722T055433, end_date=20230722T055434
[2023-07-22T05:54:34.208+0000] {local_task_job.py:164} INFO - Task exited with return code 0
[2023-07-22T05:54:34.285+0000] {local_task_job.py:273} INFO - 1 downstream tasks scheduled from follow-on schedule check
[2023-07-22T05:57:08.871+0000] {taskinstance.py:1165} INFO - Dependencies all met for <TaskInstance: user_processing.process_user scheduled__2023-07-17T00:00:00+00:00 [queued]>
[2023-07-22T05:57:08.901+0000] {taskinstance.py:1165} INFO - Dependencies all met for <TaskInstance: user_processing.process_user scheduled__2023-07-17T00:00:00+00:00 [queued]>
[2023-07-22T05:57:08.903+0000] {taskinstance.py:1362} INFO - 
--------------------------------------------------------------------------------
[2023-07-22T05:57:08.904+0000] {taskinstance.py:1363} INFO - Starting attempt 1 of 1
[2023-07-22T05:57:08.904+0000] {taskinstance.py:1364} INFO - 
--------------------------------------------------------------------------------
[2023-07-22T05:57:08.951+0000] {taskinstance.py:1383} INFO - Executing <Task(PythonOperator): process_user> on 2023-07-17 00:00:00+00:00
[2023-07-22T05:57:08.979+0000] {standard_task_runner.py:55} INFO - Started process 5564 to run task
[2023-07-22T05:57:09.007+0000] {standard_task_runner.py:82} INFO - Running: ['***', 'tasks', 'run', 'user_processing', 'process_user', 'scheduled__2023-07-17T00:00:00+00:00', '--job-id', '133', '--raw', '--subdir', 'DAGS_FOLDER/user_processing.py', '--cfg-path', '/tmp/tmpxppsnj7o']
[2023-07-22T05:57:09.013+0000] {standard_task_runner.py:83} INFO - Job 133: Subtask process_user
[2023-07-22T05:57:09.358+0000] {task_command.py:376} INFO - Running <TaskInstance: user_processing.process_user scheduled__2023-07-17T00:00:00+00:00 [running]> on host ef71d3f52879
[2023-07-22T05:57:09.681+0000] {taskinstance.py:1592} INFO - Exporting the following env vars:
AIRFLOW_CTX_DAG_OWNER=***
AIRFLOW_CTX_DAG_ID=user_processing
AIRFLOW_CTX_TASK_ID=process_user
AIRFLOW_CTX_EXECUTION_DATE=2023-07-17T00:00:00+00:00
AIRFLOW_CTX_TRY_NUMBER=1
AIRFLOW_CTX_DAG_RUN_ID=scheduled__2023-07-17T00:00:00+00:00
[2023-07-22T05:57:09.823+0000] {python.py:177} INFO - Done. Returned value was: None
[2023-07-22T05:57:09.856+0000] {taskinstance.py:1406} INFO - Marking task as SUCCESS. dag_id=user_processing, task_id=process_user, execution_date=20230717T000000, start_date=20230722T055708, end_date=20230722T055709
[2023-07-22T05:57:09.946+0000] {local_task_job.py:164} INFO - Task exited with return code 0
[2023-07-22T05:57:10.014+0000] {local_task_job.py:273} INFO - 1 downstream tasks scheduled from follow-on schedule check
