[2023-07-22T10:07:04.575+0000] {taskinstance.py:1165} INFO - Dependencies all met for <TaskInstance: group_dag.transform_b manual__2023-07-22T10:05:49.497899+00:00 [queued]>
[2023-07-22T10:07:04.604+0000] {taskinstance.py:1165} INFO - Dependencies all met for <TaskInstance: group_dag.transform_b manual__2023-07-22T10:05:49.497899+00:00 [queued]>
[2023-07-22T10:07:04.604+0000] {taskinstance.py:1362} INFO - 
--------------------------------------------------------------------------------
[2023-07-22T10:07:04.604+0000] {taskinstance.py:1363} INFO - Starting attempt 1 of 1
[2023-07-22T10:07:04.605+0000] {taskinstance.py:1364} INFO - 
--------------------------------------------------------------------------------
[2023-07-22T10:07:04.628+0000] {taskinstance.py:1383} INFO - Executing <Task(BashOperator): transform_b> on 2023-07-22 10:05:49.497899+00:00
[2023-07-22T10:07:04.633+0000] {standard_task_runner.py:55} INFO - Started process 13568 to run task
[2023-07-22T10:07:04.646+0000] {standard_task_runner.py:82} INFO - Running: ['***', 'tasks', 'run', 'group_dag', 'transform_b', 'manual__2023-07-22T10:05:49.497899+00:00', '--job-id', '168', '--raw', '--subdir', 'DAGS_FOLDER/group_dag.py', '--cfg-path', '/tmp/tmpqxs0w47v']
[2023-07-22T10:07:04.647+0000] {standard_task_runner.py:83} INFO - Job 168: Subtask transform_b
[2023-07-22T10:07:04.779+0000] {task_command.py:376} INFO - Running <TaskInstance: group_dag.transform_b manual__2023-07-22T10:05:49.497899+00:00 [running]> on host ef71d3f52879
[2023-07-22T10:07:04.881+0000] {taskinstance.py:1592} INFO - Exporting the following env vars:
AIRFLOW_CTX_DAG_OWNER=***
AIRFLOW_CTX_DAG_ID=group_dag
AIRFLOW_CTX_TASK_ID=transform_b
AIRFLOW_CTX_EXECUTION_DATE=2023-07-22T10:05:49.497899+00:00
AIRFLOW_CTX_TRY_NUMBER=1
AIRFLOW_CTX_DAG_RUN_ID=manual__2023-07-22T10:05:49.497899+00:00
[2023-07-22T10:07:04.882+0000] {subprocess.py:63} INFO - Tmp dir root location: 
 /tmp
[2023-07-22T10:07:04.883+0000] {subprocess.py:75} INFO - Running command: ['/bin/bash', '-c', 'sleep 10']
[2023-07-22T10:07:04.894+0000] {subprocess.py:86} INFO - Output:
[2023-07-22T10:07:14.899+0000] {subprocess.py:97} INFO - Command exited with return code 0
[2023-07-22T10:07:14.971+0000] {taskinstance.py:1406} INFO - Marking task as SUCCESS. dag_id=group_dag, task_id=transform_b, execution_date=20230722T100549, start_date=20230722T100704, end_date=20230722T100714
[2023-07-22T10:07:15.046+0000] {local_task_job.py:164} INFO - Task exited with return code 0
[2023-07-22T10:07:15.106+0000] {local_task_job.py:273} INFO - 0 downstream tasks scheduled from follow-on schedule check
