[2023-07-22T05:54:25.003+0000] {taskinstance.py:1165} INFO - Dependencies all met for <TaskInstance: user_processing.extract_user scheduled__2023-07-20T00:00:00+00:00 [queued]>
[2023-07-22T05:54:25.034+0000] {taskinstance.py:1165} INFO - Dependencies all met for <TaskInstance: user_processing.extract_user scheduled__2023-07-20T00:00:00+00:00 [queued]>
[2023-07-22T05:54:25.055+0000] {taskinstance.py:1362} INFO - 
--------------------------------------------------------------------------------
[2023-07-22T05:54:25.055+0000] {taskinstance.py:1363} INFO - Starting attempt 1 of 1
[2023-07-22T05:54:25.055+0000] {taskinstance.py:1364} INFO - 
--------------------------------------------------------------------------------
[2023-07-22T05:54:25.126+0000] {taskinstance.py:1383} INFO - Executing <Task(SimpleHttpOperator): extract_user> on 2023-07-20 00:00:00+00:00
[2023-07-22T05:54:25.151+0000] {standard_task_runner.py:55} INFO - Started process 5233 to run task
[2023-07-22T05:54:25.176+0000] {standard_task_runner.py:82} INFO - Running: ['***', 'tasks', 'run', 'user_processing', 'extract_user', 'scheduled__2023-07-20T00:00:00+00:00', '--job-id', '68', '--raw', '--subdir', 'DAGS_FOLDER/user_processing.py', '--cfg-path', '/tmp/tmp8xgrwxgk']
[2023-07-22T05:54:25.203+0000] {standard_task_runner.py:83} INFO - Job 68: Subtask extract_user
[2023-07-22T05:54:25.573+0000] {task_command.py:376} INFO - Running <TaskInstance: user_processing.extract_user scheduled__2023-07-20T00:00:00+00:00 [running]> on host ef71d3f52879
[2023-07-22T05:54:26.295+0000] {taskinstance.py:1592} INFO - Exporting the following env vars:
AIRFLOW_CTX_DAG_OWNER=***
AIRFLOW_CTX_DAG_ID=user_processing
AIRFLOW_CTX_TASK_ID=extract_user
AIRFLOW_CTX_EXECUTION_DATE=2023-07-20T00:00:00+00:00
AIRFLOW_CTX_TRY_NUMBER=1
AIRFLOW_CTX_DAG_RUN_ID=scheduled__2023-07-20T00:00:00+00:00
[2023-07-22T05:54:26.305+0000] {http.py:121} INFO - Calling HTTP method
[2023-07-22T05:54:26.390+0000] {base.py:71} INFO - Using connection ID 'user_api' for task execution.
[2023-07-22T05:54:26.397+0000] {http.py:148} INFO - Sending 'GET' to url: https://randomuser.me/api/
[2023-07-22T05:54:28.586+0000] {taskinstance.py:1406} INFO - Marking task as SUCCESS. dag_id=user_processing, task_id=extract_user, execution_date=20230720T000000, start_date=20230722T055425, end_date=20230722T055428
[2023-07-22T05:54:28.758+0000] {local_task_job.py:164} INFO - Task exited with return code 0
[2023-07-22T05:54:29.013+0000] {local_task_job.py:273} INFO - 1 downstream tasks scheduled from follow-on schedule check
[2023-07-22T05:57:04.316+0000] {taskinstance.py:1165} INFO - Dependencies all met for <TaskInstance: user_processing.extract_user scheduled__2023-07-20T00:00:00+00:00 [queued]>
[2023-07-22T05:57:04.349+0000] {taskinstance.py:1165} INFO - Dependencies all met for <TaskInstance: user_processing.extract_user scheduled__2023-07-20T00:00:00+00:00 [queued]>
[2023-07-22T05:57:04.349+0000] {taskinstance.py:1362} INFO - 
--------------------------------------------------------------------------------
[2023-07-22T05:57:04.349+0000] {taskinstance.py:1363} INFO - Starting attempt 1 of 1
[2023-07-22T05:57:04.349+0000] {taskinstance.py:1364} INFO - 
--------------------------------------------------------------------------------
[2023-07-22T05:57:04.391+0000] {taskinstance.py:1383} INFO - Executing <Task(SimpleHttpOperator): extract_user> on 2023-07-20 00:00:00+00:00
[2023-07-22T05:57:04.438+0000] {standard_task_runner.py:55} INFO - Started process 5527 to run task
[2023-07-22T05:57:04.479+0000] {standard_task_runner.py:82} INFO - Running: ['***', 'tasks', 'run', 'user_processing', 'extract_user', 'scheduled__2023-07-20T00:00:00+00:00', '--job-id', '128', '--raw', '--subdir', 'DAGS_FOLDER/user_processing.py', '--cfg-path', '/tmp/tmp0dx06u7g']
[2023-07-22T05:57:04.497+0000] {standard_task_runner.py:83} INFO - Job 128: Subtask extract_user
[2023-07-22T05:57:04.672+0000] {task_command.py:376} INFO - Running <TaskInstance: user_processing.extract_user scheduled__2023-07-20T00:00:00+00:00 [running]> on host ef71d3f52879
[2023-07-22T05:57:04.773+0000] {taskinstance.py:1592} INFO - Exporting the following env vars:
AIRFLOW_CTX_DAG_OWNER=***
AIRFLOW_CTX_DAG_ID=user_processing
AIRFLOW_CTX_TASK_ID=extract_user
AIRFLOW_CTX_EXECUTION_DATE=2023-07-20T00:00:00+00:00
AIRFLOW_CTX_TRY_NUMBER=1
AIRFLOW_CTX_DAG_RUN_ID=scheduled__2023-07-20T00:00:00+00:00
[2023-07-22T05:57:04.776+0000] {http.py:121} INFO - Calling HTTP method
[2023-07-22T05:57:04.804+0000] {base.py:71} INFO - Using connection ID 'user_api' for task execution.
[2023-07-22T05:57:04.818+0000] {http.py:148} INFO - Sending 'GET' to url: https://randomuser.me/api/
[2023-07-22T05:57:05.798+0000] {taskinstance.py:1406} INFO - Marking task as SUCCESS. dag_id=user_processing, task_id=extract_user, execution_date=20230720T000000, start_date=20230722T055704, end_date=20230722T055705
[2023-07-22T05:57:06.287+0000] {local_task_job.py:164} INFO - Task exited with return code 0
[2023-07-22T05:57:06.597+0000] {local_task_job.py:273} INFO - 1 downstream tasks scheduled from follow-on schedule check
