[2023-07-21T15:55:47.736+0000] {taskinstance.py:1165} INFO - Dependencies all met for <TaskInstance: user_processing.extract_user manual__2023-07-21T15:55:43.674561+00:00 [queued]>
[2023-07-21T15:55:47.743+0000] {taskinstance.py:1165} INFO - Dependencies all met for <TaskInstance: user_processing.extract_user manual__2023-07-21T15:55:43.674561+00:00 [queued]>
[2023-07-21T15:55:47.744+0000] {taskinstance.py:1362} INFO - 
--------------------------------------------------------------------------------
[2023-07-21T15:55:47.744+0000] {taskinstance.py:1363} INFO - Starting attempt 1 of 1
[2023-07-21T15:55:47.744+0000] {taskinstance.py:1364} INFO - 
--------------------------------------------------------------------------------
[2023-07-21T15:55:47.752+0000] {taskinstance.py:1383} INFO - Executing <Task(SimpleHttpOperator): extract_user> on 2023-07-21 15:55:43.674561+00:00
[2023-07-21T15:55:47.757+0000] {standard_task_runner.py:55} INFO - Started process 15246 to run task
[2023-07-21T15:55:47.761+0000] {standard_task_runner.py:82} INFO - Running: ['***', 'tasks', 'run', 'user_processing', 'extract_user', 'manual__2023-07-21T15:55:43.674561+00:00', '--job-id', '7', '--raw', '--subdir', 'DAGS_FOLDER/user_processing.py', '--cfg-path', '/tmp/tmpabdokqcx']
[2023-07-21T15:55:47.762+0000] {standard_task_runner.py:83} INFO - Job 7: Subtask extract_user
[2023-07-21T15:55:47.814+0000] {task_command.py:376} INFO - Running <TaskInstance: user_processing.extract_user manual__2023-07-21T15:55:43.674561+00:00 [running]> on host 9d876987b8ed
[2023-07-21T15:55:47.865+0000] {taskinstance.py:1592} INFO - Exporting the following env vars:
AIRFLOW_CTX_DAG_OWNER=***
AIRFLOW_CTX_DAG_ID=user_processing
AIRFLOW_CTX_TASK_ID=extract_user
AIRFLOW_CTX_EXECUTION_DATE=2023-07-21T15:55:43.674561+00:00
AIRFLOW_CTX_TRY_NUMBER=1
AIRFLOW_CTX_DAG_RUN_ID=manual__2023-07-21T15:55:43.674561+00:00
[2023-07-21T15:55:47.866+0000] {http.py:121} INFO - Calling HTTP method
[2023-07-21T15:55:47.874+0000] {base.py:71} INFO - Using connection ID 'user_api' for task execution.
[2023-07-21T15:55:47.875+0000] {http.py:148} INFO - Sending 'GET' to url: https://randomuser.me/api/
[2023-07-21T15:55:48.619+0000] {taskinstance.py:1406} INFO - Marking task as SUCCESS. dag_id=user_processing, task_id=extract_user, execution_date=20230721T155543, start_date=20230721T155547, end_date=20230721T155548
[2023-07-21T15:55:48.651+0000] {local_task_job.py:164} INFO - Task exited with return code 0
[2023-07-21T15:55:48.675+0000] {local_task_job.py:273} INFO - 1 downstream tasks scheduled from follow-on schedule check
