[2023-07-22T05:54:15.373+0000] {taskinstance.py:1165} INFO - Dependencies all met for <TaskInstance: user_processing.is_api_available scheduled__2023-07-11T00:00:00+00:00 [queued]>
[2023-07-22T05:54:15.422+0000] {taskinstance.py:1165} INFO - Dependencies all met for <TaskInstance: user_processing.is_api_available scheduled__2023-07-11T00:00:00+00:00 [queued]>
[2023-07-22T05:54:15.431+0000] {taskinstance.py:1362} INFO - 
--------------------------------------------------------------------------------
[2023-07-22T05:54:15.435+0000] {taskinstance.py:1363} INFO - Starting attempt 1 of 1
[2023-07-22T05:54:15.435+0000] {taskinstance.py:1364} INFO - 
--------------------------------------------------------------------------------
[2023-07-22T05:54:15.487+0000] {taskinstance.py:1383} INFO - Executing <Task(HttpSensor): is_api_available> on 2023-07-11 00:00:00+00:00
[2023-07-22T05:54:15.522+0000] {standard_task_runner.py:55} INFO - Started process 5177 to run task
[2023-07-22T05:54:15.531+0000] {standard_task_runner.py:82} INFO - Running: ['***', 'tasks', 'run', 'user_processing', 'is_api_available', 'scheduled__2023-07-11T00:00:00+00:00', '--job-id', '47', '--raw', '--subdir', 'DAGS_FOLDER/user_processing.py', '--cfg-path', '/tmp/tmpq2fjwj9j']
[2023-07-22T05:54:15.551+0000] {standard_task_runner.py:83} INFO - Job 47: Subtask is_api_available
[2023-07-22T05:54:15.713+0000] {task_command.py:376} INFO - Running <TaskInstance: user_processing.is_api_available scheduled__2023-07-11T00:00:00+00:00 [running]> on host ef71d3f52879
[2023-07-22T05:54:15.874+0000] {taskinstance.py:1592} INFO - Exporting the following env vars:
AIRFLOW_CTX_DAG_OWNER=***
AIRFLOW_CTX_DAG_ID=user_processing
AIRFLOW_CTX_TASK_ID=is_api_available
AIRFLOW_CTX_EXECUTION_DATE=2023-07-11T00:00:00+00:00
AIRFLOW_CTX_TRY_NUMBER=1
AIRFLOW_CTX_DAG_RUN_ID=scheduled__2023-07-11T00:00:00+00:00
[2023-07-22T05:54:15.875+0000] {http.py:120} INFO - Poking: api/
[2023-07-22T05:54:15.906+0000] {base.py:71} INFO - Using connection ID 'user_api' for task execution.
[2023-07-22T05:54:15.925+0000] {http.py:148} INFO - Sending 'GET' to url: https://randomuser.me/api/
[2023-07-22T05:54:16.766+0000] {base.py:213} INFO - Success criteria met. Exiting.
[2023-07-22T05:54:16.903+0000] {taskinstance.py:1406} INFO - Marking task as SUCCESS. dag_id=user_processing, task_id=is_api_available, execution_date=20230711T000000, start_date=20230722T055415, end_date=20230722T055416
[2023-07-22T05:54:17.208+0000] {local_task_job.py:164} INFO - Task exited with return code 0
[2023-07-22T05:54:17.407+0000] {local_task_job.py:273} INFO - 1 downstream tasks scheduled from follow-on schedule check
[2023-07-22T05:56:58.407+0000] {taskinstance.py:1165} INFO - Dependencies all met for <TaskInstance: user_processing.is_api_available scheduled__2023-07-11T00:00:00+00:00 [queued]>
[2023-07-22T05:56:58.434+0000] {taskinstance.py:1165} INFO - Dependencies all met for <TaskInstance: user_processing.is_api_available scheduled__2023-07-11T00:00:00+00:00 [queued]>
[2023-07-22T05:56:58.436+0000] {taskinstance.py:1362} INFO - 
--------------------------------------------------------------------------------
[2023-07-22T05:56:58.436+0000] {taskinstance.py:1363} INFO - Starting attempt 1 of 1
[2023-07-22T05:56:58.436+0000] {taskinstance.py:1364} INFO - 
--------------------------------------------------------------------------------
[2023-07-22T05:56:58.497+0000] {taskinstance.py:1383} INFO - Executing <Task(HttpSensor): is_api_available> on 2023-07-11 00:00:00+00:00
[2023-07-22T05:56:58.514+0000] {standard_task_runner.py:55} INFO - Started process 5483 to run task
[2023-07-22T05:56:58.525+0000] {standard_task_runner.py:82} INFO - Running: ['***', 'tasks', 'run', 'user_processing', 'is_api_available', 'scheduled__2023-07-11T00:00:00+00:00', '--job-id', '111', '--raw', '--subdir', 'DAGS_FOLDER/user_processing.py', '--cfg-path', '/tmp/tmppf430yqz']
[2023-07-22T05:56:58.529+0000] {standard_task_runner.py:83} INFO - Job 111: Subtask is_api_available
[2023-07-22T05:56:58.763+0000] {task_command.py:376} INFO - Running <TaskInstance: user_processing.is_api_available scheduled__2023-07-11T00:00:00+00:00 [running]> on host ef71d3f52879
[2023-07-22T05:56:58.932+0000] {taskinstance.py:1592} INFO - Exporting the following env vars:
AIRFLOW_CTX_DAG_OWNER=***
AIRFLOW_CTX_DAG_ID=user_processing
AIRFLOW_CTX_TASK_ID=is_api_available
AIRFLOW_CTX_EXECUTION_DATE=2023-07-11T00:00:00+00:00
AIRFLOW_CTX_TRY_NUMBER=1
AIRFLOW_CTX_DAG_RUN_ID=scheduled__2023-07-11T00:00:00+00:00
[2023-07-22T05:56:58.938+0000] {http.py:120} INFO - Poking: api/
[2023-07-22T05:56:58.975+0000] {base.py:71} INFO - Using connection ID 'user_api' for task execution.
[2023-07-22T05:56:58.978+0000] {http.py:148} INFO - Sending 'GET' to url: https://randomuser.me/api/
[2023-07-22T05:56:59.632+0000] {base.py:213} INFO - Success criteria met. Exiting.
[2023-07-22T05:56:59.660+0000] {taskinstance.py:1406} INFO - Marking task as SUCCESS. dag_id=user_processing, task_id=is_api_available, execution_date=20230711T000000, start_date=20230722T055658, end_date=20230722T055659
[2023-07-22T05:56:59.708+0000] {local_task_job.py:164} INFO - Task exited with return code 0
[2023-07-22T05:56:59.762+0000] {local_task_job.py:273} INFO - 1 downstream tasks scheduled from follow-on schedule check
