[2023-07-22T04:21:05.782+0000] {taskinstance.py:1165} INFO - Dependencies all met for <TaskInstance: user_processing.extract_user manual__2023-07-22T04:21:01.117387+00:00 [queued]>
[2023-07-22T04:21:05.790+0000] {taskinstance.py:1165} INFO - Dependencies all met for <TaskInstance: user_processing.extract_user manual__2023-07-22T04:21:01.117387+00:00 [queued]>
[2023-07-22T04:21:05.790+0000] {taskinstance.py:1362} INFO - 
--------------------------------------------------------------------------------
[2023-07-22T04:21:05.790+0000] {taskinstance.py:1363} INFO - Starting attempt 1 of 1
[2023-07-22T04:21:05.791+0000] {taskinstance.py:1364} INFO - 
--------------------------------------------------------------------------------
[2023-07-22T04:21:05.799+0000] {taskinstance.py:1383} INFO - Executing <Task(SimpleHttpOperator): extract_user> on 2023-07-22 04:21:01.117387+00:00
[2023-07-22T04:21:05.806+0000] {standard_task_runner.py:55} INFO - Started process 503 to run task
[2023-07-22T04:21:05.811+0000] {standard_task_runner.py:82} INFO - Running: ['***', 'tasks', 'run', 'user_processing', 'extract_user', 'manual__2023-07-22T04:21:01.117387+00:00', '--job-id', '6', '--raw', '--subdir', 'DAGS_FOLDER/user_processing.py', '--cfg-path', '/tmp/tmplfmyikz8']
[2023-07-22T04:21:05.814+0000] {standard_task_runner.py:83} INFO - Job 6: Subtask extract_user
[2023-07-22T04:21:05.866+0000] {task_command.py:376} INFO - Running <TaskInstance: user_processing.extract_user manual__2023-07-22T04:21:01.117387+00:00 [running]> on host ef71d3f52879
[2023-07-22T04:21:05.924+0000] {taskinstance.py:1592} INFO - Exporting the following env vars:
AIRFLOW_CTX_DAG_OWNER=***
AIRFLOW_CTX_DAG_ID=user_processing
AIRFLOW_CTX_TASK_ID=extract_user
AIRFLOW_CTX_EXECUTION_DATE=2023-07-22T04:21:01.117387+00:00
AIRFLOW_CTX_TRY_NUMBER=1
AIRFLOW_CTX_DAG_RUN_ID=manual__2023-07-22T04:21:01.117387+00:00
[2023-07-22T04:21:05.925+0000] {http.py:121} INFO - Calling HTTP method
[2023-07-22T04:21:05.934+0000] {base.py:71} INFO - Using connection ID 'user_api' for task execution.
[2023-07-22T04:21:05.936+0000] {http.py:148} INFO - Sending 'GET' to url: https://randomuser.me/api/
[2023-07-22T04:21:06.646+0000] {taskinstance.py:1406} INFO - Marking task as SUCCESS. dag_id=user_processing, task_id=extract_user, execution_date=20230722T042101, start_date=20230722T042105, end_date=20230722T042106
[2023-07-22T04:21:06.691+0000] {local_task_job.py:164} INFO - Task exited with return code 0
[2023-07-22T04:21:06.717+0000] {local_task_job.py:273} INFO - 1 downstream tasks scheduled from follow-on schedule check
