[2023-07-22T05:54:13.306+0000] {taskinstance.py:1165} INFO - Dependencies all met for <TaskInstance: user_processing.is_api_available scheduled__2023-07-10T00:00:00+00:00 [queued]>
[2023-07-22T05:54:13.365+0000] {taskinstance.py:1165} INFO - Dependencies all met for <TaskInstance: user_processing.is_api_available scheduled__2023-07-10T00:00:00+00:00 [queued]>
[2023-07-22T05:54:13.366+0000] {taskinstance.py:1362} INFO - 
--------------------------------------------------------------------------------
[2023-07-22T05:54:13.367+0000] {taskinstance.py:1363} INFO - Starting attempt 1 of 1
[2023-07-22T05:54:13.367+0000] {taskinstance.py:1364} INFO - 
--------------------------------------------------------------------------------
[2023-07-22T05:54:13.441+0000] {taskinstance.py:1383} INFO - Executing <Task(HttpSensor): is_api_available> on 2023-07-10 00:00:00+00:00
[2023-07-22T05:54:13.491+0000] {standard_task_runner.py:55} INFO - Started process 5164 to run task
[2023-07-22T05:54:13.512+0000] {standard_task_runner.py:82} INFO - Running: ['***', 'tasks', 'run', 'user_processing', 'is_api_available', 'scheduled__2023-07-10T00:00:00+00:00', '--job-id', '43', '--raw', '--subdir', 'DAGS_FOLDER/user_processing.py', '--cfg-path', '/tmp/tmp69ubw733']
[2023-07-22T05:54:13.531+0000] {standard_task_runner.py:83} INFO - Job 43: Subtask is_api_available
[2023-07-22T05:54:14.161+0000] {task_command.py:376} INFO - Running <TaskInstance: user_processing.is_api_available scheduled__2023-07-10T00:00:00+00:00 [running]> on host ef71d3f52879
[2023-07-22T05:54:14.748+0000] {taskinstance.py:1592} INFO - Exporting the following env vars:
AIRFLOW_CTX_DAG_OWNER=***
AIRFLOW_CTX_DAG_ID=user_processing
AIRFLOW_CTX_TASK_ID=is_api_available
AIRFLOW_CTX_EXECUTION_DATE=2023-07-10T00:00:00+00:00
AIRFLOW_CTX_TRY_NUMBER=1
AIRFLOW_CTX_DAG_RUN_ID=scheduled__2023-07-10T00:00:00+00:00
[2023-07-22T05:54:14.754+0000] {http.py:120} INFO - Poking: api/
[2023-07-22T05:54:14.785+0000] {base.py:71} INFO - Using connection ID 'user_api' for task execution.
[2023-07-22T05:54:14.805+0000] {http.py:148} INFO - Sending 'GET' to url: https://randomuser.me/api/
[2023-07-22T05:54:15.589+0000] {base.py:213} INFO - Success criteria met. Exiting.
[2023-07-22T05:54:15.609+0000] {taskinstance.py:1406} INFO - Marking task as SUCCESS. dag_id=user_processing, task_id=is_api_available, execution_date=20230710T000000, start_date=20230722T055413, end_date=20230722T055415
[2023-07-22T05:54:15.701+0000] {local_task_job.py:164} INFO - Task exited with return code 0
[2023-07-22T05:54:15.878+0000] {local_task_job.py:273} INFO - 1 downstream tasks scheduled from follow-on schedule check
[2023-07-22T05:56:56.533+0000] {taskinstance.py:1165} INFO - Dependencies all met for <TaskInstance: user_processing.is_api_available scheduled__2023-07-10T00:00:00+00:00 [queued]>
[2023-07-22T05:56:56.560+0000] {taskinstance.py:1165} INFO - Dependencies all met for <TaskInstance: user_processing.is_api_available scheduled__2023-07-10T00:00:00+00:00 [queued]>
[2023-07-22T05:56:56.564+0000] {taskinstance.py:1362} INFO - 
--------------------------------------------------------------------------------
[2023-07-22T05:56:56.567+0000] {taskinstance.py:1363} INFO - Starting attempt 1 of 1
[2023-07-22T05:56:56.567+0000] {taskinstance.py:1364} INFO - 
--------------------------------------------------------------------------------
[2023-07-22T05:56:56.629+0000] {taskinstance.py:1383} INFO - Executing <Task(HttpSensor): is_api_available> on 2023-07-10 00:00:00+00:00
[2023-07-22T05:56:56.636+0000] {standard_task_runner.py:55} INFO - Started process 5472 to run task
[2023-07-22T05:56:56.664+0000] {standard_task_runner.py:82} INFO - Running: ['***', 'tasks', 'run', 'user_processing', 'is_api_available', 'scheduled__2023-07-10T00:00:00+00:00', '--job-id', '106', '--raw', '--subdir', 'DAGS_FOLDER/user_processing.py', '--cfg-path', '/tmp/tmp4linw8oi']
[2023-07-22T05:56:56.674+0000] {standard_task_runner.py:83} INFO - Job 106: Subtask is_api_available
[2023-07-22T05:56:57.046+0000] {task_command.py:376} INFO - Running <TaskInstance: user_processing.is_api_available scheduled__2023-07-10T00:00:00+00:00 [running]> on host ef71d3f52879
[2023-07-22T05:56:57.591+0000] {taskinstance.py:1592} INFO - Exporting the following env vars:
AIRFLOW_CTX_DAG_OWNER=***
AIRFLOW_CTX_DAG_ID=user_processing
AIRFLOW_CTX_TASK_ID=is_api_available
AIRFLOW_CTX_EXECUTION_DATE=2023-07-10T00:00:00+00:00
AIRFLOW_CTX_TRY_NUMBER=1
AIRFLOW_CTX_DAG_RUN_ID=scheduled__2023-07-10T00:00:00+00:00
[2023-07-22T05:56:57.595+0000] {http.py:120} INFO - Poking: api/
[2023-07-22T05:56:57.636+0000] {base.py:71} INFO - Using connection ID 'user_api' for task execution.
[2023-07-22T05:56:57.645+0000] {http.py:148} INFO - Sending 'GET' to url: https://randomuser.me/api/
[2023-07-22T05:56:58.343+0000] {base.py:213} INFO - Success criteria met. Exiting.
[2023-07-22T05:56:58.383+0000] {taskinstance.py:1406} INFO - Marking task as SUCCESS. dag_id=user_processing, task_id=is_api_available, execution_date=20230710T000000, start_date=20230722T055656, end_date=20230722T055658
[2023-07-22T05:56:58.479+0000] {local_task_job.py:164} INFO - Task exited with return code 0
[2023-07-22T05:56:58.843+0000] {local_task_job.py:273} INFO - 1 downstream tasks scheduled from follow-on schedule check
