[2023-07-22T05:54:24.506+0000] {taskinstance.py:1165} INFO - Dependencies all met for <TaskInstance: user_processing.extract_user scheduled__2023-07-19T00:00:00+00:00 [queued]>
[2023-07-22T05:54:24.561+0000] {taskinstance.py:1165} INFO - Dependencies all met for <TaskInstance: user_processing.extract_user scheduled__2023-07-19T00:00:00+00:00 [queued]>
[2023-07-22T05:54:24.562+0000] {taskinstance.py:1362} INFO - 
--------------------------------------------------------------------------------
[2023-07-22T05:54:24.566+0000] {taskinstance.py:1363} INFO - Starting attempt 1 of 1
[2023-07-22T05:54:24.569+0000] {taskinstance.py:1364} INFO - 
--------------------------------------------------------------------------------
[2023-07-22T05:54:24.627+0000] {taskinstance.py:1383} INFO - Executing <Task(SimpleHttpOperator): extract_user> on 2023-07-19 00:00:00+00:00
[2023-07-22T05:54:24.639+0000] {standard_task_runner.py:55} INFO - Started process 5231 to run task
[2023-07-22T05:54:24.649+0000] {standard_task_runner.py:82} INFO - Running: ['***', 'tasks', 'run', 'user_processing', 'extract_user', 'scheduled__2023-07-19T00:00:00+00:00', '--job-id', '66', '--raw', '--subdir', 'DAGS_FOLDER/user_processing.py', '--cfg-path', '/tmp/tmpwla8nchx']
[2023-07-22T05:54:24.651+0000] {standard_task_runner.py:83} INFO - Job 66: Subtask extract_user
[2023-07-22T05:54:24.937+0000] {task_command.py:376} INFO - Running <TaskInstance: user_processing.extract_user scheduled__2023-07-19T00:00:00+00:00 [running]> on host ef71d3f52879
[2023-07-22T05:54:25.084+0000] {taskinstance.py:1592} INFO - Exporting the following env vars:
AIRFLOW_CTX_DAG_OWNER=***
AIRFLOW_CTX_DAG_ID=user_processing
AIRFLOW_CTX_TASK_ID=extract_user
AIRFLOW_CTX_EXECUTION_DATE=2023-07-19T00:00:00+00:00
AIRFLOW_CTX_TRY_NUMBER=1
AIRFLOW_CTX_DAG_RUN_ID=scheduled__2023-07-19T00:00:00+00:00
[2023-07-22T05:54:25.090+0000] {http.py:121} INFO - Calling HTTP method
[2023-07-22T05:54:25.103+0000] {base.py:71} INFO - Using connection ID 'user_api' for task execution.
[2023-07-22T05:54:25.113+0000] {http.py:148} INFO - Sending 'GET' to url: https://randomuser.me/api/
[2023-07-22T05:54:26.242+0000] {taskinstance.py:1406} INFO - Marking task as SUCCESS. dag_id=user_processing, task_id=extract_user, execution_date=20230719T000000, start_date=20230722T055424, end_date=20230722T055426
[2023-07-22T05:54:26.545+0000] {local_task_job.py:164} INFO - Task exited with return code 0
[2023-07-22T05:54:27.075+0000] {local_task_job.py:273} INFO - 1 downstream tasks scheduled from follow-on schedule check
[2023-07-22T05:57:04.027+0000] {taskinstance.py:1165} INFO - Dependencies all met for <TaskInstance: user_processing.extract_user scheduled__2023-07-19T00:00:00+00:00 [queued]>
[2023-07-22T05:57:04.058+0000] {taskinstance.py:1165} INFO - Dependencies all met for <TaskInstance: user_processing.extract_user scheduled__2023-07-19T00:00:00+00:00 [queued]>
[2023-07-22T05:57:04.060+0000] {taskinstance.py:1362} INFO - 
--------------------------------------------------------------------------------
[2023-07-22T05:57:04.069+0000] {taskinstance.py:1363} INFO - Starting attempt 1 of 1
[2023-07-22T05:57:04.070+0000] {taskinstance.py:1364} INFO - 
--------------------------------------------------------------------------------
[2023-07-22T05:57:04.121+0000] {taskinstance.py:1383} INFO - Executing <Task(SimpleHttpOperator): extract_user> on 2023-07-19 00:00:00+00:00
[2023-07-22T05:57:04.150+0000] {standard_task_runner.py:55} INFO - Started process 5524 to run task
[2023-07-22T05:57:04.162+0000] {standard_task_runner.py:82} INFO - Running: ['***', 'tasks', 'run', 'user_processing', 'extract_user', 'scheduled__2023-07-19T00:00:00+00:00', '--job-id', '125', '--raw', '--subdir', 'DAGS_FOLDER/user_processing.py', '--cfg-path', '/tmp/tmplti4n828']
[2023-07-22T05:57:04.173+0000] {standard_task_runner.py:83} INFO - Job 125: Subtask extract_user
[2023-07-22T05:57:04.421+0000] {task_command.py:376} INFO - Running <TaskInstance: user_processing.extract_user scheduled__2023-07-19T00:00:00+00:00 [running]> on host ef71d3f52879
[2023-07-22T05:57:04.622+0000] {taskinstance.py:1592} INFO - Exporting the following env vars:
AIRFLOW_CTX_DAG_OWNER=***
AIRFLOW_CTX_DAG_ID=user_processing
AIRFLOW_CTX_TASK_ID=extract_user
AIRFLOW_CTX_EXECUTION_DATE=2023-07-19T00:00:00+00:00
AIRFLOW_CTX_TRY_NUMBER=1
AIRFLOW_CTX_DAG_RUN_ID=scheduled__2023-07-19T00:00:00+00:00
[2023-07-22T05:57:04.623+0000] {http.py:121} INFO - Calling HTTP method
[2023-07-22T05:57:04.646+0000] {base.py:71} INFO - Using connection ID 'user_api' for task execution.
[2023-07-22T05:57:04.649+0000] {http.py:148} INFO - Sending 'GET' to url: https://randomuser.me/api/
[2023-07-22T05:57:05.570+0000] {taskinstance.py:1406} INFO - Marking task as SUCCESS. dag_id=user_processing, task_id=extract_user, execution_date=20230719T000000, start_date=20230722T055704, end_date=20230722T055705
[2023-07-22T05:57:05.744+0000] {local_task_job.py:164} INFO - Task exited with return code 0
[2023-07-22T05:57:06.120+0000] {local_task_job.py:273} INFO - 0 downstream tasks scheduled from follow-on schedule check
