[2023-07-21T16:03:56.946+0000] {taskinstance.py:1165} INFO - Dependencies all met for <TaskInstance: user_processing.process_user manual__2023-07-21T16:03:52.249720+00:00 [queued]>
[2023-07-21T16:03:56.952+0000] {taskinstance.py:1165} INFO - Dependencies all met for <TaskInstance: user_processing.process_user manual__2023-07-21T16:03:52.249720+00:00 [queued]>
[2023-07-21T16:03:56.952+0000] {taskinstance.py:1362} INFO - 
--------------------------------------------------------------------------------
[2023-07-21T16:03:56.952+0000] {taskinstance.py:1363} INFO - Starting attempt 1 of 1
[2023-07-21T16:03:56.952+0000] {taskinstance.py:1364} INFO - 
--------------------------------------------------------------------------------
[2023-07-21T16:03:56.960+0000] {taskinstance.py:1383} INFO - Executing <Task(PythonOperator): process_user> on 2023-07-21 16:03:52.249720+00:00
[2023-07-21T16:03:56.965+0000] {standard_task_runner.py:55} INFO - Started process 15672 to run task
[2023-07-21T16:03:56.968+0000] {standard_task_runner.py:82} INFO - Running: ['***', 'tasks', 'run', 'user_processing', 'process_user', 'manual__2023-07-21T16:03:52.249720+00:00', '--job-id', '13', '--raw', '--subdir', 'DAGS_FOLDER/user_processing.py', '--cfg-path', '/tmp/tmprn_7xjbz']
[2023-07-21T16:03:56.970+0000] {standard_task_runner.py:83} INFO - Job 13: Subtask process_user
[2023-07-21T16:03:57.027+0000] {task_command.py:376} INFO - Running <TaskInstance: user_processing.process_user manual__2023-07-21T16:03:52.249720+00:00 [running]> on host 9d876987b8ed
[2023-07-21T16:03:57.082+0000] {taskinstance.py:1592} INFO - Exporting the following env vars:
AIRFLOW_CTX_DAG_OWNER=***
AIRFLOW_CTX_DAG_ID=user_processing
AIRFLOW_CTX_TASK_ID=process_user
AIRFLOW_CTX_EXECUTION_DATE=2023-07-21T16:03:52.249720+00:00
AIRFLOW_CTX_TRY_NUMBER=1
AIRFLOW_CTX_DAG_RUN_ID=manual__2023-07-21T16:03:52.249720+00:00
[2023-07-21T16:03:57.099+0000] {python.py:177} INFO - Done. Returned value was: None
[2023-07-21T16:03:57.109+0000] {taskinstance.py:1406} INFO - Marking task as SUCCESS. dag_id=user_processing, task_id=process_user, execution_date=20230721T160352, start_date=20230721T160356, end_date=20230721T160357
[2023-07-21T16:03:57.140+0000] {local_task_job.py:164} INFO - Task exited with return code 0
[2023-07-21T16:03:57.162+0000] {local_task_job.py:273} INFO - 1 downstream tasks scheduled from follow-on schedule check
