[2023-07-23T01:00:55.626+0000] {taskinstance.py:1165} INFO - Dependencies all met for <TaskInstance: user_processing.is_api_available scheduled__2023-07-22T00:00:00+00:00 [queued]>
[2023-07-23T01:00:55.649+0000] {taskinstance.py:1165} INFO - Dependencies all met for <TaskInstance: user_processing.is_api_available scheduled__2023-07-22T00:00:00+00:00 [queued]>
[2023-07-23T01:00:55.653+0000] {taskinstance.py:1362} INFO - 
--------------------------------------------------------------------------------
[2023-07-23T01:00:55.653+0000] {taskinstance.py:1363} INFO - Starting attempt 1 of 1
[2023-07-23T01:00:55.654+0000] {taskinstance.py:1364} INFO - 
--------------------------------------------------------------------------------
[2023-07-23T01:00:55.681+0000] {taskinstance.py:1383} INFO - Executing <Task(HttpSensor): is_api_available> on 2023-07-22 00:00:00+00:00
[2023-07-23T01:00:55.718+0000] {standard_task_runner.py:55} INFO - Started process 24209 to run task
[2023-07-23T01:00:55.730+0000] {standard_task_runner.py:82} INFO - Running: ['***', 'tasks', 'run', 'user_processing', 'is_api_available', 'scheduled__2023-07-22T00:00:00+00:00', '--job-id', '175', '--raw', '--subdir', 'DAGS_FOLDER/user_processing.py', '--cfg-path', '/tmp/tmp8ecztw74']
[2023-07-23T01:00:55.740+0000] {standard_task_runner.py:83} INFO - Job 175: Subtask is_api_available
[2023-07-23T01:00:55.898+0000] {task_command.py:376} INFO - Running <TaskInstance: user_processing.is_api_available scheduled__2023-07-22T00:00:00+00:00 [running]> on host ef71d3f52879
[2023-07-23T01:00:56.026+0000] {taskinstance.py:1592} INFO - Exporting the following env vars:
AIRFLOW_CTX_DAG_OWNER=***
AIRFLOW_CTX_DAG_ID=user_processing
AIRFLOW_CTX_TASK_ID=is_api_available
AIRFLOW_CTX_EXECUTION_DATE=2023-07-22T00:00:00+00:00
AIRFLOW_CTX_TRY_NUMBER=1
AIRFLOW_CTX_DAG_RUN_ID=scheduled__2023-07-22T00:00:00+00:00
[2023-07-23T01:00:56.027+0000] {http.py:120} INFO - Poking: api/
[2023-07-23T01:00:56.075+0000] {base.py:71} INFO - Using connection ID 'user_api' for task execution.
[2023-07-23T01:00:56.084+0000] {http.py:148} INFO - Sending 'GET' to url: https://randomuser.me/api/
[2023-07-23T01:00:56.956+0000] {base.py:213} INFO - Success criteria met. Exiting.
[2023-07-23T01:00:56.987+0000] {taskinstance.py:1406} INFO - Marking task as SUCCESS. dag_id=user_processing, task_id=is_api_available, execution_date=20230722T000000, start_date=20230723T010055, end_date=20230723T010056
[2023-07-23T01:00:57.058+0000] {local_task_job.py:164} INFO - Task exited with return code 0
[2023-07-23T01:00:57.139+0000] {local_task_job.py:273} INFO - 1 downstream tasks scheduled from follow-on schedule check
