[2023-07-23T06:08:08.146+0000] {taskinstance.py:1165} INFO - Dependencies all met for <TaskInstance: xcom_dag.t1 scheduled__2023-07-22T00:00:00+00:00 [queued]>
[2023-07-23T06:08:08.153+0000] {taskinstance.py:1165} INFO - Dependencies all met for <TaskInstance: xcom_dag.t1 scheduled__2023-07-22T00:00:00+00:00 [queued]>
[2023-07-23T06:08:08.153+0000] {taskinstance.py:1362} INFO - 
--------------------------------------------------------------------------------
[2023-07-23T06:08:08.153+0000] {taskinstance.py:1363} INFO - Starting attempt 1 of 1
[2023-07-23T06:08:08.154+0000] {taskinstance.py:1364} INFO - 
--------------------------------------------------------------------------------
[2023-07-23T06:08:08.162+0000] {taskinstance.py:1383} INFO - Executing <Task(PythonOperator): t1> on 2023-07-22 00:00:00+00:00
[2023-07-23T06:08:08.167+0000] {standard_task_runner.py:55} INFO - Started process 29318 to run task
[2023-07-23T06:08:08.171+0000] {standard_task_runner.py:82} INFO - Running: ['***', 'tasks', 'run', 'xcom_dag', 't1', 'scheduled__2023-07-22T00:00:00+00:00', '--job-id', '183', '--raw', '--subdir', 'DAGS_FOLDER/xcom_dag.py', '--cfg-path', '/tmp/tmpehpmiyea']
[2023-07-23T06:08:08.172+0000] {standard_task_runner.py:83} INFO - Job 183: Subtask t1
[2023-07-23T06:08:08.224+0000] {task_command.py:376} INFO - Running <TaskInstance: xcom_dag.t1 scheduled__2023-07-22T00:00:00+00:00 [running]> on host ef71d3f52879
[2023-07-23T06:08:08.282+0000] {taskinstance.py:1592} INFO - Exporting the following env vars:
AIRFLOW_CTX_DAG_OWNER=***
AIRFLOW_CTX_DAG_ID=xcom_dag
AIRFLOW_CTX_TASK_ID=t1
AIRFLOW_CTX_EXECUTION_DATE=2023-07-22T00:00:00+00:00
AIRFLOW_CTX_TRY_NUMBER=1
AIRFLOW_CTX_DAG_RUN_ID=scheduled__2023-07-22T00:00:00+00:00
[2023-07-23T06:08:08.294+0000] {python.py:177} INFO - Done. Returned value was: None
[2023-07-23T06:08:08.305+0000] {taskinstance.py:1406} INFO - Marking task as SUCCESS. dag_id=xcom_dag, task_id=t1, execution_date=20230722T000000, start_date=20230723T060808, end_date=20230723T060808
[2023-07-23T06:08:08.343+0000] {local_task_job.py:164} INFO - Task exited with return code 0
[2023-07-23T06:08:08.373+0000] {local_task_job.py:273} INFO - 1 downstream tasks scheduled from follow-on schedule check
