[2023-07-22T05:54:29.658+0000] {taskinstance.py:1165} INFO - Dependencies all met for <TaskInstance: user_processing.process_user scheduled__2023-07-16T00:00:00+00:00 [queued]>
[2023-07-22T05:54:29.711+0000] {taskinstance.py:1165} INFO - Dependencies all met for <TaskInstance: user_processing.process_user scheduled__2023-07-16T00:00:00+00:00 [queued]>
[2023-07-22T05:54:29.712+0000] {taskinstance.py:1362} INFO - 
--------------------------------------------------------------------------------
[2023-07-22T05:54:29.714+0000] {taskinstance.py:1363} INFO - Starting attempt 1 of 1
[2023-07-22T05:54:29.715+0000] {taskinstance.py:1364} INFO - 
--------------------------------------------------------------------------------
[2023-07-22T05:54:29.786+0000] {taskinstance.py:1383} INFO - Executing <Task(PythonOperator): process_user> on 2023-07-16 00:00:00+00:00
[2023-07-22T05:54:29.895+0000] {standard_task_runner.py:55} INFO - Started process 5265 to run task
[2023-07-22T05:54:29.923+0000] {standard_task_runner.py:82} INFO - Running: ['***', 'tasks', 'run', 'user_processing', 'process_user', 'scheduled__2023-07-16T00:00:00+00:00', '--job-id', '72', '--raw', '--subdir', 'DAGS_FOLDER/user_processing.py', '--cfg-path', '/tmp/tmp1_n6kgsx']
[2023-07-22T05:54:29.936+0000] {standard_task_runner.py:83} INFO - Job 72: Subtask process_user
[2023-07-22T05:54:30.369+0000] {task_command.py:376} INFO - Running <TaskInstance: user_processing.process_user scheduled__2023-07-16T00:00:00+00:00 [running]> on host ef71d3f52879
[2023-07-22T05:54:30.838+0000] {taskinstance.py:1592} INFO - Exporting the following env vars:
AIRFLOW_CTX_DAG_OWNER=***
AIRFLOW_CTX_DAG_ID=user_processing
AIRFLOW_CTX_TASK_ID=process_user
AIRFLOW_CTX_EXECUTION_DATE=2023-07-16T00:00:00+00:00
AIRFLOW_CTX_TRY_NUMBER=1
AIRFLOW_CTX_DAG_RUN_ID=scheduled__2023-07-16T00:00:00+00:00
[2023-07-22T05:54:31.053+0000] {python.py:177} INFO - Done. Returned value was: None
[2023-07-22T05:54:31.124+0000] {taskinstance.py:1406} INFO - Marking task as SUCCESS. dag_id=user_processing, task_id=process_user, execution_date=20230716T000000, start_date=20230722T055429, end_date=20230722T055431
[2023-07-22T05:54:31.259+0000] {local_task_job.py:164} INFO - Task exited with return code 0
[2023-07-22T05:54:31.402+0000] {local_task_job.py:273} INFO - 1 downstream tasks scheduled from follow-on schedule check
[2023-07-22T05:57:08.978+0000] {taskinstance.py:1165} INFO - Dependencies all met for <TaskInstance: user_processing.process_user scheduled__2023-07-16T00:00:00+00:00 [queued]>
[2023-07-22T05:57:09.007+0000] {taskinstance.py:1165} INFO - Dependencies all met for <TaskInstance: user_processing.process_user scheduled__2023-07-16T00:00:00+00:00 [queued]>
[2023-07-22T05:57:09.009+0000] {taskinstance.py:1362} INFO - 
--------------------------------------------------------------------------------
[2023-07-22T05:57:09.010+0000] {taskinstance.py:1363} INFO - Starting attempt 1 of 1
[2023-07-22T05:57:09.013+0000] {taskinstance.py:1364} INFO - 
--------------------------------------------------------------------------------
[2023-07-22T05:57:09.055+0000] {taskinstance.py:1383} INFO - Executing <Task(PythonOperator): process_user> on 2023-07-16 00:00:00+00:00
[2023-07-22T05:57:09.074+0000] {standard_task_runner.py:55} INFO - Started process 5566 to run task
[2023-07-22T05:57:09.142+0000] {standard_task_runner.py:82} INFO - Running: ['***', 'tasks', 'run', 'user_processing', 'process_user', 'scheduled__2023-07-16T00:00:00+00:00', '--job-id', '135', '--raw', '--subdir', 'DAGS_FOLDER/user_processing.py', '--cfg-path', '/tmp/tmp6_0_xvth']
[2023-07-22T05:57:09.185+0000] {standard_task_runner.py:83} INFO - Job 135: Subtask process_user
[2023-07-22T05:57:09.569+0000] {task_command.py:376} INFO - Running <TaskInstance: user_processing.process_user scheduled__2023-07-16T00:00:00+00:00 [running]> on host ef71d3f52879
[2023-07-22T05:57:09.798+0000] {taskinstance.py:1592} INFO - Exporting the following env vars:
AIRFLOW_CTX_DAG_OWNER=***
AIRFLOW_CTX_DAG_ID=user_processing
AIRFLOW_CTX_TASK_ID=process_user
AIRFLOW_CTX_EXECUTION_DATE=2023-07-16T00:00:00+00:00
AIRFLOW_CTX_TRY_NUMBER=1
AIRFLOW_CTX_DAG_RUN_ID=scheduled__2023-07-16T00:00:00+00:00
[2023-07-22T05:57:09.880+0000] {python.py:177} INFO - Done. Returned value was: None
[2023-07-22T05:57:09.906+0000] {taskinstance.py:1406} INFO - Marking task as SUCCESS. dag_id=user_processing, task_id=process_user, execution_date=20230716T000000, start_date=20230722T055708, end_date=20230722T055709
[2023-07-22T05:57:09.977+0000] {local_task_job.py:164} INFO - Task exited with return code 0
[2023-07-22T05:57:10.043+0000] {local_task_job.py:273} INFO - 1 downstream tasks scheduled from follow-on schedule check
