[2023-07-23T06:19:06.849+0000] {taskinstance.py:1165} INFO - Dependencies all met for <TaskInstance: xcom_dag.branch manual__2023-07-23T06:19:04.861556+00:00 [queued]>
[2023-07-23T06:19:06.855+0000] {taskinstance.py:1165} INFO - Dependencies all met for <TaskInstance: xcom_dag.branch manual__2023-07-23T06:19:04.861556+00:00 [queued]>
[2023-07-23T06:19:06.855+0000] {taskinstance.py:1362} INFO - 
--------------------------------------------------------------------------------
[2023-07-23T06:19:06.855+0000] {taskinstance.py:1363} INFO - Starting attempt 1 of 1
[2023-07-23T06:19:06.856+0000] {taskinstance.py:1364} INFO - 
--------------------------------------------------------------------------------
[2023-07-23T06:19:06.864+0000] {taskinstance.py:1383} INFO - Executing <Task(BranchPythonOperator): branch> on 2023-07-23 06:19:04.861556+00:00
[2023-07-23T06:19:06.869+0000] {standard_task_runner.py:55} INFO - Started process 29857 to run task
[2023-07-23T06:19:06.872+0000] {standard_task_runner.py:82} INFO - Running: ['***', 'tasks', 'run', 'xcom_dag', 'branch', 'manual__2023-07-23T06:19:04.861556+00:00', '--job-id', '192', '--raw', '--subdir', 'DAGS_FOLDER/xcom_dag.py', '--cfg-path', '/tmp/tmpcw98oaim']
[2023-07-23T06:19:06.873+0000] {standard_task_runner.py:83} INFO - Job 192: Subtask branch
[2023-07-23T06:19:06.926+0000] {task_command.py:376} INFO - Running <TaskInstance: xcom_dag.branch manual__2023-07-23T06:19:04.861556+00:00 [running]> on host ef71d3f52879
[2023-07-23T06:19:06.983+0000] {taskinstance.py:1592} INFO - Exporting the following env vars:
AIRFLOW_CTX_DAG_OWNER=***
AIRFLOW_CTX_DAG_ID=xcom_dag
AIRFLOW_CTX_TASK_ID=branch
AIRFLOW_CTX_EXECUTION_DATE=2023-07-23T06:19:04.861556+00:00
AIRFLOW_CTX_TRY_NUMBER=1
AIRFLOW_CTX_DAG_RUN_ID=manual__2023-07-23T06:19:04.861556+00:00
[2023-07-23T06:19:06.995+0000] {python.py:177} INFO - Done. Returned value was: t2
[2023-07-23T06:19:06.995+0000] {skipmixin.py:155} INFO - Following branch t2
[2023-07-23T06:19:06.996+0000] {skipmixin.py:190} INFO - Skipping tasks ['t3']
[2023-07-23T06:19:07.035+0000] {taskinstance.py:1406} INFO - Marking task as SUCCESS. dag_id=xcom_dag, task_id=branch, execution_date=20230723T061904, start_date=20230723T061906, end_date=20230723T061907
[2023-07-23T06:19:07.084+0000] {local_task_job.py:164} INFO - Task exited with return code 0
[2023-07-23T06:19:07.111+0000] {local_task_job.py:273} INFO - 1 downstream tasks scheduled from follow-on schedule check
