[2023-07-22T05:54:24.995+0000] {taskinstance.py:1165} INFO - Dependencies all met for <TaskInstance: user_processing.extract_user scheduled__2023-07-21T00:00:00+00:00 [queued]>
[2023-07-22T05:54:25.015+0000] {taskinstance.py:1165} INFO - Dependencies all met for <TaskInstance: user_processing.extract_user scheduled__2023-07-21T00:00:00+00:00 [queued]>
[2023-07-22T05:54:25.020+0000] {taskinstance.py:1362} INFO - 
--------------------------------------------------------------------------------
[2023-07-22T05:54:25.021+0000] {taskinstance.py:1363} INFO - Starting attempt 1 of 1
[2023-07-22T05:54:25.022+0000] {taskinstance.py:1364} INFO - 
--------------------------------------------------------------------------------
[2023-07-22T05:54:25.042+0000] {taskinstance.py:1383} INFO - Executing <Task(SimpleHttpOperator): extract_user> on 2023-07-21 00:00:00+00:00
[2023-07-22T05:54:25.066+0000] {standard_task_runner.py:55} INFO - Started process 5232 to run task
[2023-07-22T05:54:25.158+0000] {standard_task_runner.py:82} INFO - Running: ['***', 'tasks', 'run', 'user_processing', 'extract_user', 'scheduled__2023-07-21T00:00:00+00:00', '--job-id', '69', '--raw', '--subdir', 'DAGS_FOLDER/user_processing.py', '--cfg-path', '/tmp/tmp3k32dya4']
[2023-07-22T05:54:25.174+0000] {standard_task_runner.py:83} INFO - Job 69: Subtask extract_user
[2023-07-22T05:54:25.577+0000] {task_command.py:376} INFO - Running <TaskInstance: user_processing.extract_user scheduled__2023-07-21T00:00:00+00:00 [running]> on host ef71d3f52879
[2023-07-22T05:54:26.102+0000] {taskinstance.py:1592} INFO - Exporting the following env vars:
AIRFLOW_CTX_DAG_OWNER=***
AIRFLOW_CTX_DAG_ID=user_processing
AIRFLOW_CTX_TASK_ID=extract_user
AIRFLOW_CTX_EXECUTION_DATE=2023-07-21T00:00:00+00:00
AIRFLOW_CTX_TRY_NUMBER=1
AIRFLOW_CTX_DAG_RUN_ID=scheduled__2023-07-21T00:00:00+00:00
[2023-07-22T05:54:26.119+0000] {http.py:121} INFO - Calling HTTP method
[2023-07-22T05:54:26.195+0000] {base.py:71} INFO - Using connection ID 'user_api' for task execution.
[2023-07-22T05:54:26.210+0000] {http.py:148} INFO - Sending 'GET' to url: https://randomuser.me/api/
[2023-07-22T05:54:28.430+0000] {taskinstance.py:1406} INFO - Marking task as SUCCESS. dag_id=user_processing, task_id=extract_user, execution_date=20230721T000000, start_date=20230722T055425, end_date=20230722T055428
[2023-07-22T05:54:28.678+0000] {local_task_job.py:164} INFO - Task exited with return code 0
[2023-07-22T05:54:28.881+0000] {local_task_job.py:273} INFO - 1 downstream tasks scheduled from follow-on schedule check
[2023-07-22T05:57:04.516+0000] {taskinstance.py:1165} INFO - Dependencies all met for <TaskInstance: user_processing.extract_user scheduled__2023-07-21T00:00:00+00:00 [queued]>
[2023-07-22T05:57:04.543+0000] {taskinstance.py:1165} INFO - Dependencies all met for <TaskInstance: user_processing.extract_user scheduled__2023-07-21T00:00:00+00:00 [queued]>
[2023-07-22T05:57:04.544+0000] {taskinstance.py:1362} INFO - 
--------------------------------------------------------------------------------
[2023-07-22T05:57:04.544+0000] {taskinstance.py:1363} INFO - Starting attempt 1 of 1
[2023-07-22T05:57:04.544+0000] {taskinstance.py:1364} INFO - 
--------------------------------------------------------------------------------
[2023-07-22T05:57:04.600+0000] {taskinstance.py:1383} INFO - Executing <Task(SimpleHttpOperator): extract_user> on 2023-07-21 00:00:00+00:00
[2023-07-22T05:57:04.621+0000] {standard_task_runner.py:55} INFO - Started process 5528 to run task
[2023-07-22T05:57:04.631+0000] {standard_task_runner.py:82} INFO - Running: ['***', 'tasks', 'run', 'user_processing', 'extract_user', 'scheduled__2023-07-21T00:00:00+00:00', '--job-id', '129', '--raw', '--subdir', 'DAGS_FOLDER/user_processing.py', '--cfg-path', '/tmp/tmpit73vy9o']
[2023-07-22T05:57:04.636+0000] {standard_task_runner.py:83} INFO - Job 129: Subtask extract_user
[2023-07-22T05:57:04.731+0000] {task_command.py:376} INFO - Running <TaskInstance: user_processing.extract_user scheduled__2023-07-21T00:00:00+00:00 [running]> on host ef71d3f52879
[2023-07-22T05:57:04.874+0000] {taskinstance.py:1592} INFO - Exporting the following env vars:
AIRFLOW_CTX_DAG_OWNER=***
AIRFLOW_CTX_DAG_ID=user_processing
AIRFLOW_CTX_TASK_ID=extract_user
AIRFLOW_CTX_EXECUTION_DATE=2023-07-21T00:00:00+00:00
AIRFLOW_CTX_TRY_NUMBER=1
AIRFLOW_CTX_DAG_RUN_ID=scheduled__2023-07-21T00:00:00+00:00
[2023-07-22T05:57:04.876+0000] {http.py:121} INFO - Calling HTTP method
[2023-07-22T05:57:04.889+0000] {base.py:71} INFO - Using connection ID 'user_api' for task execution.
[2023-07-22T05:57:04.892+0000] {http.py:148} INFO - Sending 'GET' to url: https://randomuser.me/api/
[2023-07-22T05:57:05.966+0000] {taskinstance.py:1406} INFO - Marking task as SUCCESS. dag_id=user_processing, task_id=extract_user, execution_date=20230721T000000, start_date=20230722T055704, end_date=20230722T055705
[2023-07-22T05:57:06.202+0000] {local_task_job.py:164} INFO - Task exited with return code 0
[2023-07-22T05:57:06.603+0000] {local_task_job.py:273} INFO - 1 downstream tasks scheduled from follow-on schedule check
