[2023-07-22T05:54:34.661+0000] {taskinstance.py:1165} INFO - Dependencies all met for <TaskInstance: user_processing.store_user scheduled__2023-07-12T00:00:00+00:00 [queued]>
[2023-07-22T05:54:34.720+0000] {taskinstance.py:1165} INFO - Dependencies all met for <TaskInstance: user_processing.store_user scheduled__2023-07-12T00:00:00+00:00 [queued]>
[2023-07-22T05:54:34.728+0000] {taskinstance.py:1362} INFO - 
--------------------------------------------------------------------------------
[2023-07-22T05:54:34.728+0000] {taskinstance.py:1363} INFO - Starting attempt 1 of 1
[2023-07-22T05:54:34.728+0000] {taskinstance.py:1364} INFO - 
--------------------------------------------------------------------------------
[2023-07-22T05:54:34.797+0000] {taskinstance.py:1383} INFO - Executing <Task(PythonOperator): store_user> on 2023-07-12 00:00:00+00:00
[2023-07-22T05:54:34.820+0000] {standard_task_runner.py:55} INFO - Started process 5299 to run task
[2023-07-22T05:54:34.872+0000] {standard_task_runner.py:82} INFO - Running: ['***', 'tasks', 'run', 'user_processing', 'store_user', 'scheduled__2023-07-12T00:00:00+00:00', '--job-id', '87', '--raw', '--subdir', 'DAGS_FOLDER/user_processing.py', '--cfg-path', '/tmp/tmp4hw330x2']
[2023-07-22T05:54:34.879+0000] {standard_task_runner.py:83} INFO - Job 87: Subtask store_user
[2023-07-22T05:54:35.101+0000] {task_command.py:376} INFO - Running <TaskInstance: user_processing.store_user scheduled__2023-07-12T00:00:00+00:00 [running]> on host ef71d3f52879
[2023-07-22T05:54:35.363+0000] {taskinstance.py:1592} INFO - Exporting the following env vars:
AIRFLOW_CTX_DAG_OWNER=***
AIRFLOW_CTX_DAG_ID=user_processing
AIRFLOW_CTX_TASK_ID=store_user
AIRFLOW_CTX_EXECUTION_DATE=2023-07-12T00:00:00+00:00
AIRFLOW_CTX_TRY_NUMBER=1
AIRFLOW_CTX_DAG_RUN_ID=scheduled__2023-07-12T00:00:00+00:00
[2023-07-22T05:54:35.365+0000] {postgres.py:129} INFO - Running copy expert: COPY users FROM stdin WITH DELIMITER as ',', filename: /tmp/processed_user.csv
[2023-07-22T05:54:35.437+0000] {base.py:71} INFO - Using connection ID 'postgres' for task execution.
[2023-07-22T05:54:35.468+0000] {python.py:177} INFO - Done. Returned value was: None
[2023-07-22T05:54:35.581+0000] {taskinstance.py:1406} INFO - Marking task as SUCCESS. dag_id=user_processing, task_id=store_user, execution_date=20230712T000000, start_date=20230722T055434, end_date=20230722T055435
[2023-07-22T05:54:35.668+0000] {local_task_job.py:164} INFO - Task exited with return code 0
[2023-07-22T05:54:35.735+0000] {local_task_job.py:273} INFO - 0 downstream tasks scheduled from follow-on schedule check
[2023-07-22T05:57:12.970+0000] {taskinstance.py:1165} INFO - Dependencies all met for <TaskInstance: user_processing.store_user scheduled__2023-07-12T00:00:00+00:00 [queued]>
[2023-07-22T05:57:12.986+0000] {taskinstance.py:1165} INFO - Dependencies all met for <TaskInstance: user_processing.store_user scheduled__2023-07-12T00:00:00+00:00 [queued]>
[2023-07-22T05:57:12.987+0000] {taskinstance.py:1362} INFO - 
--------------------------------------------------------------------------------
[2023-07-22T05:57:12.987+0000] {taskinstance.py:1363} INFO - Starting attempt 1 of 1
[2023-07-22T05:57:12.987+0000] {taskinstance.py:1364} INFO - 
--------------------------------------------------------------------------------
[2023-07-22T05:57:13.011+0000] {taskinstance.py:1383} INFO - Executing <Task(PythonOperator): store_user> on 2023-07-12 00:00:00+00:00
[2023-07-22T05:57:13.045+0000] {standard_task_runner.py:55} INFO - Started process 5596 to run task
[2023-07-22T05:57:13.060+0000] {standard_task_runner.py:82} INFO - Running: ['***', 'tasks', 'run', 'user_processing', 'store_user', 'scheduled__2023-07-12T00:00:00+00:00', '--job-id', '143', '--raw', '--subdir', 'DAGS_FOLDER/user_processing.py', '--cfg-path', '/tmp/tmp8wd1e24b']
[2023-07-22T05:57:13.069+0000] {standard_task_runner.py:83} INFO - Job 143: Subtask store_user
[2023-07-22T05:57:13.407+0000] {task_command.py:376} INFO - Running <TaskInstance: user_processing.store_user scheduled__2023-07-12T00:00:00+00:00 [running]> on host ef71d3f52879
[2023-07-22T05:57:13.870+0000] {taskinstance.py:1592} INFO - Exporting the following env vars:
AIRFLOW_CTX_DAG_OWNER=***
AIRFLOW_CTX_DAG_ID=user_processing
AIRFLOW_CTX_TASK_ID=store_user
AIRFLOW_CTX_EXECUTION_DATE=2023-07-12T00:00:00+00:00
AIRFLOW_CTX_TRY_NUMBER=1
AIRFLOW_CTX_DAG_RUN_ID=scheduled__2023-07-12T00:00:00+00:00
[2023-07-22T05:57:13.874+0000] {postgres.py:129} INFO - Running copy expert: COPY users FROM stdin WITH DELIMITER as ',', filename: /tmp/processed_user.csv
[2023-07-22T05:57:13.909+0000] {base.py:71} INFO - Using connection ID 'postgres' for task execution.
[2023-07-22T05:57:13.919+0000] {python.py:177} INFO - Done. Returned value was: None
[2023-07-22T05:57:13.979+0000] {taskinstance.py:1406} INFO - Marking task as SUCCESS. dag_id=user_processing, task_id=store_user, execution_date=20230712T000000, start_date=20230722T055712, end_date=20230722T055713
[2023-07-22T05:57:14.147+0000] {local_task_job.py:164} INFO - Task exited with return code 0
[2023-07-22T05:57:14.308+0000] {local_task_job.py:273} INFO - 0 downstream tasks scheduled from follow-on schedule check
