[2023-07-22T05:54:34.837+0000] {taskinstance.py:1165} INFO - Dependencies all met for <TaskInstance: user_processing.store_user scheduled__2023-07-14T00:00:00+00:00 [queued]>
[2023-07-22T05:54:34.861+0000] {taskinstance.py:1165} INFO - Dependencies all met for <TaskInstance: user_processing.store_user scheduled__2023-07-14T00:00:00+00:00 [queued]>
[2023-07-22T05:54:34.862+0000] {taskinstance.py:1362} INFO - 
--------------------------------------------------------------------------------
[2023-07-22T05:54:34.862+0000] {taskinstance.py:1363} INFO - Starting attempt 1 of 1
[2023-07-22T05:54:34.862+0000] {taskinstance.py:1364} INFO - 
--------------------------------------------------------------------------------
[2023-07-22T05:54:34.884+0000] {taskinstance.py:1383} INFO - Executing <Task(PythonOperator): store_user> on 2023-07-14 00:00:00+00:00
[2023-07-22T05:54:34.900+0000] {standard_task_runner.py:55} INFO - Started process 5301 to run task
[2023-07-22T05:54:34.942+0000] {standard_task_runner.py:82} INFO - Running: ['***', 'tasks', 'run', 'user_processing', 'store_user', 'scheduled__2023-07-14T00:00:00+00:00', '--job-id', '89', '--raw', '--subdir', 'DAGS_FOLDER/user_processing.py', '--cfg-path', '/tmp/tmpu0feobcn']
[2023-07-22T05:54:34.964+0000] {standard_task_runner.py:83} INFO - Job 89: Subtask store_user
[2023-07-22T05:54:35.186+0000] {task_command.py:376} INFO - Running <TaskInstance: user_processing.store_user scheduled__2023-07-14T00:00:00+00:00 [running]> on host ef71d3f52879
[2023-07-22T05:54:35.467+0000] {taskinstance.py:1592} INFO - Exporting the following env vars:
AIRFLOW_CTX_DAG_OWNER=***
AIRFLOW_CTX_DAG_ID=user_processing
AIRFLOW_CTX_TASK_ID=store_user
AIRFLOW_CTX_EXECUTION_DATE=2023-07-14T00:00:00+00:00
AIRFLOW_CTX_TRY_NUMBER=1
AIRFLOW_CTX_DAG_RUN_ID=scheduled__2023-07-14T00:00:00+00:00
[2023-07-22T05:54:35.468+0000] {postgres.py:129} INFO - Running copy expert: COPY users FROM stdin WITH DELIMITER as ',', filename: /tmp/processed_user.csv
[2023-07-22T05:54:35.525+0000] {base.py:71} INFO - Using connection ID 'postgres' for task execution.
[2023-07-22T05:54:35.570+0000] {python.py:177} INFO - Done. Returned value was: None
[2023-07-22T05:54:35.601+0000] {taskinstance.py:1406} INFO - Marking task as SUCCESS. dag_id=user_processing, task_id=store_user, execution_date=20230714T000000, start_date=20230722T055434, end_date=20230722T055435
[2023-07-22T05:54:35.694+0000] {local_task_job.py:164} INFO - Task exited with return code 0
[2023-07-22T05:54:35.754+0000] {local_task_job.py:273} INFO - 0 downstream tasks scheduled from follow-on schedule check
[2023-07-22T05:57:13.355+0000] {taskinstance.py:1165} INFO - Dependencies all met for <TaskInstance: user_processing.store_user scheduled__2023-07-14T00:00:00+00:00 [queued]>
[2023-07-22T05:57:13.437+0000] {taskinstance.py:1165} INFO - Dependencies all met for <TaskInstance: user_processing.store_user scheduled__2023-07-14T00:00:00+00:00 [queued]>
[2023-07-22T05:57:13.441+0000] {taskinstance.py:1362} INFO - 
--------------------------------------------------------------------------------
[2023-07-22T05:57:13.442+0000] {taskinstance.py:1363} INFO - Starting attempt 1 of 1
[2023-07-22T05:57:13.442+0000] {taskinstance.py:1364} INFO - 
--------------------------------------------------------------------------------
[2023-07-22T05:57:13.495+0000] {taskinstance.py:1383} INFO - Executing <Task(PythonOperator): store_user> on 2023-07-14 00:00:00+00:00
[2023-07-22T05:57:13.518+0000] {standard_task_runner.py:55} INFO - Started process 5599 to run task
[2023-07-22T05:57:13.553+0000] {standard_task_runner.py:82} INFO - Running: ['***', 'tasks', 'run', 'user_processing', 'store_user', 'scheduled__2023-07-14T00:00:00+00:00', '--job-id', '146', '--raw', '--subdir', 'DAGS_FOLDER/user_processing.py', '--cfg-path', '/tmp/tmpb6xipsuu']
[2023-07-22T05:57:13.559+0000] {standard_task_runner.py:83} INFO - Job 146: Subtask store_user
[2023-07-22T05:57:14.009+0000] {task_command.py:376} INFO - Running <TaskInstance: user_processing.store_user scheduled__2023-07-14T00:00:00+00:00 [running]> on host ef71d3f52879
[2023-07-22T05:57:14.385+0000] {taskinstance.py:1592} INFO - Exporting the following env vars:
AIRFLOW_CTX_DAG_OWNER=***
AIRFLOW_CTX_DAG_ID=user_processing
AIRFLOW_CTX_TASK_ID=store_user
AIRFLOW_CTX_EXECUTION_DATE=2023-07-14T00:00:00+00:00
AIRFLOW_CTX_TRY_NUMBER=1
AIRFLOW_CTX_DAG_RUN_ID=scheduled__2023-07-14T00:00:00+00:00
[2023-07-22T05:57:14.391+0000] {postgres.py:129} INFO - Running copy expert: COPY users FROM stdin WITH DELIMITER as ',', filename: /tmp/processed_user.csv
[2023-07-22T05:57:14.454+0000] {base.py:71} INFO - Using connection ID 'postgres' for task execution.
[2023-07-22T05:57:14.485+0000] {python.py:177} INFO - Done. Returned value was: None
[2023-07-22T05:57:14.518+0000] {taskinstance.py:1406} INFO - Marking task as SUCCESS. dag_id=user_processing, task_id=store_user, execution_date=20230714T000000, start_date=20230722T055713, end_date=20230722T055714
[2023-07-22T05:57:14.615+0000] {local_task_job.py:164} INFO - Task exited with return code 0
[2023-07-22T05:57:14.686+0000] {local_task_job.py:273} INFO - 0 downstream tasks scheduled from follow-on schedule check
