[2023-07-23T01:00:59.262+0000] {taskinstance.py:1165} INFO - Dependencies all met for <TaskInstance: user_processing.extract_user scheduled__2023-07-22T00:00:00+00:00 [queued]>
[2023-07-23T01:00:59.275+0000] {taskinstance.py:1165} INFO - Dependencies all met for <TaskInstance: user_processing.extract_user scheduled__2023-07-22T00:00:00+00:00 [queued]>
[2023-07-23T01:00:59.275+0000] {taskinstance.py:1362} INFO - 
--------------------------------------------------------------------------------
[2023-07-23T01:00:59.276+0000] {taskinstance.py:1363} INFO - Starting attempt 1 of 1
[2023-07-23T01:00:59.276+0000] {taskinstance.py:1364} INFO - 
--------------------------------------------------------------------------------
[2023-07-23T01:00:59.292+0000] {taskinstance.py:1383} INFO - Executing <Task(SimpleHttpOperator): extract_user> on 2023-07-22 00:00:00+00:00
[2023-07-23T01:00:59.305+0000] {standard_task_runner.py:55} INFO - Started process 24212 to run task
[2023-07-23T01:00:59.313+0000] {standard_task_runner.py:82} INFO - Running: ['***', 'tasks', 'run', 'user_processing', 'extract_user', 'scheduled__2023-07-22T00:00:00+00:00', '--job-id', '176', '--raw', '--subdir', 'DAGS_FOLDER/user_processing.py', '--cfg-path', '/tmp/tmpj_ti9a9z']
[2023-07-23T01:00:59.322+0000] {standard_task_runner.py:83} INFO - Job 176: Subtask extract_user
[2023-07-23T01:00:59.479+0000] {task_command.py:376} INFO - Running <TaskInstance: user_processing.extract_user scheduled__2023-07-22T00:00:00+00:00 [running]> on host ef71d3f52879
[2023-07-23T01:00:59.587+0000] {taskinstance.py:1592} INFO - Exporting the following env vars:
AIRFLOW_CTX_DAG_OWNER=***
AIRFLOW_CTX_DAG_ID=user_processing
AIRFLOW_CTX_TASK_ID=extract_user
AIRFLOW_CTX_EXECUTION_DATE=2023-07-22T00:00:00+00:00
AIRFLOW_CTX_TRY_NUMBER=1
AIRFLOW_CTX_DAG_RUN_ID=scheduled__2023-07-22T00:00:00+00:00
[2023-07-23T01:00:59.588+0000] {http.py:121} INFO - Calling HTTP method
[2023-07-23T01:00:59.601+0000] {base.py:71} INFO - Using connection ID 'user_api' for task execution.
[2023-07-23T01:00:59.605+0000] {http.py:148} INFO - Sending 'GET' to url: https://randomuser.me/api/
[2023-07-23T01:01:00.311+0000] {taskinstance.py:1406} INFO - Marking task as SUCCESS. dag_id=user_processing, task_id=extract_user, execution_date=20230722T000000, start_date=20230723T010059, end_date=20230723T010100
[2023-07-23T01:01:00.388+0000] {local_task_job.py:164} INFO - Task exited with return code 0
[2023-07-23T01:01:00.434+0000] {local_task_job.py:273} INFO - 1 downstream tasks scheduled from follow-on schedule check
